Using pre-set license
Built from '2021.3/staging' branch; Version is '2021.3.6f1 (7da38d85baf6) revision 8233869'; Using compiler version '192829333'; Build Type 'Release'
OS: 'Windows 10  (10.0.19043) 64bit Professional' Language: 'ko' Physical Memory: 48961 MB
BatchMode: 1, IsHumanControllingUs: 0, StartBugReporterOnCrash: 0, Is64bit: 1, IsPro: 1

COMMAND LINE ARGUMENTS:
C:\Program Files\Unity\Hub\Editor\2021.3.6f1\Editor\Unity.exe
-adb2
-batchMode
-noUpm
-name
AssetImportWorker15
-projectPath
C:/Users/ajffj/Desktop/CardWorld/GameProject
-logFile
Logs/AssetImportWorker15.log
-srvPort
9227
Successfully changed project path to: C:/Users/ajffj/Desktop/CardWorld/GameProject
C:/Users/ajffj/Desktop/CardWorld/GameProject
[UnityMemory] Configuration Parameters - Can be set up in boot.config
    "memorysetup-bucket-allocator-granularity=16"
    "memorysetup-bucket-allocator-bucket-count=8"
    "memorysetup-bucket-allocator-block-size=33554432"
    "memorysetup-bucket-allocator-block-count=8"
    "memorysetup-main-allocator-block-size=16777216"
    "memorysetup-thread-allocator-block-size=16777216"
    "memorysetup-gfx-main-allocator-block-size=16777216"
    "memorysetup-gfx-thread-allocator-block-size=16777216"
    "memorysetup-cache-allocator-block-size=4194304"
    "memorysetup-typetree-allocator-block-size=2097152"
    "memorysetup-profiler-bucket-allocator-granularity=16"
    "memorysetup-profiler-bucket-allocator-bucket-count=8"
    "memorysetup-profiler-bucket-allocator-block-size=33554432"
    "memorysetup-profiler-bucket-allocator-block-count=8"
    "memorysetup-profiler-allocator-block-size=16777216"
    "memorysetup-profiler-editor-allocator-block-size=1048576"
    "memorysetup-temp-allocator-size-main=16777216"
    "memorysetup-job-temp-allocator-block-size=2097152"
    "memorysetup-job-temp-allocator-block-size-background=1048576"
    "memorysetup-job-temp-allocator-reduction-small-platforms=262144"
    "memorysetup-temp-allocator-size-background-worker=32768"
    "memorysetup-temp-allocator-size-job-worker=262144"
    "memorysetup-temp-allocator-size-preload-manager=33554432"
    "memorysetup-temp-allocator-size-nav-mesh-worker=65536"
    "memorysetup-temp-allocator-size-audio-worker=65536"
    "memorysetup-temp-allocator-size-cloud-worker=32768"
    "memorysetup-temp-allocator-size-gi-baking-worker=262144"
    "memorysetup-temp-allocator-size-gfx=262144"
Refreshing native plugins compatible for Editor in 170.36 ms, found 4 plugins.
Preloading 0 native plugins for Editor in 0.00 ms.
Initialize engine version: 2021.3.6f1 (7da38d85baf6)
[Subsystems] Discovering subsystems at path C:/Program Files/Unity/Hub/Editor/2021.3.6f1/Editor/Data/Resources/UnitySubsystems
[Subsystems] Discovering subsystems at path C:/Users/ajffj/Desktop/CardWorld/GameProject/Assets
GfxDevice: creating device client; threaded=0; jobified=0
Direct3D:
    Version:  Direct3D 11.0 [level 11.1]
    Renderer: NVIDIA GeForce RTX 3070 (ID=0x2484)
    Vendor:   NVIDIA
    VRAM:     8043 MB
    Driver:   31.0.15.1748
Initialize mono
Mono path[0] = 'C:/Program Files/Unity/Hub/Editor/2021.3.6f1/Editor/Data/Managed'
Mono path[1] = 'C:/Program Files/Unity/Hub/Editor/2021.3.6f1/Editor/Data/MonoBleedingEdge/lib/mono/unityjit-win32'
Mono config path = 'C:/Program Files/Unity/Hub/Editor/2021.3.6f1/Editor/Data/MonoBleedingEdge/etc'
Using monoOptions --debugger-agent=transport=dt_socket,embedding=1,server=y,suspend=n,address=127.0.0.1:56108
Begin MonoManager ReloadAssembly
Registering precompiled unity dll's ...
Register platform support module: C:/Program Files/Unity/Hub/Editor/2021.3.6f1/Editor/Data/PlaybackEngines/WindowsStandaloneSupport/UnityEditor.WindowsStandalone.Extensions.dll
Registered in 0.019290 seconds.
Native extension for WindowsStandalone target not found
Refreshing native plugins compatible for Editor in 120.09 ms, found 4 plugins.
Preloading 0 native plugins for Editor in 0.00 ms.
Mono: successfully reloaded assembly
- Completed reload, in  0.889 seconds
Domain Reload Profiling:
	ReloadAssembly (890ms)
		BeginReloadAssembly (143ms)
			ExecutionOrderSort (0ms)
			DisableScriptedObjects (0ms)
			BackupInstance (0ms)
			ReleaseScriptingObjects (0ms)
			CreateAndSetChildDomain (1ms)
		EndReloadAssembly (563ms)
			LoadAssemblies (135ms)
			RebuildTransferFunctionScriptingTraits (0ms)
			SetupTypeCache (122ms)
			ReleaseScriptCaches (0ms)
			RebuildScriptCaches (33ms)
			SetupLoadedEditorAssemblies (341ms)
				LogAssemblyErrors (0ms)
				InitializePlatformSupportModulesInManaged (12ms)
				SetLoadedEditorAssemblies (1ms)
				RefreshPlugins (120ms)
				BeforeProcessingInitializeOnLoad (2ms)
				ProcessInitializeOnLoadAttributes (140ms)
				ProcessInitializeOnLoadMethodAttributes (66ms)
				AfterProcessingInitializeOnLoad (0ms)
				EditorAssembliesLoaded (0ms)
			ExecutionOrderSort2 (0ms)
			AwakeInstancesAfterBackupRestoration (0ms)
Platform modules already initialized, skipping
Registering precompiled user dll's ...
Registered in 0.017047 seconds.
Begin MonoManager ReloadAssembly
Symbol file LoadedFromMemory doesn't match image C:\Users\ajffj\Desktop\CardWorld\GameProject\Library\PackageCache\com.unity.visualscripting@1.7.8\Editor\VisualScripting.Core\Dependencies\YamlDotNet\Unity.VisualScripting.YamlDotNet.dll
Symbol file LoadedFromMemory doesn't match image C:\Users\ajffj\Desktop\CardWorld\GameProject\Library\PackageCache\com.unity.visualscripting@1.7.8\Editor\VisualScripting.Core\Dependencies\DotNetZip\Unity.VisualScripting.IonicZip.dll
Native extension for WindowsStandalone target not found
Refreshing native plugins compatible for Editor in 117.47 ms, found 4 plugins.
Preloading 0 native plugins for Editor in 0.00 ms.
Mono: successfully reloaded assembly
- Completed reload, in  1.467 seconds
Domain Reload Profiling:
	ReloadAssembly (1468ms)
		BeginReloadAssembly (142ms)
			ExecutionOrderSort (0ms)
			DisableScriptedObjects (7ms)
			BackupInstance (0ms)
			ReleaseScriptingObjects (0ms)
			CreateAndSetChildDomain (20ms)
		EndReloadAssembly (1171ms)
			LoadAssemblies (135ms)
			RebuildTransferFunctionScriptingTraits (0ms)
			SetupTypeCache (280ms)
			ReleaseScriptCaches (1ms)
			RebuildScriptCaches (67ms)
			SetupLoadedEditorAssemblies (627ms)
				LogAssemblyErrors (0ms)
				InitializePlatformSupportModulesInManaged (8ms)
				SetLoadedEditorAssemblies (0ms)
				RefreshPlugins (118ms)
				BeforeProcessingInitializeOnLoad (141ms)
				ProcessInitializeOnLoadAttributes (288ms)
				ProcessInitializeOnLoadMethodAttributes (53ms)
				AfterProcessingInitializeOnLoad (20ms)
				EditorAssembliesLoaded (0ms)
			ExecutionOrderSort2 (0ms)
			AwakeInstancesAfterBackupRestoration (18ms)
Platform modules already initialized, skipping
========================================================================
Worker process is ready to serve import requests
Launched and connected shader compiler UnityShaderCompiler.exe after 0.06 seconds
Refreshing native plugins compatible for Editor in 0.93 ms, found 4 plugins.
Preloading 0 native plugins for Editor in 0.00 ms.
Unloading 4115 Unused Serialized files (Serialized files now loaded: 0)
Unloading 44 unused Assets / (222.6 KB). Loaded Objects now: 4579.
Memory consumption went from 165.5 MB to 165.2 MB.
Total: 5.816700 ms (FindLiveObjects: 0.532800 ms CreateObjectMapping: 0.168600 ms MarkObjects: 4.906100 ms  DeleteObjects: 0.207800 ms)

AssetImportParameters requested are different than current active one (requested -> active):
  custom:video-decoder-ogg-theora: a1e56fd34408186e4bbccfd4996cb3dc -> 
  custom:container-muxer-webm: aa71ff27fc2769a1b78a27578f13a17b -> 
  custom:container-demuxer-webm: 4f35f7cbe854078d1ac9338744f61a02 -> 
  custom:video-encoder-webm-vp8: eb34c28f22e8b96e1ab97ce403110664 -> 
  custom:video-codec-MediaFoundation-h265: 746d11721c4dcdbdad8f713fa42b33f4 -> 
  custom:audio-encoder-webm-vorbis: bf7c407c2cedff20999df2af8eb42d56 -> 
  custom:framework-win-MediaFoundation: 216162199b28c13a410421893ffa2e32 -> 
  custom:container-demuxer-ogg: 62fdf1f143b41e24485cea50d1cbac27 -> 
  custom:video-decoder-webm-vp8: 9c59270c3fd7afecdb556c50c9e8de78 -> 
  custom:audio-decoder-ogg-vorbis: bf7c407c2cedff20999df2af8eb42d56 -> 
========================================================================
Received Import Request.
  Time since last request: 956462.753811 seconds.
  path: Assets/Prefab/Prefab/Banana.prefab
  artifactKey: Guid(ad65cc421b721954bbe142e39bf50e07) Importer(815301076,1909f56bfc062723c751e8b465ee728b)
Start importing Assets/Prefab/Prefab/Banana.prefab using Guid(ad65cc421b721954bbe142e39bf50e07) Importer(815301076,1909f56bfc062723c751e8b465ee728b)  -> (artifact id: '1c91b39c58b410c60a26d895abbee23b') in 0.157667 seconds 
========================================================================
Received Import Request.
  Time since last request: 5.379888 seconds.
  path: Assets/polyperfect/Low Poly Icon Pack/Images/_Icons/Food/icon_bread-round_LP.png
  artifactKey: Guid(d053b34f949a3a74ca00c5d1dea1ff27) Importer(815301076,1909f56bfc062723c751e8b465ee728b)
Start importing Assets/polyperfect/Low Poly Icon Pack/Images/_Icons/Food/icon_bread-round_LP.png using Guid(d053b34f949a3a74ca00c5d1dea1ff27) Importer(815301076,1909f56bfc062723c751e8b465ee728b)  -> (artifact id: '85ba98244613347b168268289c8eb059') in 0.247951 seconds 
========================================================================
Received Import Request.
  Time since last request: 0.000031 seconds.
  path: Assets/polyperfect/Low Poly Icon Pack/Images/_Icons/Food/icon_pizza-cheese-slice_LP.png
  artifactKey: Guid(4bade0b54d3eb164187c4044ded2f372) Importer(815301076,1909f56bfc062723c751e8b465ee728b)
Start importing Assets/polyperfect/Low Poly Icon Pack/Images/_Icons/Food/icon_pizza-cheese-slice_LP.png using Guid(4bade0b54d3eb164187c4044ded2f372) Importer(815301076,1909f56bfc062723c751e8b465ee728b)  -> (artifact id: '1991c43eecd3b5c06dedfa407bfa19f0') in 0.072598 seconds 
========================================================================
Received Import Request.
  Time since last request: 0.000037 seconds.
  path: Assets/polyperfect/Low Poly Icon Pack/Images/_Icons/Food/icon_pizza-mozzarella_LP.png
  artifactKey: Guid(bf3ce302516b56641945a667f1623979) Importer(815301076,1909f56bfc062723c751e8b465ee728b)
Start importing Assets/polyperfect/Low Poly Icon Pack/Images/_Icons/Food/icon_pizza-mozzarella_LP.png using Guid(bf3ce302516b56641945a667f1623979) Importer(815301076,1909f56bfc062723c751e8b465ee728b)  -> (artifact id: 'be7900a99d4ced23c73ca606c7e3eead') in 0.108674 seconds 
========================================================================
Received Import Request.
  Time since last request: 0.000032 seconds.
  path: Assets/polyperfect/Low Poly Icon Pack/Images/_Icons/Food/icon_cheese_LP.png
  artifactKey: Guid(145a5a7cf2447c446a4278816b79c309) Importer(815301076,1909f56bfc062723c751e8b465ee728b)
Start importing Assets/polyperfect/Low Poly Icon Pack/Images/_Icons/Food/icon_cheese_LP.png using Guid(145a5a7cf2447c446a4278816b79c309) Importer(815301076,1909f56bfc062723c751e8b465ee728b)  -> (artifact id: 'c1c1d3dab99c7e86cf3e470fbfb55407') in 0.100812 seconds 
========================================================================
Received Import Request.
  Time since last request: 4.878349 seconds.
  path: Assets/polyperfect/Low Poly Icon Pack/Images/_Icons/Money/icon_money-bag_LP.png
  artifactKey: Guid(9ec35c1516349db4eb306160e853dc09) Importer(815301076,1909f56bfc062723c751e8b465ee728b)
Start importing Assets/polyperfect/Low Poly Icon Pack/Images/_Icons/Money/icon_money-bag_LP.png using Guid(9ec35c1516349db4eb306160e853dc09) Importer(815301076,1909f56bfc062723c751e8b465ee728b)  -> (artifact id: '853254c506ed239dbbfb8420d6b3e64e') in 0.084113 seconds 
========================================================================
Received Import Request.
  Time since last request: 0.749155 seconds.
  path: Assets/polyperfect/Low Poly Icon Pack/Images/_Icons/Music/icon_bass-guitar_LP.png
  artifactKey: Guid(16f44aea722c7bf48810cb1e6e8507b8) Importer(815301076,1909f56bfc062723c751e8b465ee728b)
Start importing Assets/polyperfect/Low Poly Icon Pack/Images/_Icons/Music/icon_bass-guitar_LP.png using Guid(16f44aea722c7bf48810cb1e6e8507b8) Importer(815301076,1909f56bfc062723c751e8b465ee728b)  -> (artifact id: 'ded8e51fcbfab530130be845704cbaa9') in 0.080797 seconds 
========================================================================
Received Import Request.
  Time since last request: 0.000027 seconds.
  path: Assets/polyperfect/Low Poly Icon Pack/Images/_Icons/Music/icon_piano_LP.png
  artifactKey: Guid(fc5f54247c4ec4b4a88db78069e780c3) Importer(815301076,1909f56bfc062723c751e8b465ee728b)
Start importing Assets/polyperfect/Low Poly Icon Pack/Images/_Icons/Music/icon_piano_LP.png using Guid(fc5f54247c4ec4b4a88db78069e780c3) Importer(815301076,1909f56bfc062723c751e8b465ee728b)  -> (artifact id: '30e058e1ee0ee23a393d414c0b85a2ba') in 0.080975 seconds 
========================================================================
Received Import Request.
  Time since last request: 4.190229 seconds.
  path: Assets/polyperfect/Low Poly Icon Pack/Images/_Icons/Space/icon_asteroid_LP.png
  artifactKey: Guid(b14cf91a5f8aab44d88ff396c9963483) Importer(815301076,1909f56bfc062723c751e8b465ee728b)
Start importing Assets/polyperfect/Low Poly Icon Pack/Images/_Icons/Space/icon_asteroid_LP.png using Guid(b14cf91a5f8aab44d88ff396c9963483) Importer(815301076,1909f56bfc062723c751e8b465ee728b)  -> (artifact id: '7278a90be1f503c9261fe8a9f2e1fda7') in 0.079431 seconds 
========================================================================
Received Import Request.
  Time since last request: 0.584373 seconds.
  path: Assets/polyperfect/Low Poly Icon Pack/Images/_Icons/Scifi/icon_matter-manipulator_LP.png
  artifactKey: Guid(0f659fc2cc1e5f24abc0b528698f0ac2) Importer(815301076,1909f56bfc062723c751e8b465ee728b)
Start importing Assets/polyperfect/Low Poly Icon Pack/Images/_Icons/Scifi/icon_matter-manipulator_LP.png using Guid(0f659fc2cc1e5f24abc0b528698f0ac2) Importer(815301076,1909f56bfc062723c751e8b465ee728b)  -> (artifact id: '34a3a5ad5448b3898fefb88334ab2f48') in 0.096396 seconds 
========================================================================
Received Import Request.
  Time since last request: 0.000040 seconds.
  path: Assets/polyperfect/Low Poly Icon Pack/Images/_Icons/Scifi/icon_scifi-wall-corridor-stripe_LP.png
  artifactKey: Guid(1852ef6207dcddc4e98c9bd229386ff7) Importer(815301076,1909f56bfc062723c751e8b465ee728b)
Start importing Assets/polyperfect/Low Poly Icon Pack/Images/_Icons/Scifi/icon_scifi-wall-corridor-stripe_LP.png using Guid(1852ef6207dcddc4e98c9bd229386ff7) Importer(815301076,1909f56bfc062723c751e8b465ee728b)  -> (artifact id: '09039d7cca61c0eceb7038c78308c592') in 0.103180 seconds 
========================================================================
Received Import Request.
  Time since last request: 0.000043 seconds.
  path: Assets/polyperfect/Low Poly Icon Pack/Images/_Icons/Scifi/icon_scifi-wall-stripe_LP.png
  artifactKey: Guid(62599d0c275371f4f92f5e81aae75425) Importer(815301076,1909f56bfc062723c751e8b465ee728b)
Start importing Assets/polyperfect/Low Poly Icon Pack/Images/_Icons/Scifi/icon_scifi-wall-stripe_LP.png using Guid(62599d0c275371f4f92f5e81aae75425) Importer(815301076,1909f56bfc062723c751e8b465ee728b)  -> (artifact id: '66bccd797f30d33b4f1ded46fa9394d0') in 0.093302 seconds 
========================================================================
Received Import Request.
  Time since last request: 0.000026 seconds.
  path: Assets/polyperfect/Low Poly Icon Pack/Images/_Icons/Scifi/icon_scifi-printer-3D_LP.png
  artifactKey: Guid(4fb82a5b859890349a3c563f16c79be0) Importer(815301076,1909f56bfc062723c751e8b465ee728b)
Start importing Assets/polyperfect/Low Poly Icon Pack/Images/_Icons/Scifi/icon_scifi-printer-3D_LP.png using Guid(4fb82a5b859890349a3c563f16c79be0) Importer(815301076,1909f56bfc062723c751e8b465ee728b)  -> (artifact id: 'd6ba51f008d310654efc02ee0c46e130') in 0.076189 seconds 
========================================================================
Received Import Request.
  Time since last request: 2.938331 seconds.
  path: Assets/polyperfect/Low Poly Icon Pack/Images/_Icons/UI/icon_ui-arrow-down_LP.png
  artifactKey: Guid(91571edc36bb0e1419edba0d2b9e5d18) Importer(815301076,1909f56bfc062723c751e8b465ee728b)
Start importing Assets/polyperfect/Low Poly Icon Pack/Images/_Icons/UI/icon_ui-arrow-down_LP.png using Guid(91571edc36bb0e1419edba0d2b9e5d18) Importer(815301076,1909f56bfc062723c751e8b465ee728b)  -> (artifact id: '48a5ad22d3d0ff7408b69bb075509463') in 0.088631 seconds 
========================================================================
Received Import Request.
  Time since last request: 0.000033 seconds.
  path: Assets/polyperfect/Low Poly Icon Pack/Images/_Icons/UI/icon_ui-menu_LP.png
  artifactKey: Guid(a0b0d6382838e7845aa162ea737e701b) Importer(815301076,1909f56bfc062723c751e8b465ee728b)
Start importing Assets/polyperfect/Low Poly Icon Pack/Images/_Icons/UI/icon_ui-menu_LP.png using Guid(a0b0d6382838e7845aa162ea737e701b) Importer(815301076,1909f56bfc062723c751e8b465ee728b)  -> (artifact id: '30334ee9b250b174f7741c4cd4d96abf') in 0.086974 seconds 
========================================================================
Received Import Request.
  Time since last request: 0.000470 seconds.
  path: Assets/polyperfect/Low Poly Icon Pack/Images/_Icons/UI/icon_ui-checkmark_LP.png
  artifactKey: Guid(ed3668097989819469ce110f33ec19d6) Importer(815301076,1909f56bfc062723c751e8b465ee728b)
Start importing Assets/polyperfect/Low Poly Icon Pack/Images/_Icons/UI/icon_ui-checkmark_LP.png using Guid(ed3668097989819469ce110f33ec19d6) Importer(815301076,1909f56bfc062723c751e8b465ee728b)  -> (artifact id: 'ffda79471f354599a19ccb20b1bad48b') in 0.074865 seconds 
========================================================================
Received Import Request.
  Time since last request: 0.321709 seconds.
  path: Assets/polyperfect/Low Poly Icon Pack/Images/_Icons/Weapons/icon_ak-47_LP.png
  artifactKey: Guid(991eea5549b553245bc82b5398a82c08) Importer(815301076,1909f56bfc062723c751e8b465ee728b)
Start importing Assets/polyperfect/Low Poly Icon Pack/Images/_Icons/Weapons/icon_ak-47_LP.png using Guid(991eea5549b553245bc82b5398a82c08) Importer(815301076,1909f56bfc062723c751e8b465ee728b)  -> (artifact id: '6c632246c087014ba254729bd192b727') in 0.091846 seconds 
========================================================================
Received Import Request.
  Time since last request: 0.000028 seconds.
  path: Assets/polyperfect/Low Poly Icon Pack/Images/_Icons/Weapons/icon_sword_LP.png
  artifactKey: Guid(5427a82e6c71cea429089cf09f90a676) Importer(815301076,1909f56bfc062723c751e8b465ee728b)
Start importing Assets/polyperfect/Low Poly Icon Pack/Images/_Icons/Weapons/icon_sword_LP.png using Guid(5427a82e6c71cea429089cf09f90a676) Importer(815301076,1909f56bfc062723c751e8b465ee728b)  -> (artifact id: '87f7f94b07accbe65eabb2856a5d7b29') in 0.078105 seconds 
========================================================================
Received Import Request.
  Time since last request: 0.000043 seconds.
  path: Assets/polyperfect/Low Poly Icon Pack/Images/_Icons/Weapons/icon_thompson_LP.png
  artifactKey: Guid(59e904fc8e10d174481c0e37b9958e38) Importer(815301076,1909f56bfc062723c751e8b465ee728b)
Start importing Assets/polyperfect/Low Poly Icon Pack/Images/_Icons/Weapons/icon_thompson_LP.png using Guid(59e904fc8e10d174481c0e37b9958e38) Importer(815301076,1909f56bfc062723c751e8b465ee728b)  -> (artifact id: '3a388545d5944b5427476163c14cef57') in 0.095780 seconds 
========================================================================
Received Import Request.
  Time since last request: 0.000025 seconds.
  path: Assets/polyperfect/Low Poly Icon Pack/Images/_Icons/Weapons/icon_pistol-bullets_LP.png
  artifactKey: Guid(4c9f0091e0f67224d876b39c4a38ebc9) Importer(815301076,1909f56bfc062723c751e8b465ee728b)
Start importing Assets/polyperfect/Low Poly Icon Pack/Images/_Icons/Weapons/icon_pistol-bullets_LP.png using Guid(4c9f0091e0f67224d876b39c4a38ebc9) Importer(815301076,1909f56bfc062723c751e8b465ee728b)  -> (artifact id: '5c876dbfc063cae06c3824c901c4422c') in 0.090749 seconds 
========================================================================
Received Import Request.
  Time since last request: 1.454061 seconds.
  path: Assets/polyperfect/Low Poly Icon Pack/Images/_Special/icon-shadow.png
  artifactKey: Guid(8ab0d92587067694d814aab21a61d3b8) Importer(815301076,1909f56bfc062723c751e8b465ee728b)
Start importing Assets/polyperfect/Low Poly Icon Pack/Images/_Special/icon-shadow.png using Guid(8ab0d92587067694d814aab21a61d3b8) Importer(815301076,1909f56bfc062723c751e8b465ee728b)  -> (artifact id: '1e0c65f6fd9f6a7c4d790bd89a2a875c') in 0.194004 seconds 
========================================================================
Received Import Request.
  Time since last request: 182.749475 seconds.
  path: Assets/Prefab/Prefab/BananaTree.prefab
  artifactKey: Guid(bcc1ddfe1177875469aab586280ba79c) Importer(815301076,1909f56bfc062723c751e8b465ee728b)
Start importing Assets/Prefab/Prefab/BananaTree.prefab using Guid(bcc1ddfe1177875469aab586280ba79c) Importer(815301076,1909f56bfc062723c751e8b465ee728b)  -> (artifact id: 'b15b3ec67d47770096c5a015ab1ada04') in 0.022340 seconds 
========================================================================
Received Prepare
Registering precompiled user dll's ...
Registered in 0.014819 seconds.
Begin MonoManager ReloadAssembly
Symbol file LoadedFromMemory doesn't match image C:\Users\ajffj\Desktop\CardWorld\GameProject\Library\PackageCache\com.unity.visualscripting@1.7.8\Editor\VisualScripting.Core\Dependencies\YamlDotNet\Unity.VisualScripting.YamlDotNet.dll
Symbol file LoadedFromMemory doesn't match image C:\Users\ajffj\Desktop\CardWorld\GameProject\Library\PackageCache\com.unity.visualscripting@1.7.8\Editor\VisualScripting.Core\Dependencies\DotNetZip\Unity.VisualScripting.IonicZip.dll
Native extension for WindowsStandalone target not found
Refreshing native plugins compatible for Editor in 1.05 ms, found 4 plugins.
Preloading 0 native plugins for Editor in 0.00 ms.
Mono: successfully reloaded assembly
- Completed reload, in  1.348 seconds
Domain Reload Profiling:
	ReloadAssembly (1349ms)
		BeginReloadAssembly (180ms)
			ExecutionOrderSort (0ms)
			DisableScriptedObjects (8ms)
			BackupInstance (0ms)
			ReleaseScriptingObjects (0ms)
			CreateAndSetChildDomain (42ms)
		EndReloadAssembly (1026ms)
			LoadAssemblies (149ms)
			RebuildTransferFunctionScriptingTraits (0ms)
			SetupTypeCache (285ms)
			ReleaseScriptCaches (2ms)
			RebuildScriptCaches (59ms)
			SetupLoadedEditorAssemblies (467ms)
				LogAssemblyErrors (0ms)
				InitializePlatformSupportModulesInManaged (20ms)
				SetLoadedEditorAssemblies (1ms)
				RefreshPlugins (1ms)
				BeforeProcessingInitializeOnLoad (122ms)
				ProcessInitializeOnLoadAttributes (254ms)
				ProcessInitializeOnLoadMethodAttributes (50ms)
				AfterProcessingInitializeOnLoad (19ms)
				EditorAssembliesLoaded (0ms)
			ExecutionOrderSort2 (0ms)
			AwakeInstancesAfterBackupRestoration (24ms)
Platform modules already initialized, skipping
Refreshing native plugins compatible for Editor in 4.16 ms, found 4 plugins.
Preloading 0 native plugins for Editor in 0.00 ms.
Unloading 4097 Unused Serialized files (Serialized files now loaded: 0)
Unloading 31 unused Assets / (189.9 KB). Loaded Objects now: 4596.
Memory consumption went from 168.6 MB to 168.4 MB.
Total: 3.806800 ms (FindLiveObjects: 0.627800 ms CreateObjectMapping: 0.196200 ms MarkObjects: 2.820500 ms  DeleteObjects: 0.160800 ms)

AssetImportParameters requested are different than current active one (requested -> active):
  custom:video-decoder-ogg-theora: a1e56fd34408186e4bbccfd4996cb3dc -> 
  custom:container-muxer-webm: aa71ff27fc2769a1b78a27578f13a17b -> 
  custom:container-demuxer-webm: 4f35f7cbe854078d1ac9338744f61a02 -> 
  custom:video-encoder-webm-vp8: eb34c28f22e8b96e1ab97ce403110664 -> 
  custom:video-codec-MediaFoundation-h265: 746d11721c4dcdbdad8f713fa42b33f4 -> 
  custom:audio-encoder-webm-vorbis: bf7c407c2cedff20999df2af8eb42d56 -> 
  custom:framework-win-MediaFoundation: 216162199b28c13a410421893ffa2e32 -> 
  custom:container-demuxer-ogg: 62fdf1f143b41e24485cea50d1cbac27 -> 
  custom:video-decoder-webm-vp8: 9c59270c3fd7afecdb556c50c9e8de78 -> 
  custom:audio-decoder-ogg-vorbis: bf7c407c2cedff20999df2af8eb42d56 -> 
========================================================================
Received Import Request.
  Time since last request: 25.960913 seconds.
  path: Assets/Prefab/Prefab/Banana.prefab
  artifactKey: Guid(ad65cc421b721954bbe142e39bf50e07) Importer(815301076,1909f56bfc062723c751e8b465ee728b)
Start importing Assets/Prefab/Prefab/Banana.prefab using Guid(ad65cc421b721954bbe142e39bf50e07) Importer(815301076,1909f56bfc062723c751e8b465ee728b)  -> (artifact id: '5f33680e22e3a4859d15c84ea5890548') in 0.085782 seconds 
========================================================================
Received Import Request.
  Time since last request: 14.973912 seconds.
  path: Assets/Prefab/Prefab/Player.prefab
  artifactKey: Guid(56efe3c0348f5484e97a59757c08a75d) Importer(815301076,1909f56bfc062723c751e8b465ee728b)
Start importing Assets/Prefab/Prefab/Player.prefab using Guid(56efe3c0348f5484e97a59757c08a75d) Importer(815301076,1909f56bfc062723c751e8b465ee728b)  -> (artifact id: 'bce6c2a27cbac702b8074cbe21041a9e') in 0.019449 seconds 
========================================================================
Received Import Request.
  Time since last request: 17.322545 seconds.
  path: Assets/Prefab/Prefab/Player.prefab
  artifactKey: Guid(56efe3c0348f5484e97a59757c08a75d) Importer(815301076,1909f56bfc062723c751e8b465ee728b)
Start importing Assets/Prefab/Prefab/Player.prefab using Guid(56efe3c0348f5484e97a59757c08a75d) Importer(815301076,1909f56bfc062723c751e8b465ee728b)  -> (artifact id: '92e7a9b44f8b433c32846a65464f83d3') in 0.017873 seconds 
========================================================================
Received Import Request.
  Time since last request: 6.665187 seconds.
  path: Assets/Prefab/Prefab/Player.prefab
  artifactKey: Guid(56efe3c0348f5484e97a59757c08a75d) Importer(815301076,1909f56bfc062723c751e8b465ee728b)
Start importing Assets/Prefab/Prefab/Player.prefab using Guid(56efe3c0348f5484e97a59757c08a75d) Importer(815301076,1909f56bfc062723c751e8b465ee728b)  -> (artifact id: '036bff259620b0ee30b948d6aa0e3318') in 0.016501 seconds 
========================================================================
Received Import Request.
  Time since last request: 10.673007 seconds.
  path: Assets/Prefab/Prefab/Player.prefab
  artifactKey: Guid(56efe3c0348f5484e97a59757c08a75d) Importer(815301076,1909f56bfc062723c751e8b465ee728b)
Start importing Assets/Prefab/Prefab/Player.prefab using Guid(56efe3c0348f5484e97a59757c08a75d) Importer(815301076,1909f56bfc062723c751e8b465ee728b)  -> (artifact id: 'f0f45d3f7c04410c9266beba90416918') in 0.017573 seconds 
========================================================================
Received Import Request.
  Time since last request: 20.416043 seconds.
  path: Assets/Prefab/Prefab/Player.prefab
  artifactKey: Guid(56efe3c0348f5484e97a59757c08a75d) Importer(815301076,1909f56bfc062723c751e8b465ee728b)
Start importing Assets/Prefab/Prefab/Player.prefab using Guid(56efe3c0348f5484e97a59757c08a75d) Importer(815301076,1909f56bfc062723c751e8b465ee728b)  -> (artifact id: '77e983c9ff45ea45826c2637b26e5d0c') in 0.019601 seconds 
========================================================================
Received Import Request.
  Time since last request: 9.853090 seconds.
  path: Assets/Prefab/Prefab/Player.prefab
  artifactKey: Guid(56efe3c0348f5484e97a59757c08a75d) Importer(815301076,1909f56bfc062723c751e8b465ee728b)
Start importing Assets/Prefab/Prefab/Player.prefab using Guid(56efe3c0348f5484e97a59757c08a75d) Importer(815301076,1909f56bfc062723c751e8b465ee728b)  -> (artifact id: '6cf9d7a33048bbc00fcbcb07a696daf8') in 0.018533 seconds 
========================================================================
Received Import Request.
  Time since last request: 18.369253 seconds.
  path: Assets/Prefab/Prefab/Player.prefab
  artifactKey: Guid(56efe3c0348f5484e97a59757c08a75d) Importer(815301076,1909f56bfc062723c751e8b465ee728b)
Start importing Assets/Prefab/Prefab/Player.prefab using Guid(56efe3c0348f5484e97a59757c08a75d) Importer(815301076,1909f56bfc062723c751e8b465ee728b)  -> (artifact id: '458743f40b0a9c276fbe7514a44739b5') in 0.018481 seconds 
========================================================================
Received Import Request.
  Time since last request: 37.739165 seconds.
  path: Assets/Prefab/Prefab/BananaTree.prefab
  artifactKey: Guid(bcc1ddfe1177875469aab586280ba79c) Importer(815301076,1909f56bfc062723c751e8b465ee728b)
Start importing Assets/Prefab/Prefab/BananaTree.prefab using Guid(bcc1ddfe1177875469aab586280ba79c) Importer(815301076,1909f56bfc062723c751e8b465ee728b)  -> (artifact id: 'e7d95e8fe2c33ed37e7797ed4c3360a6') in 0.017743 seconds 
========================================================================
Received Import Request.
  Time since last request: 12.080295 seconds.
  path: Assets/Prefab/Prefab/BananaTree.prefab
  artifactKey: Guid(bcc1ddfe1177875469aab586280ba79c) Importer(815301076,1909f56bfc062723c751e8b465ee728b)
Start importing Assets/Prefab/Prefab/BananaTree.prefab using Guid(bcc1ddfe1177875469aab586280ba79c) Importer(815301076,1909f56bfc062723c751e8b465ee728b)  -> (artifact id: '57a3209789ef6cbc23b9957882f94e28') in 0.019768 seconds 
========================================================================
Received Import Request.
  Time since last request: 5.445006 seconds.
  path: Assets/Prefab/Prefab/BananaTree.prefab
  artifactKey: Guid(bcc1ddfe1177875469aab586280ba79c) Importer(815301076,1909f56bfc062723c751e8b465ee728b)
Start importing Assets/Prefab/Prefab/BananaTree.prefab using Guid(bcc1ddfe1177875469aab586280ba79c) Importer(815301076,1909f56bfc062723c751e8b465ee728b)  -> (artifact id: '82a522e1fa1a915aa7ccf50256c23459') in 0.018370 seconds 
========================================================================
Received Import Request.
  Time since last request: 4.013344 seconds.
  path: Assets/Prefab/Prefab/BananaTree.prefab
  artifactKey: Guid(bcc1ddfe1177875469aab586280ba79c) Importer(815301076,1909f56bfc062723c751e8b465ee728b)
Start importing Assets/Prefab/Prefab/BananaTree.prefab using Guid(bcc1ddfe1177875469aab586280ba79c) Importer(815301076,1909f56bfc062723c751e8b465ee728b)  -> (artifact id: '4ce0f0172db664bd1c3e37ac99ae98df') in 0.019498 seconds 
========================================================================
Received Import Request.
  Time since last request: 32.515732 seconds.
  path: Assets/Prefab/Prefab/Banana.prefab
  artifactKey: Guid(ad65cc421b721954bbe142e39bf50e07) Importer(815301076,1909f56bfc062723c751e8b465ee728b)
Start importing Assets/Prefab/Prefab/Banana.prefab using Guid(ad65cc421b721954bbe142e39bf50e07) Importer(815301076,1909f56bfc062723c751e8b465ee728b)  -> (artifact id: '891a9ff2c85e7aab36b09191d0a81ab4') in 0.018409 seconds 
========================================================================
Received Import Request.
  Time since last request: 8.652661 seconds.
  path: Assets/Prefab/Prefab/Banana.prefab
  artifactKey: Guid(ad65cc421b721954bbe142e39bf50e07) Importer(815301076,1909f56bfc062723c751e8b465ee728b)
Start importing Assets/Prefab/Prefab/Banana.prefab using Guid(ad65cc421b721954bbe142e39bf50e07) Importer(815301076,1909f56bfc062723c751e8b465ee728b)  -> (artifact id: '5ff759e2fa543ae2e741c23131a2e33f') in 0.017274 seconds 
========================================================================
Received Import Request.
  Time since last request: 15.249978 seconds.
  path: Assets/Prefab/Prefab/Banana.prefab
  artifactKey: Guid(ad65cc421b721954bbe142e39bf50e07) Importer(815301076,1909f56bfc062723c751e8b465ee728b)
Start importing Assets/Prefab/Prefab/Banana.prefab using Guid(ad65cc421b721954bbe142e39bf50e07) Importer(815301076,1909f56bfc062723c751e8b465ee728b)  -> (artifact id: '87931f4228474c97d3d2671a7388818b') in 0.016544 seconds 
========================================================================
Received Import Request.
  Time since last request: 15.893038 seconds.
  path: Assets/Prefab/Prefab/Banana.prefab
  artifactKey: Guid(ad65cc421b721954bbe142e39bf50e07) Importer(815301076,1909f56bfc062723c751e8b465ee728b)
Start importing Assets/Prefab/Prefab/Banana.prefab using Guid(ad65cc421b721954bbe142e39bf50e07) Importer(815301076,1909f56bfc062723c751e8b465ee728b)  -> (artifact id: 'f2975b0f21468807eb090856b119ae60') in 0.018550 seconds 
========================================================================
Received Import Request.
  Time since last request: 7.465976 seconds.
  path: Assets/Prefab/Prefab/Banana.prefab
  artifactKey: Guid(ad65cc421b721954bbe142e39bf50e07) Importer(815301076,1909f56bfc062723c751e8b465ee728b)
Start importing Assets/Prefab/Prefab/Banana.prefab using Guid(ad65cc421b721954bbe142e39bf50e07) Importer(815301076,1909f56bfc062723c751e8b465ee728b)  -> (artifact id: 'b9d5b03a2c697a506f5c6e778d42f2f5') in 0.017707 seconds 
========================================================================
Received Import Request.
  Time since last request: 17.174398 seconds.
  path: Assets/Prefab/Prefab/Banana.prefab
  artifactKey: Guid(ad65cc421b721954bbe142e39bf50e07) Importer(815301076,1909f56bfc062723c751e8b465ee728b)
Start importing Assets/Prefab/Prefab/Banana.prefab using Guid(ad65cc421b721954bbe142e39bf50e07) Importer(815301076,1909f56bfc062723c751e8b465ee728b)  -> (artifact id: 'a3ffce9397217b3263a031574d3ad8c7') in 0.018162 seconds 
========================================================================
Received Import Request.
  Time since last request: 16.068778 seconds.
  path: Assets/Prefab/Prefab/Banana.prefab
  artifactKey: Guid(ad65cc421b721954bbe142e39bf50e07) Importer(815301076,1909f56bfc062723c751e8b465ee728b)
Start importing Assets/Prefab/Prefab/Banana.prefab using Guid(ad65cc421b721954bbe142e39bf50e07) Importer(815301076,1909f56bfc062723c751e8b465ee728b)  -> (artifact id: '07e5762fb726bbe430facaa21e7b7a42') in 0.016588 seconds 
========================================================================
Received Import Request.
  Time since last request: 1.448926 seconds.
  path: Assets/Prefab/Prefab/Banana.prefab
  artifactKey: Guid(ad65cc421b721954bbe142e39bf50e07) Importer(815301076,1909f56bfc062723c751e8b465ee728b)
Start importing Assets/Prefab/Prefab/Banana.prefab using Guid(ad65cc421b721954bbe142e39bf50e07) Importer(815301076,1909f56bfc062723c751e8b465ee728b)  -> (artifact id: 'f5c52d10e3c398f0bb944ccfef82f324') in 0.018506 seconds 
========================================================================
Received Import Request.
  Time since last request: 2.479892 seconds.
  path: Assets/Prefab/Prefab/Banana.prefab
  artifactKey: Guid(ad65cc421b721954bbe142e39bf50e07) Importer(815301076,1909f56bfc062723c751e8b465ee728b)
Start importing Assets/Prefab/Prefab/Banana.prefab using Guid(ad65cc421b721954bbe142e39bf50e07) Importer(815301076,1909f56bfc062723c751e8b465ee728b)  -> (artifact id: '5e81e6b633d7e9328e186f9e60c9f815') in 0.021760 seconds 
========================================================================
Received Import Request.
  Time since last request: 14.559503 seconds.
  path: Assets/Prefab/Prefab/Banana.prefab
  artifactKey: Guid(ad65cc421b721954bbe142e39bf50e07) Importer(815301076,1909f56bfc062723c751e8b465ee728b)
Start importing Assets/Prefab/Prefab/Banana.prefab using Guid(ad65cc421b721954bbe142e39bf50e07) Importer(815301076,1909f56bfc062723c751e8b465ee728b)  -> (artifact id: '6c96bba09cdb19d92b850e4a34afd164') in 0.018283 seconds 
========================================================================
Received Import Request.
  Time since last request: 2.607553 seconds.
  path: Assets/Prefab/Prefab/Banana.prefab
  artifactKey: Guid(ad65cc421b721954bbe142e39bf50e07) Importer(815301076,1909f56bfc062723c751e8b465ee728b)
Start importing Assets/Prefab/Prefab/Banana.prefab using Guid(ad65cc421b721954bbe142e39bf50e07) Importer(815301076,1909f56bfc062723c751e8b465ee728b)  -> (artifact id: '4418e6c6b43934c1a47710c3f0d9b2a9') in 0.017522 seconds 
========================================================================
Received Import Request.
  Time since last request: 10.829560 seconds.
  path: Assets/Prefab/Prefab/Banana.prefab
  artifactKey: Guid(ad65cc421b721954bbe142e39bf50e07) Importer(815301076,1909f56bfc062723c751e8b465ee728b)
Start importing Assets/Prefab/Prefab/Banana.prefab using Guid(ad65cc421b721954bbe142e39bf50e07) Importer(815301076,1909f56bfc062723c751e8b465ee728b)  -> (artifact id: '36087a141f51116330b5eda5d73ed1d0') in 0.017889 seconds 
========================================================================
Received Import Request.
  Time since last request: 1.449891 seconds.
  path: Assets/Prefab/Prefab/Banana.prefab
  artifactKey: Guid(ad65cc421b721954bbe142e39bf50e07) Importer(815301076,1909f56bfc062723c751e8b465ee728b)
Start importing Assets/Prefab/Prefab/Banana.prefab using Guid(ad65cc421b721954bbe142e39bf50e07) Importer(815301076,1909f56bfc062723c751e8b465ee728b)  -> (artifact id: '4e8180f4862403fbc495d5f09be75f02') in 0.015608 seconds 
========================================================================
Received Import Request.
  Time since last request: 27.571831 seconds.
  path: Assets/Prefab/Prefab/Banana.prefab
  artifactKey: Guid(ad65cc421b721954bbe142e39bf50e07) Importer(815301076,1909f56bfc062723c751e8b465ee728b)
Start importing Assets/Prefab/Prefab/Banana.prefab using Guid(ad65cc421b721954bbe142e39bf50e07) Importer(815301076,1909f56bfc062723c751e8b465ee728b)  -> (artifact id: '22e6271b3cc8549d505f8ed98db347d3') in 0.018665 seconds 
========================================================================
Received Import Request.
  Time since last request: 0.765774 seconds.
  path: Assets/Prefab/Prefab/Banana.prefab
  artifactKey: Guid(ad65cc421b721954bbe142e39bf50e07) Importer(815301076,1909f56bfc062723c751e8b465ee728b)
Start importing Assets/Prefab/Prefab/Banana.prefab using Guid(ad65cc421b721954bbe142e39bf50e07) Importer(815301076,1909f56bfc062723c751e8b465ee728b)  -> (artifact id: 'fc55951befe44bdaf7ce7d6276024268') in 0.018588 seconds 
========================================================================
Received Import Request.
  Time since last request: 6.850886 seconds.
  path: Assets/Prefab/Prefab/Banana.prefab
  artifactKey: Guid(ad65cc421b721954bbe142e39bf50e07) Importer(815301076,1909f56bfc062723c751e8b465ee728b)
Start importing Assets/Prefab/Prefab/Banana.prefab using Guid(ad65cc421b721954bbe142e39bf50e07) Importer(815301076,1909f56bfc062723c751e8b465ee728b)  -> (artifact id: '21c9f6184a22c2b189e1fa867cacb6cc') in 0.017478 seconds 
========================================================================
Received Import Request.
  Time since last request: 34.900151 seconds.
  path: Assets/Prefab/Prefab/BananaTree.prefab
  artifactKey: Guid(bcc1ddfe1177875469aab586280ba79c) Importer(815301076,1909f56bfc062723c751e8b465ee728b)
Start importing Assets/Prefab/Prefab/BananaTree.prefab using Guid(bcc1ddfe1177875469aab586280ba79c) Importer(815301076,1909f56bfc062723c751e8b465ee728b)  -> (artifact id: '22c0eb28260baea836eee08880e48ade') in 0.019294 seconds 
========================================================================
Received Import Request.
  Time since last request: 1.567792 seconds.
  path: Assets/Prefab/Prefab/BananaTree.prefab
  artifactKey: Guid(bcc1ddfe1177875469aab586280ba79c) Importer(815301076,1909f56bfc062723c751e8b465ee728b)
Start importing Assets/Prefab/Prefab/BananaTree.prefab using Guid(bcc1ddfe1177875469aab586280ba79c) Importer(815301076,1909f56bfc062723c751e8b465ee728b)  -> (artifact id: 'c9fa528c1e1f62a8ef713b1150a928a5') in 0.017420 seconds 
========================================================================
Received Import Request.
  Time since last request: 1.596224 seconds.
  path: Assets/Prefab/Prefab/BananaTree.prefab
  artifactKey: Guid(bcc1ddfe1177875469aab586280ba79c) Importer(815301076,1909f56bfc062723c751e8b465ee728b)
Start importing Assets/Prefab/Prefab/BananaTree.prefab using Guid(bcc1ddfe1177875469aab586280ba79c) Importer(815301076,1909f56bfc062723c751e8b465ee728b)  -> (artifact id: '5c640440350c25e776458f777fd6ab6b') in 0.019358 seconds 
========================================================================
Received Import Request.
  Time since last request: 3.825432 seconds.
  path: Assets/Prefab/Prefab/BananaTree.prefab
  artifactKey: Guid(bcc1ddfe1177875469aab586280ba79c) Importer(815301076,1909f56bfc062723c751e8b465ee728b)
Start importing Assets/Prefab/Prefab/BananaTree.prefab using Guid(bcc1ddfe1177875469aab586280ba79c) Importer(815301076,1909f56bfc062723c751e8b465ee728b)  -> (artifact id: 'f924267d19bd94b55328b1cb94ccc8f3') in 0.020372 seconds 
========================================================================
Received Import Request.
  Time since last request: 1.794760 seconds.
  path: Assets/Prefab/Prefab/BananaTree.prefab
  artifactKey: Guid(bcc1ddfe1177875469aab586280ba79c) Importer(815301076,1909f56bfc062723c751e8b465ee728b)
Start importing Assets/Prefab/Prefab/BananaTree.prefab using Guid(bcc1ddfe1177875469aab586280ba79c) Importer(815301076,1909f56bfc062723c751e8b465ee728b)  -> (artifact id: 'cce287462eef87ec911149b025c68c3f') in 0.019929 seconds 
========================================================================
Received Import Request.
  Time since last request: 2.196152 seconds.
  path: Assets/Prefab/Prefab/BananaTree.prefab
  artifactKey: Guid(bcc1ddfe1177875469aab586280ba79c) Importer(815301076,1909f56bfc062723c751e8b465ee728b)
Start importing Assets/Prefab/Prefab/BananaTree.prefab using Guid(bcc1ddfe1177875469aab586280ba79c) Importer(815301076,1909f56bfc062723c751e8b465ee728b)  -> (artifact id: 'd368833c2325f4c887589fc45e2bf509') in 0.019251 seconds 
========================================================================
Received Import Request.
  Time since last request: 1.592550 seconds.
  path: Assets/Prefab/Prefab/BananaTree.prefab
  artifactKey: Guid(bcc1ddfe1177875469aab586280ba79c) Importer(815301076,1909f56bfc062723c751e8b465ee728b)
Start importing Assets/Prefab/Prefab/BananaTree.prefab using Guid(bcc1ddfe1177875469aab586280ba79c) Importer(815301076,1909f56bfc062723c751e8b465ee728b)  -> (artifact id: '16d36cda3beab569f1079d425da7213e') in 0.017030 seconds 
========================================================================
Received Import Request.
  Time since last request: 7.222298 seconds.
  path: Assets/Prefab/Prefab/Banana.prefab
  artifactKey: Guid(ad65cc421b721954bbe142e39bf50e07) Importer(815301076,1909f56bfc062723c751e8b465ee728b)
Start importing Assets/Prefab/Prefab/Banana.prefab using Guid(ad65cc421b721954bbe142e39bf50e07) Importer(815301076,1909f56bfc062723c751e8b465ee728b)  -> (artifact id: 'c088e0d7562525d7dad79ebe28222970') in 0.015730 seconds 
========================================================================
Received Import Request.
  Time since last request: 1.206163 seconds.
  path: Assets/Prefab/Prefab/Banana.prefab
  artifactKey: Guid(ad65cc421b721954bbe142e39bf50e07) Importer(815301076,1909f56bfc062723c751e8b465ee728b)
Start importing Assets/Prefab/Prefab/Banana.prefab using Guid(ad65cc421b721954bbe142e39bf50e07) Importer(815301076,1909f56bfc062723c751e8b465ee728b)  -> (artifact id: 'adc4013e7ec6b12ada472e978a7d8fd4') in 0.016367 seconds 
========================================================================
Received Import Request.
  Time since last request: 10.895948 seconds.
  path: Assets/Prefab/Prefab/Player.prefab
  artifactKey: Guid(56efe3c0348f5484e97a59757c08a75d) Importer(815301076,1909f56bfc062723c751e8b465ee728b)
Start importing Assets/Prefab/Prefab/Player.prefab using Guid(56efe3c0348f5484e97a59757c08a75d) Importer(815301076,1909f56bfc062723c751e8b465ee728b)  -> (artifact id: 'b8e92eee6a194bc938ee5ad8e2e75299') in 0.018101 seconds 
========================================================================
Received Import Request.
  Time since last request: 0.584746 seconds.
  path: Assets/Prefab/Prefab/Player.prefab
  artifactKey: Guid(56efe3c0348f5484e97a59757c08a75d) Importer(815301076,1909f56bfc062723c751e8b465ee728b)
Start importing Assets/Prefab/Prefab/Player.prefab using Guid(56efe3c0348f5484e97a59757c08a75d) Importer(815301076,1909f56bfc062723c751e8b465ee728b)  -> (artifact id: 'd8389376894fad99d2d9c629e30d72f3') in 0.015834 seconds 
========================================================================
Received Import Request.
  Time since last request: 9.277519 seconds.
  path: Assets/Prefab/Prefab/Rock.prefab
  artifactKey: Guid(9c295f9a9c8e8dc4cb51766a7742547d) Importer(815301076,1909f56bfc062723c751e8b465ee728b)
Start importing Assets/Prefab/Prefab/Rock.prefab using Guid(9c295f9a9c8e8dc4cb51766a7742547d) Importer(815301076,1909f56bfc062723c751e8b465ee728b)  -> (artifact id: '910db7d51db3a300e30d4354076ad65f') in 0.018999 seconds 
========================================================================
Received Import Request.
  Time since last request: 5.601869 seconds.
  path: Assets/Prefab/Prefab/Stone.prefab
  artifactKey: Guid(c9897b3da5ffcb1489d59c37cc58c638) Importer(815301076,1909f56bfc062723c751e8b465ee728b)
Start importing Assets/Prefab/Prefab/Stone.prefab using Guid(c9897b3da5ffcb1489d59c37cc58c638) Importer(815301076,1909f56bfc062723c751e8b465ee728b)  -> (artifact id: 'a7b799a0c0dfca421e533ec58516d1a4') in 0.018138 seconds 
========================================================================
Received Import Request.
  Time since last request: 1.994450 seconds.
  path: Assets/Prefab/Prefab/Stone.prefab
  artifactKey: Guid(c9897b3da5ffcb1489d59c37cc58c638) Importer(815301076,1909f56bfc062723c751e8b465ee728b)
Start importing Assets/Prefab/Prefab/Stone.prefab using Guid(c9897b3da5ffcb1489d59c37cc58c638) Importer(815301076,1909f56bfc062723c751e8b465ee728b)  -> (artifact id: '7bc44b99dd6639770b7ca7a7bc65d20d') in 0.018974 seconds 
========================================================================
Received Import Request.
  Time since last request: 5.042752 seconds.
  path: Assets/Prefab/Prefab/Tree.prefab
  artifactKey: Guid(ea597eebc28a4e5488438ed56cc0d945) Importer(815301076,1909f56bfc062723c751e8b465ee728b)
Start importing Assets/Prefab/Prefab/Tree.prefab using Guid(ea597eebc28a4e5488438ed56cc0d945) Importer(815301076,1909f56bfc062723c751e8b465ee728b)  -> (artifact id: '8cf30322c92b86cea3a5434645f848a2') in 0.018698 seconds 
========================================================================
Received Import Request.
  Time since last request: 0.764406 seconds.
  path: Assets/Prefab/Prefab/Tree.prefab
  artifactKey: Guid(ea597eebc28a4e5488438ed56cc0d945) Importer(815301076,1909f56bfc062723c751e8b465ee728b)
Start importing Assets/Prefab/Prefab/Tree.prefab using Guid(ea597eebc28a4e5488438ed56cc0d945) Importer(815301076,1909f56bfc062723c751e8b465ee728b)  -> (artifact id: '0ff6625bf34a18b34ac0b50dd05d0aa1') in 0.016030 seconds 
========================================================================
Received Import Request.
  Time since last request: 5.830273 seconds.
  path: Assets/Prefab/Prefab/Wood 4.prefab
  artifactKey: Guid(49f5c7f7c8e3234418a9d50b2c5e467b) Importer(815301076,1909f56bfc062723c751e8b465ee728b)
Start importing Assets/Prefab/Prefab/Wood 4.prefab using Guid(49f5c7f7c8e3234418a9d50b2c5e467b) Importer(815301076,1909f56bfc062723c751e8b465ee728b)  -> (artifact id: 'cbf8b2882b84bbabd0b9d7626ca67173') in 0.018674 seconds 
========================================================================
Received Import Request.
  Time since last request: 1.790537 seconds.
  path: Assets/Prefab/Prefab/Wood 4.prefab
  artifactKey: Guid(49f5c7f7c8e3234418a9d50b2c5e467b) Importer(815301076,1909f56bfc062723c751e8b465ee728b)
Start importing Assets/Prefab/Prefab/Wood 4.prefab using Guid(49f5c7f7c8e3234418a9d50b2c5e467b) Importer(815301076,1909f56bfc062723c751e8b465ee728b)  -> (artifact id: '65d369340a1c7c763dd2c0306491be03') in 0.016989 seconds 
========================================================================
Received Import Request.
  Time since last request: 16.829919 seconds.
  path: Assets/Prefab/Prefab/Wood.prefab
  artifactKey: Guid(4d319b66fe1dab247a49fb537bd1ea74) Importer(815301076,1909f56bfc062723c751e8b465ee728b)
Start importing Assets/Prefab/Prefab/Wood.prefab using Guid(4d319b66fe1dab247a49fb537bd1ea74) Importer(815301076,1909f56bfc062723c751e8b465ee728b)  -> (artifact id: '62b8a91cb1047301e24cdb10ea20854d') in 0.016074 seconds 
========================================================================
Received Prepare
Registering precompiled user dll's ...
Registered in 0.013804 seconds.
Begin MonoManager ReloadAssembly
Symbol file LoadedFromMemory doesn't match image C:\Users\ajffj\Desktop\CardWorld\GameProject\Library\PackageCache\com.unity.visualscripting@1.7.8\Editor\VisualScripting.Core\Dependencies\YamlDotNet\Unity.VisualScripting.YamlDotNet.dll
Symbol file LoadedFromMemory doesn't match image C:\Users\ajffj\Desktop\CardWorld\GameProject\Library\PackageCache\com.unity.visualscripting@1.7.8\Editor\VisualScripting.Core\Dependencies\DotNetZip\Unity.VisualScripting.IonicZip.dll
Native extension for WindowsStandalone target not found
Refreshing native plugins compatible for Editor in 1.17 ms, found 4 plugins.
Preloading 0 native plugins for Editor in 0.00 ms.
Mono: successfully reloaded assembly
- Completed reload, in  1.333 seconds
Domain Reload Profiling:
	ReloadAssembly (1334ms)
		BeginReloadAssembly (183ms)
			ExecutionOrderSort (0ms)
			DisableScriptedObjects (8ms)
			BackupInstance (0ms)
			ReleaseScriptingObjects (0ms)
			CreateAndSetChildDomain (40ms)
		EndReloadAssembly (1014ms)
			LoadAssemblies (149ms)
			RebuildTransferFunctionScriptingTraits (0ms)
			SetupTypeCache (268ms)
			ReleaseScriptCaches (2ms)
			RebuildScriptCaches (58ms)
			SetupLoadedEditorAssemblies (473ms)
				LogAssemblyErrors (0ms)
				InitializePlatformSupportModulesInManaged (19ms)
				SetLoadedEditorAssemblies (1ms)
				RefreshPlugins (1ms)
				BeforeProcessingInitializeOnLoad (119ms)
				ProcessInitializeOnLoadAttributes (261ms)
				ProcessInitializeOnLoadMethodAttributes (51ms)
				AfterProcessingInitializeOnLoad (21ms)
				EditorAssembliesLoaded (0ms)
			ExecutionOrderSort2 (0ms)
			AwakeInstancesAfterBackupRestoration (24ms)
Platform modules already initialized, skipping
Refreshing native plugins compatible for Editor in 4.25 ms, found 4 plugins.
Preloading 0 native plugins for Editor in 0.00 ms.
Unloading 4097 Unused Serialized files (Serialized files now loaded: 0)
Unloading 31 unused Assets / (189.9 KB). Loaded Objects now: 4599.
Memory consumption went from 168.7 MB to 168.6 MB.
Total: 3.528800 ms (FindLiveObjects: 0.460200 ms CreateObjectMapping: 0.134800 ms MarkObjects: 2.748900 ms  DeleteObjects: 0.183500 ms)

AssetImportParameters requested are different than current active one (requested -> active):
  custom:video-decoder-ogg-theora: a1e56fd34408186e4bbccfd4996cb3dc -> 
  custom:container-muxer-webm: aa71ff27fc2769a1b78a27578f13a17b -> 
  custom:container-demuxer-webm: 4f35f7cbe854078d1ac9338744f61a02 -> 
  custom:video-encoder-webm-vp8: eb34c28f22e8b96e1ab97ce403110664 -> 
  custom:video-codec-MediaFoundation-h265: 746d11721c4dcdbdad8f713fa42b33f4 -> 
  custom:audio-encoder-webm-vorbis: bf7c407c2cedff20999df2af8eb42d56 -> 
  custom:framework-win-MediaFoundation: 216162199b28c13a410421893ffa2e32 -> 
  custom:container-demuxer-ogg: 62fdf1f143b41e24485cea50d1cbac27 -> 
  custom:video-decoder-webm-vp8: 9c59270c3fd7afecdb556c50c9e8de78 -> 
  custom:audio-decoder-ogg-vorbis: bf7c407c2cedff20999df2af8eb42d56 -> 
========================================================================
Received Import Request.
  Time since last request: 33.252324 seconds.
  path: Assets/Prefab/Prefab/Wood.prefab
  artifactKey: Guid(4d319b66fe1dab247a49fb537bd1ea74) Importer(815301076,1909f56bfc062723c751e8b465ee728b)
Start importing Assets/Prefab/Prefab/Wood.prefab using Guid(4d319b66fe1dab247a49fb537bd1ea74) Importer(815301076,1909f56bfc062723c751e8b465ee728b)  -> (artifact id: '05eb4ed8705b17e8ddb918dd113fdbe3') in 0.073785 seconds 
