Using pre-set license
Built from '2021.3/staging' branch; Version is '2021.3.6f1 (7da38d85baf6) revision 8233869'; Using compiler version '192829333'; Build Type 'Release'
OS: 'Windows 10  (10.0.19043) 64bit Professional' Language: 'ko' Physical Memory: 48961 MB
BatchMode: 1, IsHumanControllingUs: 0, StartBugReporterOnCrash: 0, Is64bit: 1, IsPro: 1

COMMAND LINE ARGUMENTS:
C:\Program Files\Unity\Hub\Editor\2021.3.6f1\Editor\Unity.exe
-adb2
-batchMode
-noUpm
-name
AssetImportWorker8
-projectPath
C:/Users/ajffj/Desktop/CardWorld/GameProject
-logFile
Logs/AssetImportWorker8.log
-srvPort
9227
Successfully changed project path to: C:/Users/ajffj/Desktop/CardWorld/GameProject
C:/Users/ajffj/Desktop/CardWorld/GameProject
[UnityMemory] Configuration Parameters - Can be set up in boot.config
    "memorysetup-bucket-allocator-granularity=16"
    "memorysetup-bucket-allocator-bucket-count=8"
    "memorysetup-bucket-allocator-block-size=33554432"
    "memorysetup-bucket-allocator-block-count=8"
    "memorysetup-main-allocator-block-size=16777216"
    "memorysetup-thread-allocator-block-size=16777216"
    "memorysetup-gfx-main-allocator-block-size=16777216"
    "memorysetup-gfx-thread-allocator-block-size=16777216"
    "memorysetup-cache-allocator-block-size=4194304"
    "memorysetup-typetree-allocator-block-size=2097152"
    "memorysetup-profiler-bucket-allocator-granularity=16"
    "memorysetup-profiler-bucket-allocator-bucket-count=8"
    "memorysetup-profiler-bucket-allocator-block-size=33554432"
    "memorysetup-profiler-bucket-allocator-block-count=8"
    "memorysetup-profiler-allocator-block-size=16777216"
    "memorysetup-profiler-editor-allocator-block-size=1048576"
    "memorysetup-temp-allocator-size-main=16777216"
    "memorysetup-job-temp-allocator-block-size=2097152"
    "memorysetup-job-temp-allocator-block-size-background=1048576"
    "memorysetup-job-temp-allocator-reduction-small-platforms=262144"
    "memorysetup-temp-allocator-size-background-worker=32768"
    "memorysetup-temp-allocator-size-job-worker=262144"
    "memorysetup-temp-allocator-size-preload-manager=33554432"
    "memorysetup-temp-allocator-size-nav-mesh-worker=65536"
    "memorysetup-temp-allocator-size-audio-worker=65536"
    "memorysetup-temp-allocator-size-cloud-worker=32768"
    "memorysetup-temp-allocator-size-gi-baking-worker=262144"
    "memorysetup-temp-allocator-size-gfx=262144"
Refreshing native plugins compatible for Editor in 130.56 ms, found 4 plugins.
Preloading 0 native plugins for Editor in 0.00 ms.
Initialize engine version: 2021.3.6f1 (7da38d85baf6)
[Subsystems] Discovering subsystems at path C:/Program Files/Unity/Hub/Editor/2021.3.6f1/Editor/Data/Resources/UnitySubsystems
[Subsystems] Discovering subsystems at path C:/Users/ajffj/Desktop/CardWorld/GameProject/Assets
GfxDevice: creating device client; threaded=0; jobified=0
Direct3D:
    Version:  Direct3D 11.0 [level 11.1]
    Renderer: NVIDIA GeForce RTX 3070 (ID=0x2484)
    Vendor:   NVIDIA
    VRAM:     8043 MB
    Driver:   31.0.15.1748
Initialize mono
Mono path[0] = 'C:/Program Files/Unity/Hub/Editor/2021.3.6f1/Editor/Data/Managed'
Mono path[1] = 'C:/Program Files/Unity/Hub/Editor/2021.3.6f1/Editor/Data/MonoBleedingEdge/lib/mono/unityjit-win32'
Mono config path = 'C:/Program Files/Unity/Hub/Editor/2021.3.6f1/Editor/Data/MonoBleedingEdge/etc'
Using monoOptions --debugger-agent=transport=dt_socket,embedding=1,server=y,suspend=n,address=127.0.0.1:56404
Begin MonoManager ReloadAssembly
Registering precompiled unity dll's ...
Register platform support module: C:/Program Files/Unity/Hub/Editor/2021.3.6f1/Editor/Data/PlaybackEngines/WindowsStandaloneSupport/UnityEditor.WindowsStandalone.Extensions.dll
Registered in 0.014605 seconds.
Native extension for WindowsStandalone target not found
Refreshing native plugins compatible for Editor in 119.97 ms, found 4 plugins.
Preloading 0 native plugins for Editor in 0.00 ms.
Mono: successfully reloaded assembly
- Completed reload, in  0.824 seconds
Domain Reload Profiling:
	ReloadAssembly (825ms)
		BeginReloadAssembly (108ms)
			ExecutionOrderSort (0ms)
			DisableScriptedObjects (0ms)
			BackupInstance (0ms)
			ReleaseScriptingObjects (0ms)
			CreateAndSetChildDomain (1ms)
		EndReloadAssembly (570ms)
			LoadAssemblies (103ms)
			RebuildTransferFunctionScriptingTraits (0ms)
			SetupTypeCache (130ms)
			ReleaseScriptCaches (0ms)
			RebuildScriptCaches (34ms)
			SetupLoadedEditorAssemblies (339ms)
				LogAssemblyErrors (0ms)
				InitializePlatformSupportModulesInManaged (10ms)
				SetLoadedEditorAssemblies (0ms)
				RefreshPlugins (120ms)
				BeforeProcessingInitializeOnLoad (1ms)
				ProcessInitializeOnLoadAttributes (140ms)
				ProcessInitializeOnLoadMethodAttributes (67ms)
				AfterProcessingInitializeOnLoad (0ms)
				EditorAssembliesLoaded (0ms)
			ExecutionOrderSort2 (0ms)
			AwakeInstancesAfterBackupRestoration (0ms)
Platform modules already initialized, skipping
Registering precompiled user dll's ...
Registered in 0.014941 seconds.
Begin MonoManager ReloadAssembly
Symbol file LoadedFromMemory doesn't match image C:\Users\ajffj\Desktop\CardWorld\GameProject\Library\PackageCache\com.unity.visualscripting@1.7.8\Editor\VisualScripting.Core\Dependencies\YamlDotNet\Unity.VisualScripting.YamlDotNet.dll
Symbol file LoadedFromMemory doesn't match image C:\Users\ajffj\Desktop\CardWorld\GameProject\Library\PackageCache\com.unity.visualscripting@1.7.8\Editor\VisualScripting.Core\Dependencies\DotNetZip\Unity.VisualScripting.IonicZip.dll
Native extension for WindowsStandalone target not found
Refreshing native plugins compatible for Editor in 119.10 ms, found 4 plugins.
Preloading 0 native plugins for Editor in 0.00 ms.
Mono: successfully reloaded assembly
- Completed reload, in  1.410 seconds
Domain Reload Profiling:
	ReloadAssembly (1411ms)
		BeginReloadAssembly (132ms)
			ExecutionOrderSort (0ms)
			DisableScriptedObjects (7ms)
			BackupInstance (0ms)
			ReleaseScriptingObjects (0ms)
			CreateAndSetChildDomain (18ms)
		EndReloadAssembly (1133ms)
			LoadAssemblies (119ms)
			RebuildTransferFunctionScriptingTraits (0ms)
			SetupTypeCache (283ms)
			ReleaseScriptCaches (1ms)
			RebuildScriptCaches (63ms)
			SetupLoadedEditorAssemblies (609ms)
				LogAssemblyErrors (0ms)
				InitializePlatformSupportModulesInManaged (7ms)
				SetLoadedEditorAssemblies (0ms)
				RefreshPlugins (119ms)
				BeforeProcessingInitializeOnLoad (139ms)
				ProcessInitializeOnLoadAttributes (269ms)
				ProcessInitializeOnLoadMethodAttributes (57ms)
				AfterProcessingInitializeOnLoad (16ms)
				EditorAssembliesLoaded (0ms)
			ExecutionOrderSort2 (0ms)
			AwakeInstancesAfterBackupRestoration (16ms)
Platform modules already initialized, skipping
========================================================================
Worker process is ready to serve import requests
Launched and connected shader compiler UnityShaderCompiler.exe after 0.05 seconds
Refreshing native plugins compatible for Editor in 0.66 ms, found 4 plugins.
Preloading 0 native plugins for Editor in 0.00 ms.
Unloading 4115 Unused Serialized files (Serialized files now loaded: 0)
Unloading 44 unused Assets / (222.6 KB). Loaded Objects now: 4579.
Memory consumption went from 165.3 MB to 165.1 MB.
Total: 2.608100 ms (FindLiveObjects: 0.209500 ms CreateObjectMapping: 0.101700 ms MarkObjects: 2.174100 ms  DeleteObjects: 0.122300 ms)

AssetImportParameters requested are different than current active one (requested -> active):
  custom:video-decoder-ogg-theora: a1e56fd34408186e4bbccfd4996cb3dc -> 
  custom:container-muxer-webm: aa71ff27fc2769a1b78a27578f13a17b -> 
  custom:container-demuxer-webm: 4f35f7cbe854078d1ac9338744f61a02 -> 
  custom:video-encoder-webm-vp8: eb34c28f22e8b96e1ab97ce403110664 -> 
  custom:video-codec-MediaFoundation-h265: 746d11721c4dcdbdad8f713fa42b33f4 -> 
  custom:audio-encoder-webm-vorbis: bf7c407c2cedff20999df2af8eb42d56 -> 
  custom:framework-win-MediaFoundation: 216162199b28c13a410421893ffa2e32 -> 
  custom:container-demuxer-ogg: 62fdf1f143b41e24485cea50d1cbac27 -> 
  custom:video-decoder-webm-vp8: 9c59270c3fd7afecdb556c50c9e8de78 -> 
  custom:audio-decoder-ogg-vorbis: bf7c407c2cedff20999df2af8eb42d56 -> 
========================================================================
Received Import Request.
  Time since last request: 956032.279049 seconds.
  path: Assets/Prefab/Prefab/Wood 6.prefab
  artifactKey: Guid(bcc1ddfe1177875469aab586280ba79c) Importer(815301076,1909f56bfc062723c751e8b465ee728b)
Start importing Assets/Prefab/Prefab/Wood 6.prefab using Guid(bcc1ddfe1177875469aab586280ba79c) Importer(815301076,1909f56bfc062723c751e8b465ee728b)  -> (artifact id: '4e29aed1877f2f849df7a3ef496ac237') in 0.153979 seconds 
========================================================================
Received Import Request.
  Time since last request: 0.238357 seconds.
  path: Assets/Prefab/Prefab/Wood 7.prefab
  artifactKey: Guid(ad65cc421b721954bbe142e39bf50e07) Importer(815301076,1909f56bfc062723c751e8b465ee728b)
Start importing Assets/Prefab/Prefab/Wood 7.prefab using Guid(ad65cc421b721954bbe142e39bf50e07) Importer(815301076,1909f56bfc062723c751e8b465ee728b)  -> (artifact id: '7653e355da7c01f8e9cafc152a7033eb') in 0.020451 seconds 
========================================================================
Received Import Request.
  Time since last request: 28.802098 seconds.
  path: Assets/Prefab/Prefab/Banana.prefab
  artifactKey: Guid(ad65cc421b721954bbe142e39bf50e07) Importer(815301076,1909f56bfc062723c751e8b465ee728b)
Start importing Assets/Prefab/Prefab/Banana.prefab using Guid(ad65cc421b721954bbe142e39bf50e07) Importer(815301076,1909f56bfc062723c751e8b465ee728b)  -> (artifact id: 'be85d93890ab4530214eaa0c50198a24') in 0.015345 seconds 
========================================================================
Received Import Request.
  Time since last request: 10.304975 seconds.
  path: Assets/Prefab/Prefab/BananaTree.prefab
  artifactKey: Guid(bcc1ddfe1177875469aab586280ba79c) Importer(815301076,1909f56bfc062723c751e8b465ee728b)
Start importing Assets/Prefab/Prefab/BananaTree.prefab using Guid(bcc1ddfe1177875469aab586280ba79c) Importer(815301076,1909f56bfc062723c751e8b465ee728b)  -> (artifact id: '6e5a6222a816fc3e6e338e7a0817d25f') in 0.016260 seconds 
========================================================================
Received Import Request.
  Time since last request: 37.456619 seconds.
  path: Assets/Prefab/Prefab/Player.prefab
  artifactKey: Guid(56efe3c0348f5484e97a59757c08a75d) Importer(815301076,1909f56bfc062723c751e8b465ee728b)
Start importing Assets/Prefab/Prefab/Player.prefab using Guid(56efe3c0348f5484e97a59757c08a75d) Importer(815301076,1909f56bfc062723c751e8b465ee728b)  -> (artifact id: '59d579e2036441d7aa68ddea0eadf425') in 0.017889 seconds 
========================================================================
Received Import Request.
  Time since last request: 35.505331 seconds.
  path: Assets/Prefab/Prefab/Stone.prefab
  artifactKey: Guid(c9897b3da5ffcb1489d59c37cc58c638) Importer(815301076,1909f56bfc062723c751e8b465ee728b)
Start importing Assets/Prefab/Prefab/Stone.prefab using Guid(c9897b3da5ffcb1489d59c37cc58c638) Importer(815301076,1909f56bfc062723c751e8b465ee728b)  -> (artifact id: 'fdb0acb86e2d64fb2a76b5efd50c8e3e') in 0.015937 seconds 
========================================================================
Received Import Request.
  Time since last request: 5.792143 seconds.
  path: Assets/Prefab/Prefab/Tree.prefab
  artifactKey: Guid(ea597eebc28a4e5488438ed56cc0d945) Importer(815301076,1909f56bfc062723c751e8b465ee728b)
Start importing Assets/Prefab/Prefab/Tree.prefab using Guid(ea597eebc28a4e5488438ed56cc0d945) Importer(815301076,1909f56bfc062723c751e8b465ee728b)  -> (artifact id: '4f9f01c7a0b68f227a6c402f90a329cf') in 0.015741 seconds 
========================================================================
Received Import Request.
  Time since last request: 7.030956 seconds.
  path: Assets/Prefab/Prefab/Rock.prefab
  artifactKey: Guid(9c295f9a9c8e8dc4cb51766a7742547d) Importer(815301076,1909f56bfc062723c751e8b465ee728b)
Start importing Assets/Prefab/Prefab/Rock.prefab using Guid(9c295f9a9c8e8dc4cb51766a7742547d) Importer(815301076,1909f56bfc062723c751e8b465ee728b)  -> (artifact id: '8d7bc8e1b027f63f01a9231fb43538b7') in 0.026090 seconds 
========================================================================
Received Prepare
Registering precompiled user dll's ...
Registered in 0.015553 seconds.
Begin MonoManager ReloadAssembly
Symbol file LoadedFromMemory doesn't match image C:\Users\ajffj\Desktop\CardWorld\GameProject\Library\PackageCache\com.unity.visualscripting@1.7.8\Editor\VisualScripting.Core\Dependencies\YamlDotNet\Unity.VisualScripting.YamlDotNet.dll
Symbol file LoadedFromMemory doesn't match image C:\Users\ajffj\Desktop\CardWorld\GameProject\Library\PackageCache\com.unity.visualscripting@1.7.8\Editor\VisualScripting.Core\Dependencies\DotNetZip\Unity.VisualScripting.IonicZip.dll
Native extension for WindowsStandalone target not found
Refreshing native plugins compatible for Editor in 0.97 ms, found 4 plugins.
Preloading 0 native plugins for Editor in 0.00 ms.
Mono: successfully reloaded assembly
- Completed reload, in  1.345 seconds
Domain Reload Profiling:
	ReloadAssembly (1346ms)
		BeginReloadAssembly (186ms)
			ExecutionOrderSort (0ms)
			DisableScriptedObjects (8ms)
			BackupInstance (0ms)
			ReleaseScriptingObjects (0ms)
			CreateAndSetChildDomain (43ms)
		EndReloadAssembly (1023ms)
			LoadAssemblies (149ms)
			RebuildTransferFunctionScriptingTraits (0ms)
			SetupTypeCache (287ms)
			ReleaseScriptCaches (2ms)
			RebuildScriptCaches (65ms)
			SetupLoadedEditorAssemblies (455ms)
				LogAssemblyErrors (0ms)
				InitializePlatformSupportModulesInManaged (18ms)
				SetLoadedEditorAssemblies (1ms)
				RefreshPlugins (1ms)
				BeforeProcessingInitializeOnLoad (114ms)
				ProcessInitializeOnLoadAttributes (252ms)
				ProcessInitializeOnLoadMethodAttributes (51ms)
				AfterProcessingInitializeOnLoad (18ms)
				EditorAssembliesLoaded (0ms)
			ExecutionOrderSort2 (0ms)
			AwakeInstancesAfterBackupRestoration (22ms)
Platform modules already initialized, skipping
Refreshing native plugins compatible for Editor in 4.58 ms, found 4 plugins.
Preloading 0 native plugins for Editor in 0.00 ms.
Unloading 4097 Unused Serialized files (Serialized files now loaded: 0)
Unloading 31 unused Assets / (190.0 KB). Loaded Objects now: 4591.
Memory consumption went from 168.5 MB to 168.3 MB.
Total: 3.880100 ms (FindLiveObjects: 0.476700 ms CreateObjectMapping: 0.142000 ms MarkObjects: 3.076600 ms  DeleteObjects: 0.183300 ms)

AssetImportParameters requested are different than current active one (requested -> active):
  custom:video-decoder-ogg-theora: a1e56fd34408186e4bbccfd4996cb3dc -> 
  custom:container-muxer-webm: aa71ff27fc2769a1b78a27578f13a17b -> 
  custom:container-demuxer-webm: 4f35f7cbe854078d1ac9338744f61a02 -> 
  custom:video-encoder-webm-vp8: eb34c28f22e8b96e1ab97ce403110664 -> 
  custom:video-codec-MediaFoundation-h265: 746d11721c4dcdbdad8f713fa42b33f4 -> 
  custom:audio-encoder-webm-vorbis: bf7c407c2cedff20999df2af8eb42d56 -> 
  custom:framework-win-MediaFoundation: 216162199b28c13a410421893ffa2e32 -> 
  custom:container-demuxer-ogg: 62fdf1f143b41e24485cea50d1cbac27 -> 
  custom:video-decoder-webm-vp8: 9c59270c3fd7afecdb556c50c9e8de78 -> 
  custom:audio-decoder-ogg-vorbis: bf7c407c2cedff20999df2af8eb42d56 -> 
========================================================================
Received Import Request.
  Time since last request: 70.045221 seconds.
  path: Assets/polyperfect/Low Poly Icon Pack/Images/_Icons/Nature/icon_cactus_LP.png
  artifactKey: Guid(0cae4fea70501d14c8a1f0db98c38cfd) Importer(815301076,1909f56bfc062723c751e8b465ee728b)
Start importing Assets/polyperfect/Low Poly Icon Pack/Images/_Icons/Nature/icon_cactus_LP.png using Guid(0cae4fea70501d14c8a1f0db98c38cfd) Importer(815301076,1909f56bfc062723c751e8b465ee728b)  -> (artifact id: 'b78a0c116fc366607b255e7ff90653b0') in 0.280521 seconds 
========================================================================
Received Import Request.
  Time since last request: 0.000025 seconds.
  path: Assets/polyperfect/Low Poly Icon Pack/Images/_Icons/Nature/icon_wheat-plant_LP.png
  artifactKey: Guid(f828379cb761e644a93199ad7bb05e46) Importer(815301076,1909f56bfc062723c751e8b465ee728b)
Start importing Assets/polyperfect/Low Poly Icon Pack/Images/_Icons/Nature/icon_wheat-plant_LP.png using Guid(f828379cb761e644a93199ad7bb05e46) Importer(815301076,1909f56bfc062723c751e8b465ee728b)  -> (artifact id: '4abeaf0d951835bce5f41ca4edbb7c0e') in 0.074599 seconds 
========================================================================
Received Import Request.
  Time since last request: 0.003045 seconds.
  path: Assets/polyperfect/Low Poly Icon Pack/Images/_Icons/Nature/icon_shrub-flowers_LP.png
  artifactKey: Guid(2c9998f842cb0d9408cbd3c491c93c41) Importer(815301076,1909f56bfc062723c751e8b465ee728b)
Start importing Assets/polyperfect/Low Poly Icon Pack/Images/_Icons/Nature/icon_shrub-flowers_LP.png using Guid(2c9998f842cb0d9408cbd3c491c93c41) Importer(815301076,1909f56bfc062723c751e8b465ee728b)  -> (artifact id: '979da829c60503358653a63cf047d2bb') in 0.102748 seconds 
========================================================================
Received Import Request.
  Time since last request: 0.000023 seconds.
  path: Assets/polyperfect/Low Poly Icon Pack/Images/_Icons/Nature/icon_palm-round_LP.png
  artifactKey: Guid(0f27137b606d11b48ab55dcdbf4c9170) Importer(815301076,1909f56bfc062723c751e8b465ee728b)
Start importing Assets/polyperfect/Low Poly Icon Pack/Images/_Icons/Nature/icon_palm-round_LP.png using Guid(0f27137b606d11b48ab55dcdbf4c9170) Importer(815301076,1909f56bfc062723c751e8b465ee728b)  -> (artifact id: '34398b4ef5d2f5c3d7243aa8eb0d4200') in 0.091180 seconds 
========================================================================
Received Import Request.
  Time since last request: 0.000025 seconds.
  path: Assets/polyperfect/Low Poly Icon Pack/Images/_Icons/Nature/icon_flowers_LP.png
  artifactKey: Guid(43f0c5b47e9d7e740868b2615bba5e44) Importer(815301076,1909f56bfc062723c751e8b465ee728b)
Start importing Assets/polyperfect/Low Poly Icon Pack/Images/_Icons/Nature/icon_flowers_LP.png using Guid(43f0c5b47e9d7e740868b2615bba5e44) Importer(815301076,1909f56bfc062723c751e8b465ee728b)  -> (artifact id: '7670ed5c485b56a0198e94bd4ff61a9f') in 0.089616 seconds 
========================================================================
Received Import Request.
  Time since last request: 2.171791 seconds.
  path: Assets/polyperfect/Low Poly Icon Pack/Images/_Icons/Places/icon_building-cabin-small_LP.png
  artifactKey: Guid(663f031ed530dc74c8ef8e66c1c9d7d7) Importer(815301076,1909f56bfc062723c751e8b465ee728b)
Start importing Assets/polyperfect/Low Poly Icon Pack/Images/_Icons/Places/icon_building-cabin-small_LP.png using Guid(663f031ed530dc74c8ef8e66c1c9d7d7) Importer(815301076,1909f56bfc062723c751e8b465ee728b)  -> (artifact id: 'add065708ed706086737528ec65b05e9') in 0.087009 seconds 
========================================================================
Received Import Request.
  Time since last request: 0.000030 seconds.
  path: Assets/polyperfect/Low Poly Icon Pack/Images/_Icons/Places/icon_igloo_LP.png
  artifactKey: Guid(98aa0f6088a4d3f4b860924126e5f006) Importer(815301076,1909f56bfc062723c751e8b465ee728b)
Start importing Assets/polyperfect/Low Poly Icon Pack/Images/_Icons/Places/icon_igloo_LP.png using Guid(98aa0f6088a4d3f4b860924126e5f006) Importer(815301076,1909f56bfc062723c751e8b465ee728b)  -> (artifact id: '1929af85b48c6aa4da5b7d489343966b') in 0.078804 seconds 
========================================================================
Received Import Request.
  Time since last request: 0.000033 seconds.
  path: Assets/polyperfect/Low Poly Icon Pack/Images/_Icons/Places/icon_fire-hydrant_LP.png
  artifactKey: Guid(2922c1292617f084da2f74051a9105cb) Importer(815301076,1909f56bfc062723c751e8b465ee728b)
Start importing Assets/polyperfect/Low Poly Icon Pack/Images/_Icons/Places/icon_fire-hydrant_LP.png using Guid(2922c1292617f084da2f74051a9105cb) Importer(815301076,1909f56bfc062723c751e8b465ee728b)  -> (artifact id: '7e2979ba2c2d03964a205113dbe6526f') in 0.072980 seconds 
========================================================================
Received Import Request.
  Time since last request: 0.000022 seconds.
  path: Assets/polyperfect/Low Poly Icon Pack/Images/_Icons/Places/icon_lighthouse_LP.png
  artifactKey: Guid(599082afea4945f439b41e77261d7e66) Importer(815301076,1909f56bfc062723c751e8b465ee728b)
Start importing Assets/polyperfect/Low Poly Icon Pack/Images/_Icons/Places/icon_lighthouse_LP.png using Guid(599082afea4945f439b41e77261d7e66) Importer(815301076,1909f56bfc062723c751e8b465ee728b)  -> (artifact id: '122aead63bda9f016054e2e3ad56e58f') in 0.086285 seconds 
========================================================================
Received Import Request.
  Time since last request: 0.000023 seconds.
  path: Assets/polyperfect/Low Poly Icon Pack/Images/_Icons/Places/icon_pyramid_LP.png
  artifactKey: Guid(1f369a0d8eed7a947b82c26b1f81eec2) Importer(815301076,1909f56bfc062723c751e8b465ee728b)
Start importing Assets/polyperfect/Low Poly Icon Pack/Images/_Icons/Places/icon_pyramid_LP.png using Guid(1f369a0d8eed7a947b82c26b1f81eec2) Importer(815301076,1909f56bfc062723c751e8b465ee728b)  -> (artifact id: '4642038007daa25b6a6aa9c7d75da990') in 0.079402 seconds 
========================================================================
Received Import Request.
  Time since last request: 0.000029 seconds.
  path: Assets/polyperfect/Low Poly Icon Pack/Images/_Icons/Places/icon_sphinx_LP.png
  artifactKey: Guid(99633e88f0839054281dcc1388218cc7) Importer(815301076,1909f56bfc062723c751e8b465ee728b)
Start importing Assets/polyperfect/Low Poly Icon Pack/Images/_Icons/Places/icon_sphinx_LP.png using Guid(99633e88f0839054281dcc1388218cc7) Importer(815301076,1909f56bfc062723c751e8b465ee728b)  -> (artifact id: '4131f46a7f565f49c416674c114461e3') in 0.078710 seconds 
========================================================================
Received Import Request.
  Time since last request: 3.280031 seconds.
  path: Assets/polyperfect/Low Poly Icon Pack/Images/_Icons/Fantasy/icon_bench-crafting_LP.png
  artifactKey: Guid(b2a126f172c096c4c8ed35ea03e89b25) Importer(815301076,1909f56bfc062723c751e8b465ee728b)
Start importing Assets/polyperfect/Low Poly Icon Pack/Images/_Icons/Fantasy/icon_bench-crafting_LP.png using Guid(b2a126f172c096c4c8ed35ea03e89b25) Importer(815301076,1909f56bfc062723c751e8b465ee728b)  -> (artifact id: '3b6bb5db628c14232375c6df56ad98b9') in 0.116946 seconds 
========================================================================
Received Import Request.
  Time since last request: 0.000027 seconds.
  path: Assets/polyperfect/Low Poly Icon Pack/Images/_Icons/Fantasy/icon_potion_LP.png
  artifactKey: Guid(da9f27870047b054e829424e18c968a8) Importer(815301076,1909f56bfc062723c751e8b465ee728b)
Start importing Assets/polyperfect/Low Poly Icon Pack/Images/_Icons/Fantasy/icon_potion_LP.png using Guid(da9f27870047b054e829424e18c968a8) Importer(815301076,1909f56bfc062723c751e8b465ee728b)  -> (artifact id: '65cfde2e36af36f07803721b03cb3dbe') in 0.102063 seconds 
========================================================================
Received Import Request.
  Time since last request: 0.000039 seconds.
  path: Assets/polyperfect/Low Poly Icon Pack/Images/_Icons/Fantasy/icon_skull_LP.png
  artifactKey: Guid(c82eb365cc7d94142988f954de0c685c) Importer(815301076,1909f56bfc062723c751e8b465ee728b)
Start importing Assets/polyperfect/Low Poly Icon Pack/Images/_Icons/Fantasy/icon_skull_LP.png using Guid(c82eb365cc7d94142988f954de0c685c) Importer(815301076,1909f56bfc062723c751e8b465ee728b)  -> (artifact id: '2522045f66a722f89344243c61835b6d') in 0.081387 seconds 
========================================================================
Received Import Request.
  Time since last request: 0.000044 seconds.
  path: Assets/polyperfect/Low Poly Icon Pack/Images/_Icons/Fantasy/icon_hourglass_LP.png
  artifactKey: Guid(093f62025d7dc894bbf3d30290f16d84) Importer(815301076,1909f56bfc062723c751e8b465ee728b)
Start importing Assets/polyperfect/Low Poly Icon Pack/Images/_Icons/Fantasy/icon_hourglass_LP.png using Guid(093f62025d7dc894bbf3d30290f16d84) Importer(815301076,1909f56bfc062723c751e8b465ee728b)  -> (artifact id: '9b5799a6662f2c08959b62d05ddcb4bf') in 0.105126 seconds 
========================================================================
Received Import Request.
  Time since last request: 0.000020 seconds.
  path: Assets/polyperfect/Low Poly Icon Pack/Images/_Icons/Fantasy/icon_lock-silver-open_LP.png
  artifactKey: Guid(a95e5cef7b2282840b985de15504537d) Importer(815301076,1909f56bfc062723c751e8b465ee728b)
Start importing Assets/polyperfect/Low Poly Icon Pack/Images/_Icons/Fantasy/icon_lock-silver-open_LP.png using Guid(a95e5cef7b2282840b985de15504537d) Importer(815301076,1909f56bfc062723c751e8b465ee728b)  -> (artifact id: '1d40253f202a59ea0035cde93140aee4') in 0.089378 seconds 
========================================================================
Received Import Request.
  Time since last request: 0.000026 seconds.
  path: Assets/polyperfect/Low Poly Icon Pack/Images/_Icons/Fantasy/icon_potion-globe_LP.png
  artifactKey: Guid(346ab28088aed114fa35f29bd2bdc4d1) Importer(815301076,1909f56bfc062723c751e8b465ee728b)
Start importing Assets/polyperfect/Low Poly Icon Pack/Images/_Icons/Fantasy/icon_potion-globe_LP.png using Guid(346ab28088aed114fa35f29bd2bdc4d1) Importer(815301076,1909f56bfc062723c751e8b465ee728b)  -> (artifact id: '24f0fc41e65a283ca797a140c352cd50') in 0.095959 seconds 
========================================================================
Received Import Request.
  Time since last request: 0.000039 seconds.
  path: Assets/polyperfect/Low Poly Icon Pack/Images/_Icons/Fantasy/icon_chest-treasure_LP.png
  artifactKey: Guid(38648a2dc83c0604f87d86a34853c4b8) Importer(815301076,1909f56bfc062723c751e8b465ee728b)
Start importing Assets/polyperfect/Low Poly Icon Pack/Images/_Icons/Fantasy/icon_chest-treasure_LP.png using Guid(38648a2dc83c0604f87d86a34853c4b8) Importer(815301076,1909f56bfc062723c751e8b465ee728b)  -> (artifact id: '6546d5238e1263d56458d32d1d921d38') in 0.102775 seconds 
========================================================================
Received Import Request.
  Time since last request: 0.000028 seconds.
  path: Assets/polyperfect/Low Poly Icon Pack/Images/_Icons/Electronics/icon_tv-camera_LP.png
  artifactKey: Guid(91785b50f3d134943ab267e9064ec143) Importer(815301076,1909f56bfc062723c751e8b465ee728b)
Start importing Assets/polyperfect/Low Poly Icon Pack/Images/_Icons/Electronics/icon_tv-camera_LP.png using Guid(91785b50f3d134943ab267e9064ec143) Importer(815301076,1909f56bfc062723c751e8b465ee728b)  -> (artifact id: '541ba46b443f50a80b6e1844bd3d0d39') in 0.096086 seconds 
========================================================================
Received Import Request.
  Time since last request: 0.000027 seconds.
  path: Assets/polyperfect/Low Poly Icon Pack/Images/_Icons/Electronics/icon_notebook_LP.png
  artifactKey: Guid(e0aa017da2fd03d449b0db687bacc199) Importer(815301076,1909f56bfc062723c751e8b465ee728b)
Start importing Assets/polyperfect/Low Poly Icon Pack/Images/_Icons/Electronics/icon_notebook_LP.png using Guid(e0aa017da2fd03d449b0db687bacc199) Importer(815301076,1909f56bfc062723c751e8b465ee728b)  -> (artifact id: 'f3e1fdca3edfb16d81f0ea1ce0c9afa2') in 0.073402 seconds 
========================================================================
Received Import Request.
  Time since last request: 0.509035 seconds.
  path: Assets/polyperfect/Low Poly Icon Pack/Images/_Icons/Drinks/icon_rum-bottle_LP.png
  artifactKey: Guid(c238bcfa0b61d234c866ae59e0f0fe88) Importer(815301076,1909f56bfc062723c751e8b465ee728b)
Start importing Assets/polyperfect/Low Poly Icon Pack/Images/_Icons/Drinks/icon_rum-bottle_LP.png using Guid(c238bcfa0b61d234c866ae59e0f0fe88) Importer(815301076,1909f56bfc062723c751e8b465ee728b)  -> (artifact id: 'bb5010e8f7ac23cabdc17965e95a0fab') in 0.089708 seconds 
========================================================================
Received Import Request.
  Time since last request: 0.615313 seconds.
  path: Assets/polyperfect/Low Poly Icon Pack/Images/_Icons/Common/icon_gem-blue_LP.png
  artifactKey: Guid(8f98e7ad9a26d0c4199c7137ffb0eec0) Importer(815301076,1909f56bfc062723c751e8b465ee728b)
Start importing Assets/polyperfect/Low Poly Icon Pack/Images/_Icons/Common/icon_gem-blue_LP.png using Guid(8f98e7ad9a26d0c4199c7137ffb0eec0) Importer(815301076,1909f56bfc062723c751e8b465ee728b)  -> (artifact id: 'f34e9233ec52feb4099b0cc257db7f3d') in 0.098516 seconds 
========================================================================
Received Import Request.
  Time since last request: 0.000039 seconds.
  path: Assets/polyperfect/Low Poly Icon Pack/Images/_Icons/Common/icon_gem-red_LP.png
  artifactKey: Guid(b5816cebecf407446977608ba1cb226a) Importer(815301076,1909f56bfc062723c751e8b465ee728b)
Start importing Assets/polyperfect/Low Poly Icon Pack/Images/_Icons/Common/icon_gem-red_LP.png using Guid(b5816cebecf407446977608ba1cb226a) Importer(815301076,1909f56bfc062723c751e8b465ee728b)  -> (artifact id: '099d03ebb6d3d57f2f6f990161641103') in 0.094431 seconds 
========================================================================
Received Import Request.
  Time since last request: 0.000063 seconds.
  path: Assets/polyperfect/Low Poly Icon Pack/Images/_Icons/Common/icon_heart_LP.png
  artifactKey: Guid(10024530fd58d844f986d17744a3cb07) Importer(815301076,1909f56bfc062723c751e8b465ee728b)
Start importing Assets/polyperfect/Low Poly Icon Pack/Images/_Icons/Common/icon_heart_LP.png using Guid(10024530fd58d844f986d17744a3cb07) Importer(815301076,1909f56bfc062723c751e8b465ee728b)  -> (artifact id: '8f1f12458763e40a1aaf7168b7add31e') in 0.073406 seconds 
========================================================================
Received Import Request.
  Time since last request: 0.801652 seconds.
  path: Assets/polyperfect/Low Poly Icon Pack/Images/_Icons/Coins/icon_coin-bitcoin-silver_LP.png
  artifactKey: Guid(83fd032f148b3f9468ac8dd7e79a5d0e) Importer(815301076,1909f56bfc062723c751e8b465ee728b)
Start importing Assets/polyperfect/Low Poly Icon Pack/Images/_Icons/Coins/icon_coin-bitcoin-silver_LP.png using Guid(83fd032f148b3f9468ac8dd7e79a5d0e) Importer(815301076,1909f56bfc062723c751e8b465ee728b)  -> (artifact id: '4adf220a88654f3b1330fce1509f8bd9') in 0.107359 seconds 
========================================================================
Received Import Request.
  Time since last request: 0.000032 seconds.
  path: Assets/polyperfect/Low Poly Icon Pack/Images/_Icons/Coins/icon_star-bronze_LP.png
  artifactKey: Guid(f3c29fd589e632c4fabb4f3a688cd098) Importer(815301076,1909f56bfc062723c751e8b465ee728b)
Start importing Assets/polyperfect/Low Poly Icon Pack/Images/_Icons/Coins/icon_star-bronze_LP.png using Guid(f3c29fd589e632c4fabb4f3a688cd098) Importer(815301076,1909f56bfc062723c751e8b465ee728b)  -> (artifact id: 'bfe4feb6609273870baef031d07c8524') in 0.084303 seconds 
========================================================================
Received Import Request.
  Time since last request: 0.000048 seconds.
  path: Assets/polyperfect/Low Poly Icon Pack/Images/_Icons/Coins/icon_star-silver_LP.png
  artifactKey: Guid(b13a70a9537b5e64b88e3450bf1809a0) Importer(815301076,1909f56bfc062723c751e8b465ee728b)
Start importing Assets/polyperfect/Low Poly Icon Pack/Images/_Icons/Coins/icon_star-silver_LP.png using Guid(b13a70a9537b5e64b88e3450bf1809a0) Importer(815301076,1909f56bfc062723c751e8b465ee728b)  -> (artifact id: 'df423e15c00f5d99c0acff836fe85326') in 0.080367 seconds 
========================================================================
Received Import Request.
  Time since last request: 0.000030 seconds.
  path: Assets/polyperfect/Low Poly Icon Pack/Images/_Icons/Coins/icon_coin-skull-silver_LP.png
  artifactKey: Guid(9568c3c9946d932458ab188c351f1f33) Importer(815301076,1909f56bfc062723c751e8b465ee728b)
Start importing Assets/polyperfect/Low Poly Icon Pack/Images/_Icons/Coins/icon_coin-skull-silver_LP.png using Guid(9568c3c9946d932458ab188c351f1f33) Importer(815301076,1909f56bfc062723c751e8b465ee728b)  -> (artifact id: '12e5f463a2caae2d4c9e992e761eb21f') in 0.079065 seconds 
========================================================================
Received Import Request.
  Time since last request: 0.372910 seconds.
  path: Assets/polyperfect/Low Poly Icon Pack/Images/_Icons/Coffee/icon_cocoa_LP.png
  artifactKey: Guid(cf507db072bab84408bfc8e4e06bdde3) Importer(815301076,1909f56bfc062723c751e8b465ee728b)
Start importing Assets/polyperfect/Low Poly Icon Pack/Images/_Icons/Coffee/icon_cocoa_LP.png using Guid(cf507db072bab84408bfc8e4e06bdde3) Importer(815301076,1909f56bfc062723c751e8b465ee728b)  -> (artifact id: 'b2d55bc749e1b086b971ccc11842ae64') in 0.099845 seconds 
========================================================================
Received Import Request.
  Time since last request: 0.000032 seconds.
  path: Assets/polyperfect/Low Poly Icon Pack/Images/_Icons/Coffee/icon_cookie_LP.png
  artifactKey: Guid(6dd3f7166eb3f8c4cb2b067cd1949b05) Importer(815301076,1909f56bfc062723c751e8b465ee728b)
Start importing Assets/polyperfect/Low Poly Icon Pack/Images/_Icons/Coffee/icon_cookie_LP.png using Guid(6dd3f7166eb3f8c4cb2b067cd1949b05) Importer(815301076,1909f56bfc062723c751e8b465ee728b)  -> (artifact id: '760bed3b66ff56e50252a13666219dc5') in 0.087872 seconds 
========================================================================
Received Import Request.
  Time since last request: 0.000027 seconds.
  path: Assets/polyperfect/Low Poly Icon Pack/Images/_Icons/Coffee/icon_sugar-cubes_LP.png
  artifactKey: Guid(1c49367a4dd9b154da8b14c5aeab3beb) Importer(815301076,1909f56bfc062723c751e8b465ee728b)
Start importing Assets/polyperfect/Low Poly Icon Pack/Images/_Icons/Coffee/icon_sugar-cubes_LP.png using Guid(1c49367a4dd9b154da8b14c5aeab3beb) Importer(815301076,1909f56bfc062723c751e8b465ee728b)  -> (artifact id: '9d22b11d21f81a308d9fefa626ecd90e') in 0.069397 seconds 
========================================================================
Received Import Request.
  Time since last request: 0.596434 seconds.
  path: Assets/polyperfect/Low Poly Icon Pack/Images/_Icons/Clothes/icon_ring-bronze_LP.png
  artifactKey: Guid(67d39a67e7b414e4e944b189659ccf5d) Importer(815301076,1909f56bfc062723c751e8b465ee728b)
Start importing Assets/polyperfect/Low Poly Icon Pack/Images/_Icons/Clothes/icon_ring-bronze_LP.png using Guid(67d39a67e7b414e4e944b189659ccf5d) Importer(815301076,1909f56bfc062723c751e8b465ee728b)  -> (artifact id: '277479c7a6eb6c76557aefcbde875369') in 0.090007 seconds 
========================================================================
Received Import Request.
  Time since last request: 0.602516 seconds.
  path: Assets/polyperfect/Low Poly Icon Pack/Images/_Icons/Barrels/icon_barrel-orange-closed_LP.png
  artifactKey: Guid(e4fab2d929b322e4c958f3cbef8f934f) Importer(815301076,1909f56bfc062723c751e8b465ee728b)
Start importing Assets/polyperfect/Low Poly Icon Pack/Images/_Icons/Barrels/icon_barrel-orange-closed_LP.png using Guid(e4fab2d929b322e4c958f3cbef8f934f) Importer(815301076,1909f56bfc062723c751e8b465ee728b)  -> (artifact id: 'f55b6cc451aa4d0f1bb12afadcdbbb4b') in 0.082674 seconds 
========================================================================
Received Import Request.
  Time since last request: 0.000026 seconds.
  path: Assets/polyperfect/Low Poly Icon Pack/Images/_Icons/Barrels/icon_barrel-yellow-closed_LP.png
  artifactKey: Guid(6f78b0279b96b4b48b9cb095a50eabbb) Importer(815301076,1909f56bfc062723c751e8b465ee728b)
Start importing Assets/polyperfect/Low Poly Icon Pack/Images/_Icons/Barrels/icon_barrel-yellow-closed_LP.png using Guid(6f78b0279b96b4b48b9cb095a50eabbb) Importer(815301076,1909f56bfc062723c751e8b465ee728b)  -> (artifact id: '38831f82f41c265d65ee99097e12defb') in 0.067803 seconds 
========================================================================
Received Import Request.
  Time since last request: 0.329009 seconds.
  path: Assets/polyperfect/Low Poly Icon Pack/Images/_Icons/Avatars/icon_businessman-head_LP.png
  artifactKey: Guid(0d07ff303192c0a4e84a69dc52c13e72) Importer(815301076,1909f56bfc062723c751e8b465ee728b)
Start importing Assets/polyperfect/Low Poly Icon Pack/Images/_Icons/Avatars/icon_businessman-head_LP.png using Guid(0d07ff303192c0a4e84a69dc52c13e72) Importer(815301076,1909f56bfc062723c751e8b465ee728b)  -> (artifact id: '5c5773bdb445ed0f74bc1615ee1383e5') in 0.103344 seconds 
========================================================================
Received Import Request.
  Time since last request: 0.000342 seconds.
  path: Assets/polyperfect/Low Poly Icon Pack/Images/_Icons/Avatars/icon_soldier-head_LP.png
  artifactKey: Guid(1e60dfe827e67b84a95abff18c725be9) Importer(815301076,1909f56bfc062723c751e8b465ee728b)
Start importing Assets/polyperfect/Low Poly Icon Pack/Images/_Icons/Avatars/icon_soldier-head_LP.png using Guid(1e60dfe827e67b84a95abff18c725be9) Importer(815301076,1909f56bfc062723c751e8b465ee728b)  -> (artifact id: '078927a7856e6f6aa7c1265c3bfc6da0') in 0.103168 seconds 
========================================================================
Received Import Request.
  Time since last request: 0.000044 seconds.
  path: Assets/polyperfect/Low Poly Icon Pack/Images/_Icons/Avatars/icon_superhero-man-head_LP.png
  artifactKey: Guid(ba49fcd02451ceb468cee7b24120f688) Importer(815301076,1909f56bfc062723c751e8b465ee728b)
Start importing Assets/polyperfect/Low Poly Icon Pack/Images/_Icons/Avatars/icon_superhero-man-head_LP.png using Guid(ba49fcd02451ceb468cee7b24120f688) Importer(815301076,1909f56bfc062723c751e8b465ee728b)  -> (artifact id: '7f6c3e038c767a326961108aa8de6ac9') in 0.080745 seconds 
========================================================================
Received Import Request.
  Time since last request: 0.000033 seconds.
  path: Assets/polyperfect/Low Poly Icon Pack/Images/_Icons/Avatars/icon_soldier-navy-pilot-us-head_LP.png
  artifactKey: Guid(f1353632f0fa8074b89c20f86edb5d17) Importer(815301076,1909f56bfc062723c751e8b465ee728b)
Start importing Assets/polyperfect/Low Poly Icon Pack/Images/_Icons/Avatars/icon_soldier-navy-pilot-us-head_LP.png using Guid(f1353632f0fa8074b89c20f86edb5d17) Importer(815301076,1909f56bfc062723c751e8b465ee728b)  -> (artifact id: 'e0c48fc429c7434e29a63609efc14254') in 0.083596 seconds 
========================================================================
Received Import Request.
  Time since last request: 0.000032 seconds.
  path: Assets/polyperfect/Low Poly Icon Pack/Images/_Icons/Animations/icon_animation-stand_LP.png
  artifactKey: Guid(754d326427eb3184e9c8a61ef2f05057) Importer(815301076,1909f56bfc062723c751e8b465ee728b)
Start importing Assets/polyperfect/Low Poly Icon Pack/Images/_Icons/Animations/icon_animation-stand_LP.png using Guid(754d326427eb3184e9c8a61ef2f05057) Importer(815301076,1909f56bfc062723c751e8b465ee728b)  -> (artifact id: '8b2699b24eb7fcde03ecefe4a3f5f9ff') in 0.080206 seconds 
========================================================================
Received Import Request.
  Time since last request: 0.000046 seconds.
  path: Assets/polyperfect/Low Poly Icon Pack/Images/_Icons/Animations/icon_letter-T_LP.png
  artifactKey: Guid(22b6a6f0f99b3154fb801536f87c4cd3) Importer(815301076,1909f56bfc062723c751e8b465ee728b)
Start importing Assets/polyperfect/Low Poly Icon Pack/Images/_Icons/Animations/icon_letter-T_LP.png using Guid(22b6a6f0f99b3154fb801536f87c4cd3) Importer(815301076,1909f56bfc062723c751e8b465ee728b)  -> (artifact id: 'd012a174dcfd2552fef7f742f91d5e96') in 0.078683 seconds 
========================================================================
Received Import Request.
  Time since last request: 0.000036 seconds.
  path: Assets/polyperfect/Low Poly Icon Pack/Images/_Icons/Avatars/icon_viking-head_LP.png
  artifactKey: Guid(9ada4fab318c6e143a6442a80f6aa990) Importer(815301076,1909f56bfc062723c751e8b465ee728b)
Start importing Assets/polyperfect/Low Poly Icon Pack/Images/_Icons/Avatars/icon_viking-head_LP.png using Guid(9ada4fab318c6e143a6442a80f6aa990) Importer(815301076,1909f56bfc062723c751e8b465ee728b)  -> (artifact id: '98564348f040bd4ad460d45ef034f3c1') in 0.090009 seconds 
========================================================================
Received Import Request.
  Time since last request: 0.000024 seconds.
  path: Assets/polyperfect/Low Poly Icon Pack/Images/_Icons/Avatars/icon_knight-head_LP.png
  artifactKey: Guid(a9aa435cce4de3d468a8f2ea9e00823c) Importer(815301076,1909f56bfc062723c751e8b465ee728b)
Start importing Assets/polyperfect/Low Poly Icon Pack/Images/_Icons/Avatars/icon_knight-head_LP.png using Guid(a9aa435cce4de3d468a8f2ea9e00823c) Importer(815301076,1909f56bfc062723c751e8b465ee728b)  -> (artifact id: '4bb047db63d2701516cf34ecc5a62250') in 0.074016 seconds 
========================================================================
Received Import Request.
  Time since last request: 0.188419 seconds.
  path: Assets/polyperfect/Low Poly Icon Pack/Images/_Icons/Animals/icon_boar-head_LP.png
  artifactKey: Guid(86feeda5ebf2f9f48bc8b1ec56ba42b6) Importer(815301076,1909f56bfc062723c751e8b465ee728b)
Start importing Assets/polyperfect/Low Poly Icon Pack/Images/_Icons/Animals/icon_boar-head_LP.png using Guid(86feeda5ebf2f9f48bc8b1ec56ba42b6) Importer(815301076,1909f56bfc062723c751e8b465ee728b)  -> (artifact id: 'f95b210a2ea03376e4f34af7f897404d') in 0.083270 seconds 
========================================================================
Received Import Request.
  Time since last request: 0.000034 seconds.
  path: Assets/polyperfect/Low Poly Icon Pack/Images/_Icons/Animals/icon_wolf_LP.png
  artifactKey: Guid(6a08ff6b409cb894fbbdc81301dae2ef) Importer(815301076,1909f56bfc062723c751e8b465ee728b)
Start importing Assets/polyperfect/Low Poly Icon Pack/Images/_Icons/Animals/icon_wolf_LP.png using Guid(6a08ff6b409cb894fbbdc81301dae2ef) Importer(815301076,1909f56bfc062723c751e8b465ee728b)  -> (artifact id: 'afcf71f10779dcb63cd231b041408871') in 0.110009 seconds 
========================================================================
Received Import Request.
  Time since last request: 0.000060 seconds.
  path: Assets/polyperfect/Low Poly Icon Pack/Images/_Icons/Animals/icon_shark_LP.png
  artifactKey: Guid(019a180759b53084e9967b484833b40f) Importer(815301076,1909f56bfc062723c751e8b465ee728b)
Start importing Assets/polyperfect/Low Poly Icon Pack/Images/_Icons/Animals/icon_shark_LP.png using Guid(019a180759b53084e9967b484833b40f) Importer(815301076,1909f56bfc062723c751e8b465ee728b)  -> (artifact id: '73f491a2f60966a6c389fd1350003e1d') in 0.089669 seconds 
========================================================================
Received Import Request.
  Time since last request: 0.000027 seconds.
  path: Assets/polyperfect/Low Poly Icon Pack/Images/_Icons/Animals/icon_shark-head_LP.png
  artifactKey: Guid(30cab538df84db846a6af7d8c1677da8) Importer(815301076,1909f56bfc062723c751e8b465ee728b)
Start importing Assets/polyperfect/Low Poly Icon Pack/Images/_Icons/Animals/icon_shark-head_LP.png using Guid(30cab538df84db846a6af7d8c1677da8) Importer(815301076,1909f56bfc062723c751e8b465ee728b)  -> (artifact id: '0dca7135f7bdfc13b860c216b2ed6c14') in 0.081495 seconds 
========================================================================
Received Import Request.
  Time since last request: 0.000030 seconds.
  path: Assets/polyperfect/Low Poly Icon Pack/Images/_Icons/Animals/icon_trex_LP.png
  artifactKey: Guid(18eb8eda5b63a4240949fc5f3d763fb1) Importer(815301076,1909f56bfc062723c751e8b465ee728b)
Start importing Assets/polyperfect/Low Poly Icon Pack/Images/_Icons/Animals/icon_trex_LP.png using Guid(18eb8eda5b63a4240949fc5f3d763fb1) Importer(815301076,1909f56bfc062723c751e8b465ee728b)  -> (artifact id: 'c253b92ea5d018c66c283aa0cb3d10f4') in 0.073932 seconds 
========================================================================
Received Import Request.
  Time since last request: 0.000035 seconds.
  path: Assets/polyperfect/Low Poly Icon Pack/Images/_Icons/Animals/icon_penguin_LP.png
  artifactKey: Guid(efc88612428dcb942bb22888f921564e) Importer(815301076,1909f56bfc062723c751e8b465ee728b)
Start importing Assets/polyperfect/Low Poly Icon Pack/Images/_Icons/Animals/icon_penguin_LP.png using Guid(efc88612428dcb942bb22888f921564e) Importer(815301076,1909f56bfc062723c751e8b465ee728b)  -> (artifact id: '5a862041af9e65430dfa229ead3ca158') in 0.110271 seconds 
========================================================================
Received Import Request.
  Time since last request: 0.000033 seconds.
  path: Assets/polyperfect/Low Poly Icon Pack/Images/_Icons/Animals/icon_jellyfish_LP.png
  artifactKey: Guid(da0aabaf18fc60047bce4f2c8a0dc3ec) Importer(815301076,1909f56bfc062723c751e8b465ee728b)
Start importing Assets/polyperfect/Low Poly Icon Pack/Images/_Icons/Animals/icon_jellyfish_LP.png using Guid(da0aabaf18fc60047bce4f2c8a0dc3ec) Importer(815301076,1909f56bfc062723c751e8b465ee728b)  -> (artifact id: 'bcf44ba1567412e490c66457f0b6f9c0') in 0.078907 seconds 
========================================================================
Received Import Request.
  Time since last request: 0.580909 seconds.
  path: Assets/polyperfect/Low Poly Icon Pack/Images/_Icons/Sport/icon_box-attack_LP.png
  artifactKey: Guid(479df1c852d6f7f4891ebec3af25e2ae) Importer(815301076,1909f56bfc062723c751e8b465ee728b)
Start importing Assets/polyperfect/Low Poly Icon Pack/Images/_Icons/Sport/icon_box-attack_LP.png using Guid(479df1c852d6f7f4891ebec3af25e2ae) Importer(815301076,1909f56bfc062723c751e8b465ee728b)  -> (artifact id: 'b03f2bd61899d786838b774aa6a62f59') in 0.091944 seconds 
========================================================================
Received Import Request.
  Time since last request: 0.000027 seconds.
  path: Assets/polyperfect/Low Poly Icon Pack/Images/_Icons/Sport/icon_podium-stand_LP.png
  artifactKey: Guid(4fbc93e0d60f6d24f82dec0e37a7cec5) Importer(815301076,1909f56bfc062723c751e8b465ee728b)
Start importing Assets/polyperfect/Low Poly Icon Pack/Images/_Icons/Sport/icon_podium-stand_LP.png using Guid(4fbc93e0d60f6d24f82dec0e37a7cec5) Importer(815301076,1909f56bfc062723c751e8b465ee728b)  -> (artifact id: '033ffed6ba4f91813d1b765d3c036282') in 0.104210 seconds 
========================================================================
Received Import Request.
  Time since last request: 0.346915 seconds.
  path: Assets/polyperfect/Low Poly Icon Pack/Images/_Icons/Survival/icon_barricade-window_LP.png
  artifactKey: Guid(01c7bca7b2f0d064fbc75ec65c03e2fb) Importer(815301076,1909f56bfc062723c751e8b465ee728b)
Start importing Assets/polyperfect/Low Poly Icon Pack/Images/_Icons/Survival/icon_barricade-window_LP.png using Guid(01c7bca7b2f0d064fbc75ec65c03e2fb) Importer(815301076,1909f56bfc062723c751e8b465ee728b)  -> (artifact id: '49b8a151c09ba9b0e2eb5935327a183f') in 0.088196 seconds 
========================================================================
Received Import Request.
  Time since last request: 0.000028 seconds.
  path: Assets/polyperfect/Low Poly Icon Pack/Images/_Icons/Survival/icon_crate-supply_LP.png
  artifactKey: Guid(adc848595500c6847be28f3538474f67) Importer(815301076,1909f56bfc062723c751e8b465ee728b)
Start importing Assets/polyperfect/Low Poly Icon Pack/Images/_Icons/Survival/icon_crate-supply_LP.png using Guid(adc848595500c6847be28f3538474f67) Importer(815301076,1909f56bfc062723c751e8b465ee728b)  -> (artifact id: 'cbb0b3949c8f69307e6c5c8b7b4bbaac') in 0.093249 seconds 
========================================================================
Received Import Request.
  Time since last request: 0.000035 seconds.
  path: Assets/polyperfect/Low Poly Icon Pack/Images/_Icons/Survival/icon_generator_LP.png
  artifactKey: Guid(e6e89a3a82cf7bb4692f134511969ea9) Importer(815301076,1909f56bfc062723c751e8b465ee728b)
Start importing Assets/polyperfect/Low Poly Icon Pack/Images/_Icons/Survival/icon_generator_LP.png using Guid(e6e89a3a82cf7bb4692f134511969ea9) Importer(815301076,1909f56bfc062723c751e8b465ee728b)  -> (artifact id: 'b5aae9b25aff15f077794babae1120a6') in 0.088549 seconds 
========================================================================
Received Import Request.
  Time since last request: 0.000025 seconds.
  path: Assets/polyperfect/Low Poly Icon Pack/Images/_Icons/Survival/icon_can-open_LP.png
  artifactKey: Guid(c2d3842efa0d72a4782e1499285266cf) Importer(815301076,1909f56bfc062723c751e8b465ee728b)
Start importing Assets/polyperfect/Low Poly Icon Pack/Images/_Icons/Survival/icon_can-open_LP.png using Guid(c2d3842efa0d72a4782e1499285266cf) Importer(815301076,1909f56bfc062723c751e8b465ee728b)  -> (artifact id: 'e894123f6689eac89c909c8aad34f4ba') in 0.088291 seconds 
========================================================================
Received Import Request.
  Time since last request: 0.000025 seconds.
  path: Assets/polyperfect/Low Poly Icon Pack/Images/_Icons/Survival/icon_sleeping-bag_LP.png
  artifactKey: Guid(bf15ef8415443424aa55b15385b59baf) Importer(815301076,1909f56bfc062723c751e8b465ee728b)
Start importing Assets/polyperfect/Low Poly Icon Pack/Images/_Icons/Survival/icon_sleeping-bag_LP.png using Guid(bf15ef8415443424aa55b15385b59baf) Importer(815301076,1909f56bfc062723c751e8b465ee728b)  -> (artifact id: '2a6699920135d5b03d239b0f9663c37d') in 0.091018 seconds 
========================================================================
Received Import Request.
  Time since last request: 0.000040 seconds.
  path: Assets/polyperfect/Low Poly Icon Pack/Images/_Icons/Tools/icon_nails_LP.png
  artifactKey: Guid(bad1cb62bcf058c49b1dc157a29da146) Importer(815301076,1909f56bfc062723c751e8b465ee728b)
Start importing Assets/polyperfect/Low Poly Icon Pack/Images/_Icons/Tools/icon_nails_LP.png using Guid(bad1cb62bcf058c49b1dc157a29da146) Importer(815301076,1909f56bfc062723c751e8b465ee728b)  -> (artifact id: '9a6d31ff71b34bd0b6e37b13b0010ef2') in 0.082916 seconds 
========================================================================
Received Import Request.
  Time since last request: 0.000050 seconds.
  path: Assets/polyperfect/Low Poly Icon Pack/Images/_Icons/Tools/icon_megaphone_LP.png
  artifactKey: Guid(088af9bb0ec3f964c8ff1bcc970e03f2) Importer(815301076,1909f56bfc062723c751e8b465ee728b)
Start importing Assets/polyperfect/Low Poly Icon Pack/Images/_Icons/Tools/icon_megaphone_LP.png using Guid(088af9bb0ec3f964c8ff1bcc970e03f2) Importer(815301076,1909f56bfc062723c751e8b465ee728b)  -> (artifact id: '2c058709416786c9f5a60134fe155f14') in 0.090664 seconds 
========================================================================
Received Import Request.
  Time since last request: 0.000039 seconds.
  path: Assets/polyperfect/Low Poly Icon Pack/Images/_Icons/Tools/icon_map_LP.png
  artifactKey: Guid(2f4a04ceb7b4e894291c6ae583b2c761) Importer(815301076,1909f56bfc062723c751e8b465ee728b)
Start importing Assets/polyperfect/Low Poly Icon Pack/Images/_Icons/Tools/icon_map_LP.png using Guid(2f4a04ceb7b4e894291c6ae583b2c761) Importer(815301076,1909f56bfc062723c751e8b465ee728b)  -> (artifact id: 'b0a6df5914a369ef9a28b64be6bcb655') in 0.080685 seconds 
========================================================================
Received Import Request.
  Time since last request: 0.160295 seconds.
  path: Assets/polyperfect/Low Poly Icon Pack/Images/_Icons/Vehicles/icon_canister-gas_LP.png
  artifactKey: Guid(cfde44a9f4dbb7f4d87eb4045b68adf2) Importer(815301076,1909f56bfc062723c751e8b465ee728b)
Start importing Assets/polyperfect/Low Poly Icon Pack/Images/_Icons/Vehicles/icon_canister-gas_LP.png using Guid(cfde44a9f4dbb7f4d87eb4045b68adf2) Importer(815301076,1909f56bfc062723c751e8b465ee728b)  -> (artifact id: '3ea351ecfbf2803aba62a52d6a29eb19') in 0.085514 seconds 
========================================================================
Received Import Request.
  Time since last request: 0.000030 seconds.
  path: Assets/polyperfect/Low Poly Icon Pack/Images/_Icons/Vehicles/icon_oil_LP.png
  artifactKey: Guid(bbc9952cd85b1994b96b4fb6fe7123f8) Importer(815301076,1909f56bfc062723c751e8b465ee728b)
Start importing Assets/polyperfect/Low Poly Icon Pack/Images/_Icons/Vehicles/icon_oil_LP.png using Guid(bbc9952cd85b1994b96b4fb6fe7123f8) Importer(815301076,1909f56bfc062723c751e8b465ee728b)  -> (artifact id: '319c96700022dc6ede873fde38ac480f') in 0.073929 seconds 
========================================================================
Received Import Request.
  Time since last request: 0.189052 seconds.
  path: Assets/polyperfect/Low Poly Icon Pack/Images/_Icons/War/icon_medkit-old_LP.png
  artifactKey: Guid(f875dc6baf6661a4e83da6eea8fd160d) Importer(815301076,1909f56bfc062723c751e8b465ee728b)
Start importing Assets/polyperfect/Low Poly Icon Pack/Images/_Icons/War/icon_medkit-old_LP.png using Guid(f875dc6baf6661a4e83da6eea8fd160d) Importer(815301076,1909f56bfc062723c751e8b465ee728b)  -> (artifact id: '47cd85fd62d0cc829a49e91c6ffcdd1a') in 0.112638 seconds 
========================================================================
Received Import Request.
  Time since last request: 181.372684 seconds.
  path: Assets/polyperfect/Low Poly Icon Pack/Images/_Icons/Fruits/icon_apple_LP.png
  artifactKey: Guid(3f01114fc61f25740a849654b96189f0) Importer(815301076,1909f56bfc062723c751e8b465ee728b)
Start importing Assets/polyperfect/Low Poly Icon Pack/Images/_Icons/Fruits/icon_apple_LP.png using Guid(3f01114fc61f25740a849654b96189f0) Importer(815301076,1909f56bfc062723c751e8b465ee728b)  -> (artifact id: 'a3bef11b055e5a58a31b2aed29b1d46b') in 0.092478 seconds 
========================================================================
Received Import Request.
  Time since last request: 0.000035 seconds.
  path: Assets/polyperfect/Low Poly Icon Pack/Images/_Icons/Fruits/icon_pumkin_LP.png
  artifactKey: Guid(190f3d28ef92adf4abf95b7d8ac0521c) Importer(815301076,1909f56bfc062723c751e8b465ee728b)
Start importing Assets/polyperfect/Low Poly Icon Pack/Images/_Icons/Fruits/icon_pumkin_LP.png using Guid(190f3d28ef92adf4abf95b7d8ac0521c) Importer(815301076,1909f56bfc062723c751e8b465ee728b)  -> (artifact id: '63666f236b28b4426b64861dab12e469') in 0.075816 seconds 
========================================================================
Received Import Request.
  Time since last request: 0.000043 seconds.
  path: Assets/polyperfect/Low Poly Icon Pack/Images/_Icons/Fruits/icon_orange_LP.png
  artifactKey: Guid(8ec413ebc217724449dfc08189a2f1cd) Importer(815301076,1909f56bfc062723c751e8b465ee728b)
Start importing Assets/polyperfect/Low Poly Icon Pack/Images/_Icons/Fruits/icon_orange_LP.png using Guid(8ec413ebc217724449dfc08189a2f1cd) Importer(815301076,1909f56bfc062723c751e8b465ee728b)  -> (artifact id: '0b336ae49def8cff8c7fde168e12e2ba') in 0.088697 seconds 
========================================================================
Received Import Request.
  Time since last request: 0.000034 seconds.
  path: Assets/polyperfect/Low Poly Icon Pack/Images/_Icons/Fruits/icon_kiwi-slice_LP.png
  artifactKey: Guid(536508790354175448fec103ba00e428) Importer(815301076,1909f56bfc062723c751e8b465ee728b)
Start importing Assets/polyperfect/Low Poly Icon Pack/Images/_Icons/Fruits/icon_kiwi-slice_LP.png using Guid(536508790354175448fec103ba00e428) Importer(815301076,1909f56bfc062723c751e8b465ee728b)  -> (artifact id: 'b3cfee4d6652df2e4223b17f6658f5e5') in 0.084767 seconds 
========================================================================
Received Import Request.
  Time since last request: 0.000028 seconds.
  path: Assets/polyperfect/Low Poly Icon Pack/Images/_Icons/Fruits/icon_coconut-slice_LP.png
  artifactKey: Guid(8bad96a8b7fef9c479cbb6595c9b2122) Importer(815301076,1909f56bfc062723c751e8b465ee728b)
Start importing Assets/polyperfect/Low Poly Icon Pack/Images/_Icons/Fruits/icon_coconut-slice_LP.png using Guid(8bad96a8b7fef9c479cbb6595c9b2122) Importer(815301076,1909f56bfc062723c751e8b465ee728b)  -> (artifact id: 'd81d5e113b48fe8da21fff46309b6926') in 0.073391 seconds 
========================================================================
Received Import Request.
  Time since last request: 0.000026 seconds.
  path: Assets/polyperfect/Low Poly Icon Pack/Images/_Icons/Fruits/icon_lemon-slice_LP.png
  artifactKey: Guid(2e634ba4801132e44bd04490b0c0f1aa) Importer(815301076,1909f56bfc062723c751e8b465ee728b)
Start importing Assets/polyperfect/Low Poly Icon Pack/Images/_Icons/Fruits/icon_lemon-slice_LP.png using Guid(2e634ba4801132e44bd04490b0c0f1aa) Importer(815301076,1909f56bfc062723c751e8b465ee728b)  -> (artifact id: 'd1764d0caebc0a5fba652ab690d6a1ac') in 0.067959 seconds 
========================================================================
Received Import Request.
  Time since last request: 0.000029 seconds.
  path: Assets/polyperfect/Low Poly Icon Pack/Images/_Icons/Fruits/icon_lemon_LP.png
  artifactKey: Guid(4f0ace8027ac9de449142c05772175c5) Importer(815301076,1909f56bfc062723c751e8b465ee728b)
Start importing Assets/polyperfect/Low Poly Icon Pack/Images/_Icons/Fruits/icon_lemon_LP.png using Guid(4f0ace8027ac9de449142c05772175c5) Importer(815301076,1909f56bfc062723c751e8b465ee728b)  -> (artifact id: 'db45dc6290b27ef75cc3fa05b40f9f12') in 0.071675 seconds 
========================================================================
Received Import Request.
  Time since last request: 0.000034 seconds.
  path: Assets/polyperfect/Low Poly Icon Pack/Images/_Icons/Fruits/icon_salad_LP.png
  artifactKey: Guid(891551327d420194aa4db29278512557) Importer(815301076,1909f56bfc062723c751e8b465ee728b)
Start importing Assets/polyperfect/Low Poly Icon Pack/Images/_Icons/Fruits/icon_salad_LP.png using Guid(891551327d420194aa4db29278512557) Importer(815301076,1909f56bfc062723c751e8b465ee728b)  -> (artifact id: 'c3426cb51a3e62d9c186af58d5c600a1') in 0.079639 seconds 
========================================================================
Received Import Request.
  Time since last request: 0.000024 seconds.
  path: Assets/polyperfect/Low Poly Icon Pack/Images/_Icons/Fruits/icon_eggplant_LP.png
  artifactKey: Guid(635f343e768a5ad46bc9b8e377ccfb4b) Importer(815301076,1909f56bfc062723c751e8b465ee728b)
Start importing Assets/polyperfect/Low Poly Icon Pack/Images/_Icons/Fruits/icon_eggplant_LP.png using Guid(635f343e768a5ad46bc9b8e377ccfb4b) Importer(815301076,1909f56bfc062723c751e8b465ee728b)  -> (artifact id: '6504682944b52bd1cdb1993278ec87e4') in 0.079756 seconds 
========================================================================
Received Import Request.
  Time since last request: 0.000025 seconds.
  path: Assets/polyperfect/Low Poly Icon Pack/Images/_Icons/Fruits/icon_grape-blue_LP.png
  artifactKey: Guid(88bd2e388673a1b47bd25bdd3e779bc9) Importer(815301076,1909f56bfc062723c751e8b465ee728b)
Start importing Assets/polyperfect/Low Poly Icon Pack/Images/_Icons/Fruits/icon_grape-blue_LP.png using Guid(88bd2e388673a1b47bd25bdd3e779bc9) Importer(815301076,1909f56bfc062723c751e8b465ee728b)  -> (artifact id: '26cffd677d9dbaafc7fa4c83dcb4828f') in 0.074861 seconds 
========================================================================
Received Import Request.
  Time since last request: 0.000030 seconds.
  path: Assets/polyperfect/Low Poly Icon Pack/Images/_Icons/Fruits/icon_carrot_LP.png
  artifactKey: Guid(e70f66b4c1e33ef428c0ea849a6c00f0) Importer(815301076,1909f56bfc062723c751e8b465ee728b)
Start importing Assets/polyperfect/Low Poly Icon Pack/Images/_Icons/Fruits/icon_carrot_LP.png using Guid(e70f66b4c1e33ef428c0ea849a6c00f0) Importer(815301076,1909f56bfc062723c751e8b465ee728b)  -> (artifact id: '66d608c6c0e50b2adeec5f94eccfbf9a') in 0.068153 seconds 
========================================================================
Received Import Request.
  Time since last request: 0.000039 seconds.
  path: Assets/polyperfect/Low Poly Icon Pack/Images/_Icons/Fruits/icon_strawberry_LP.png
  artifactKey: Guid(60ad3e64f1b76ea44bd28f5ed868d286) Importer(815301076,1909f56bfc062723c751e8b465ee728b)
Start importing Assets/polyperfect/Low Poly Icon Pack/Images/_Icons/Fruits/icon_strawberry_LP.png using Guid(60ad3e64f1b76ea44bd28f5ed868d286) Importer(815301076,1909f56bfc062723c751e8b465ee728b)  -> (artifact id: 'd5135b0f0e6920b1221db80ad57f1dd8') in 0.072716 seconds 
========================================================================
Received Import Request.
  Time since last request: 0.000023 seconds.
  path: Assets/polyperfect/Low Poly Icon Pack/Images/_Icons/Fruits/icon_corn_LP.png
  artifactKey: Guid(e64dccd24fc3a844ebcda5b58dc72e98) Importer(815301076,1909f56bfc062723c751e8b465ee728b)
Start importing Assets/polyperfect/Low Poly Icon Pack/Images/_Icons/Fruits/icon_corn_LP.png using Guid(e64dccd24fc3a844ebcda5b58dc72e98) Importer(815301076,1909f56bfc062723c751e8b465ee728b)  -> (artifact id: 'e88f7138681bf3daa43f552d651680ba') in 0.092311 seconds 
========================================================================
Received Import Request.
  Time since last request: 0.000048 seconds.
  path: Assets/polyperfect/Low Poly Icon Pack/Images/_Icons/Fruits/icon_tomato_LP.png
  artifactKey: Guid(3af872ffd1c4d8348857fec8f4ddc1a0) Importer(815301076,1909f56bfc062723c751e8b465ee728b)
Start importing Assets/polyperfect/Low Poly Icon Pack/Images/_Icons/Fruits/icon_tomato_LP.png using Guid(3af872ffd1c4d8348857fec8f4ddc1a0) Importer(815301076,1909f56bfc062723c751e8b465ee728b)  -> (artifact id: '34136e960ba188f21396a23f9ac31bea') in 0.100248 seconds 
========================================================================
Received Import Request.
  Time since last request: 0.000026 seconds.
  path: Assets/polyperfect/Low Poly Icon Pack/Images/_Icons/Fruits/icon_cherries_LP.png
  artifactKey: Guid(3fe12cfba61af394080aafb8cef2d74c) Importer(815301076,1909f56bfc062723c751e8b465ee728b)
Start importing Assets/polyperfect/Low Poly Icon Pack/Images/_Icons/Fruits/icon_cherries_LP.png using Guid(3fe12cfba61af394080aafb8cef2d74c) Importer(815301076,1909f56bfc062723c751e8b465ee728b)  -> (artifact id: '4d4930ef4bcdac325783e2df5672c92b') in 0.077942 seconds 
========================================================================
Received Import Request.
  Time since last request: 40.881270 seconds.
  path: Assets/polyperfect/Low Poly Icon Pack/Images/_Icons/Food/icon_can-pack-small_LP.png
  artifactKey: Guid(cf5fe36035c4616458fcc02cfd72d167) Importer(815301076,1909f56bfc062723c751e8b465ee728b)
Start importing Assets/polyperfect/Low Poly Icon Pack/Images/_Icons/Food/icon_can-pack-small_LP.png using Guid(cf5fe36035c4616458fcc02cfd72d167) Importer(815301076,1909f56bfc062723c751e8b465ee728b)  -> (artifact id: '33e7536b207645c5c1cd2770b1712a35') in 0.093795 seconds 
========================================================================
Received Import Request.
  Time since last request: 0.000023 seconds.
  path: Assets/polyperfect/Low Poly Icon Pack/Images/_Icons/Food/icon_pizza-box_LP.png
  artifactKey: Guid(3f28664fc8ac67e4795f079b74c11d4f) Importer(815301076,1909f56bfc062723c751e8b465ee728b)
Start importing Assets/polyperfect/Low Poly Icon Pack/Images/_Icons/Food/icon_pizza-box_LP.png using Guid(3f28664fc8ac67e4795f079b74c11d4f) Importer(815301076,1909f56bfc062723c751e8b465ee728b)  -> (artifact id: '0c5e1f6dbb6e54c1b4fe88bc57ede4ca') in 0.088686 seconds 
========================================================================
Received Import Request.
  Time since last request: 0.000028 seconds.
  path: Assets/polyperfect/Low Poly Icon Pack/Images/_Icons/Food/icon_steak_LP.png
  artifactKey: Guid(abf0bd98db6e42d4b86995a38d811ee2) Importer(815301076,1909f56bfc062723c751e8b465ee728b)
Start importing Assets/polyperfect/Low Poly Icon Pack/Images/_Icons/Food/icon_steak_LP.png using Guid(abf0bd98db6e42d4b86995a38d811ee2) Importer(815301076,1909f56bfc062723c751e8b465ee728b)  -> (artifact id: 'ce47bda2702545e3507f72ec93cc10d2') in 0.086529 seconds 
========================================================================
Received Import Request.
  Time since last request: 0.000057 seconds.
  path: Assets/polyperfect/Low Poly Icon Pack/Images/_Icons/Food/icon_hotdog_LP.png
  artifactKey: Guid(95380ad69f2662b4a8c08b11c97bd3c6) Importer(815301076,1909f56bfc062723c751e8b465ee728b)
Start importing Assets/polyperfect/Low Poly Icon Pack/Images/_Icons/Food/icon_hotdog_LP.png using Guid(95380ad69f2662b4a8c08b11c97bd3c6) Importer(815301076,1909f56bfc062723c751e8b465ee728b)  -> (artifact id: 'e5f7c8ad13f8d9515cb3c3e4ec7708a5') in 0.084244 seconds 
========================================================================
Received Import Request.
  Time since last request: 0.000031 seconds.
  path: Assets/polyperfect/Low Poly Icon Pack/Images/_Icons/Food/icon_eggs_LP.png
  artifactKey: Guid(d0198000dff6bb745890e3faccb10cbd) Importer(815301076,1909f56bfc062723c751e8b465ee728b)
Start importing Assets/polyperfect/Low Poly Icon Pack/Images/_Icons/Food/icon_eggs_LP.png using Guid(d0198000dff6bb745890e3faccb10cbd) Importer(815301076,1909f56bfc062723c751e8b465ee728b)  -> (artifact id: 'ff69170c5fe50c75e3d123de48327c84') in 0.088467 seconds 
========================================================================
Received Import Request.
  Time since last request: 0.000354 seconds.
  path: Assets/polyperfect/Low Poly Icon Pack/Images/_Icons/Food/icon_ice-cream-stick_LP.png
  artifactKey: Guid(0bb64d9f201c3d04ca710c4fe26de8a1) Importer(815301076,1909f56bfc062723c751e8b465ee728b)
Start importing Assets/polyperfect/Low Poly Icon Pack/Images/_Icons/Food/icon_ice-cream-stick_LP.png using Guid(0bb64d9f201c3d04ca710c4fe26de8a1) Importer(815301076,1909f56bfc062723c751e8b465ee728b)  -> (artifact id: '36d6068911871e2915c0f62f270f7bc5') in 0.080485 seconds 
========================================================================
Received Import Request.
  Time since last request: 4.866525 seconds.
  path: Assets/polyperfect/Low Poly Icon Pack/Images/_Icons/Money/icon_work-suitcase_LP.png
  artifactKey: Guid(f6ab391a8a5ac4a4c9d769dcbbff6411) Importer(815301076,1909f56bfc062723c751e8b465ee728b)
Start importing Assets/polyperfect/Low Poly Icon Pack/Images/_Icons/Money/icon_work-suitcase_LP.png using Guid(f6ab391a8a5ac4a4c9d769dcbbff6411) Importer(815301076,1909f56bfc062723c751e8b465ee728b)  -> (artifact id: '724a210114bde3a276cae5956e34e7e1') in 0.087301 seconds 
========================================================================
Received Import Request.
  Time since last request: 0.747069 seconds.
  path: Assets/polyperfect/Low Poly Icon Pack/Images/_Icons/Music/icon_drum-snare_LP.png
  artifactKey: Guid(c376ba79d5dde4f4c8c52c2c432a3f26) Importer(815301076,1909f56bfc062723c751e8b465ee728b)
Start importing Assets/polyperfect/Low Poly Icon Pack/Images/_Icons/Music/icon_drum-snare_LP.png using Guid(c376ba79d5dde4f4c8c52c2c432a3f26) Importer(815301076,1909f56bfc062723c751e8b465ee728b)  -> (artifact id: 'a2706d65534ca57fba886ef1850ca152') in 0.104812 seconds 
========================================================================
Received Import Request.
  Time since last request: 0.000025 seconds.
  path: Assets/polyperfect/Low Poly Icon Pack/Images/_Icons/Music/icon_microphone_LP.png
  artifactKey: Guid(c2baf69f3a7dd7847893efe217f3036c) Importer(815301076,1909f56bfc062723c751e8b465ee728b)
Start importing Assets/polyperfect/Low Poly Icon Pack/Images/_Icons/Music/icon_microphone_LP.png using Guid(c2baf69f3a7dd7847893efe217f3036c) Importer(815301076,1909f56bfc062723c751e8b465ee728b)  -> (artifact id: '713b59806a35ca194032adfbd3e5a31d') in 0.072869 seconds 
========================================================================
Received Import Request.
  Time since last request: 4.172743 seconds.
  path: Assets/polyperfect/Low Poly Icon Pack/Images/_Icons/Space/icon_planet-ring_LP.png
  artifactKey: Guid(2da66c7e45cbd6e4f89e9c0a5ca12484) Importer(815301076,1909f56bfc062723c751e8b465ee728b)
Start importing Assets/polyperfect/Low Poly Icon Pack/Images/_Icons/Space/icon_planet-ring_LP.png using Guid(2da66c7e45cbd6e4f89e9c0a5ca12484) Importer(815301076,1909f56bfc062723c751e8b465ee728b)  -> (artifact id: 'adc49838067e7529cf2be0a002800de5') in 0.087547 seconds 
========================================================================
Received Import Request.
  Time since last request: 0.578315 seconds.
  path: Assets/polyperfect/Low Poly Icon Pack/Images/_Icons/Scifi/icon_scifi-buggy-cabin_LP.png
  artifactKey: Guid(5c401891f6a75a447bfd59eac2c28586) Importer(815301076,1909f56bfc062723c751e8b465ee728b)
Start importing Assets/polyperfect/Low Poly Icon Pack/Images/_Icons/Scifi/icon_scifi-buggy-cabin_LP.png using Guid(5c401891f6a75a447bfd59eac2c28586) Importer(815301076,1909f56bfc062723c751e8b465ee728b)  -> (artifact id: '01a8aea74fe1ab48e110fc37782cd173') in 0.080829 seconds 
========================================================================
Received Import Request.
  Time since last request: 0.000034 seconds.
  path: Assets/polyperfect/Low Poly Icon Pack/Images/_Icons/Scifi/icon_scifi-buggy_LP.png
  artifactKey: Guid(a1e8329fe3e789649887fc1e23c6ea2c) Importer(815301076,1909f56bfc062723c751e8b465ee728b)
Start importing Assets/polyperfect/Low Poly Icon Pack/Images/_Icons/Scifi/icon_scifi-buggy_LP.png using Guid(a1e8329fe3e789649887fc1e23c6ea2c) Importer(815301076,1909f56bfc062723c751e8b465ee728b)  -> (artifact id: 'c86a070391e75674e38fcf1b1b28773f') in 0.081221 seconds 
========================================================================
Received Import Request.
  Time since last request: 0.000030 seconds.
  path: Assets/polyperfect/Low Poly Icon Pack/Images/_Icons/Scifi/icon_scifi-floor-bottom_LP.png
  artifactKey: Guid(c6bb2369a74aece45bb20c7919d74693) Importer(815301076,1909f56bfc062723c751e8b465ee728b)
Start importing Assets/polyperfect/Low Poly Icon Pack/Images/_Icons/Scifi/icon_scifi-floor-bottom_LP.png using Guid(c6bb2369a74aece45bb20c7919d74693) Importer(815301076,1909f56bfc062723c751e8b465ee728b)  -> (artifact id: '2be09409a146d4f20d5d94201aab02a7') in 0.078929 seconds 
========================================================================
Received Import Request.
  Time since last request: 0.000025 seconds.
  path: Assets/polyperfect/Low Poly Icon Pack/Images/_Icons/Scifi/icon_scifi-mechanical-workshop-LP.png
  artifactKey: Guid(bd00b3cf288971041ae192565e0f0358) Importer(815301076,1909f56bfc062723c751e8b465ee728b)
Start importing Assets/polyperfect/Low Poly Icon Pack/Images/_Icons/Scifi/icon_scifi-mechanical-workshop-LP.png using Guid(bd00b3cf288971041ae192565e0f0358) Importer(815301076,1909f56bfc062723c751e8b465ee728b)  -> (artifact id: '2cd84c90dfc12249198a1ee38bf9cfe2') in 0.077544 seconds 
========================================================================
Received Import Request.
  Time since last request: 2.994999 seconds.
  path: Assets/polyperfect/Low Poly Icon Pack/Images/_Icons/UI/icon_ui-arrow-right_LP.png
  artifactKey: Guid(2a2aa3365675e554b9cfdf21db72b876) Importer(815301076,1909f56bfc062723c751e8b465ee728b)
Start importing Assets/polyperfect/Low Poly Icon Pack/Images/_Icons/UI/icon_ui-arrow-right_LP.png using Guid(2a2aa3365675e554b9cfdf21db72b876) Importer(815301076,1909f56bfc062723c751e8b465ee728b)  -> (artifact id: 'c7b001fe5702a4dbbdc8e02396d734dd') in 0.086149 seconds 
========================================================================
Received Import Request.
  Time since last request: 0.000027 seconds.
  path: Assets/polyperfect/Low Poly Icon Pack/Images/_Icons/UI/icon_ui-gear-wheel-silver_LP.png
  artifactKey: Guid(81c0faf45066433418935b018541e962) Importer(815301076,1909f56bfc062723c751e8b465ee728b)
Start importing Assets/polyperfect/Low Poly Icon Pack/Images/_Icons/UI/icon_ui-gear-wheel-silver_LP.png using Guid(81c0faf45066433418935b018541e962) Importer(815301076,1909f56bfc062723c751e8b465ee728b)  -> (artifact id: '91fe2a211167827916e4a841ae9778df') in 0.087066 seconds 
========================================================================
Received Import Request.
  Time since last request: 0.000041 seconds.
  path: Assets/polyperfect/Low Poly Icon Pack/Images/_Icons/UI/icon_ui-equals_LP.png
  artifactKey: Guid(a1d5bef5c794d9942ab767d01944299e) Importer(815301076,1909f56bfc062723c751e8b465ee728b)
Start importing Assets/polyperfect/Low Poly Icon Pack/Images/_Icons/UI/icon_ui-equals_LP.png using Guid(a1d5bef5c794d9942ab767d01944299e) Importer(815301076,1909f56bfc062723c751e8b465ee728b)  -> (artifact id: '4aa214982c65b642b25c752922430d07') in 0.074586 seconds 
========================================================================
Received Import Request.
  Time since last request: 0.327110 seconds.
  path: Assets/polyperfect/Low Poly Icon Pack/Images/_Icons/Weapons/icon_arrow_LP.png
  artifactKey: Guid(8860f2f14f2b4634ba73a4dbf987b4e4) Importer(815301076,1909f56bfc062723c751e8b465ee728b)
Start importing Assets/polyperfect/Low Poly Icon Pack/Images/_Icons/Weapons/icon_arrow_LP.png using Guid(8860f2f14f2b4634ba73a4dbf987b4e4) Importer(815301076,1909f56bfc062723c751e8b465ee728b)  -> (artifact id: 'b6998a388a1ed9fd8a20665471bde0df') in 0.091340 seconds 
========================================================================
Received Import Request.
  Time since last request: 0.000028 seconds.
  path: Assets/polyperfect/Low Poly Icon Pack/Images/_Icons/Weapons/icon_dynamite-pack_LP.png
  artifactKey: Guid(6f8b8ea50bcf25547b50075131dbed4c) Importer(815301076,1909f56bfc062723c751e8b465ee728b)
Start importing Assets/polyperfect/Low Poly Icon Pack/Images/_Icons/Weapons/icon_dynamite-pack_LP.png using Guid(6f8b8ea50bcf25547b50075131dbed4c) Importer(815301076,1909f56bfc062723c751e8b465ee728b)  -> (artifact id: 'f1d3c3a24072653c3c0f6610aad77ae5') in 0.091087 seconds 
========================================================================
Received Import Request.
  Time since last request: 0.000044 seconds.
  path: Assets/polyperfect/Low Poly Icon Pack/Images/_Icons/Weapons/icon_knife_LP.png
  artifactKey: Guid(b7f009356fbdfdf47a13761b6943dda7) Importer(815301076,1909f56bfc062723c751e8b465ee728b)
Start importing Assets/polyperfect/Low Poly Icon Pack/Images/_Icons/Weapons/icon_knife_LP.png using Guid(b7f009356fbdfdf47a13761b6943dda7) Importer(815301076,1909f56bfc062723c751e8b465ee728b)  -> (artifact id: 'b17a4e68ef67e8da29325672bb95a759') in 0.070468 seconds 
========================================================================
Received Import Request.
  Time since last request: 0.000024 seconds.
  path: Assets/polyperfect/Low Poly Icon Pack/Images/_Icons/Weapons/icon_shotgun-shells_LP.png
  artifactKey: Guid(5316b4436edb0ee41993f072971769d1) Importer(815301076,1909f56bfc062723c751e8b465ee728b)
Start importing Assets/polyperfect/Low Poly Icon Pack/Images/_Icons/Weapons/icon_shotgun-shells_LP.png using Guid(5316b4436edb0ee41993f072971769d1) Importer(815301076,1909f56bfc062723c751e8b465ee728b)  -> (artifact id: 'ed2546fa3e71553aa7ec380d3e350aea') in 0.105461 seconds 
========================================================================
Received Import Request.
  Time since last request: 1.449394 seconds.
  path: Assets/polyperfect/Low Poly Icon Pack/Images/_Special/tile.png
  artifactKey: Guid(ae84c449fc2f7ae4e8b80596fbb18dce) Importer(815301076,1909f56bfc062723c751e8b465ee728b)
Start importing Assets/polyperfect/Low Poly Icon Pack/Images/_Special/tile.png using Guid(ae84c449fc2f7ae4e8b80596fbb18dce) Importer(815301076,1909f56bfc062723c751e8b465ee728b)  -> (artifact id: '0759116d7d38d8b5bb2a5a83f541f0a7') in 0.068165 seconds 
========================================================================
Received Prepare
Registering precompiled user dll's ...
Registered in 0.014504 seconds.
Begin MonoManager ReloadAssembly
Symbol file LoadedFromMemory doesn't match image C:\Users\ajffj\Desktop\CardWorld\GameProject\Library\PackageCache\com.unity.visualscripting@1.7.8\Editor\VisualScripting.Core\Dependencies\YamlDotNet\Unity.VisualScripting.YamlDotNet.dll
Symbol file LoadedFromMemory doesn't match image C:\Users\ajffj\Desktop\CardWorld\GameProject\Library\PackageCache\com.unity.visualscripting@1.7.8\Editor\VisualScripting.Core\Dependencies\DotNetZip\Unity.VisualScripting.IonicZip.dll
Native extension for WindowsStandalone target not found
Refreshing native plugins compatible for Editor in 1.10 ms, found 4 plugins.
Preloading 0 native plugins for Editor in 0.00 ms.
Mono: successfully reloaded assembly
- Completed reload, in  1.354 seconds
Domain Reload Profiling:
	ReloadAssembly (1355ms)
		BeginReloadAssembly (184ms)
			ExecutionOrderSort (0ms)
			DisableScriptedObjects (8ms)
			BackupInstance (0ms)
			ReleaseScriptingObjects (0ms)
			CreateAndSetChildDomain (42ms)
		EndReloadAssembly (1028ms)
			LoadAssemblies (152ms)
			RebuildTransferFunctionScriptingTraits (0ms)
			SetupTypeCache (291ms)
			ReleaseScriptCaches (2ms)
			RebuildScriptCaches (59ms)
			SetupLoadedEditorAssemblies (460ms)
				LogAssemblyErrors (0ms)
				InitializePlatformSupportModulesInManaged (19ms)
				SetLoadedEditorAssemblies (1ms)
				RefreshPlugins (1ms)
				BeforeProcessingInitializeOnLoad (117ms)
				ProcessInitializeOnLoadAttributes (252ms)
				ProcessInitializeOnLoadMethodAttributes (50ms)
				AfterProcessingInitializeOnLoad (19ms)
				EditorAssembliesLoaded (0ms)
			ExecutionOrderSort2 (0ms)
			AwakeInstancesAfterBackupRestoration (23ms)
Platform modules already initialized, skipping
Refreshing native plugins compatible for Editor in 4.68 ms, found 4 plugins.
Preloading 0 native plugins for Editor in 0.00 ms.
Unloading 4097 Unused Serialized files (Serialized files now loaded: 0)
Unloading 31 unused Assets / (189.9 KB). Loaded Objects now: 4597.
Memory consumption went from 168.6 MB to 168.4 MB.
Total: 4.090100 ms (FindLiveObjects: 0.676500 ms CreateObjectMapping: 0.200700 ms MarkObjects: 3.019800 ms  DeleteObjects: 0.191900 ms)

AssetImportParameters requested are different than current active one (requested -> active):
  custom:video-decoder-ogg-theora: a1e56fd34408186e4bbccfd4996cb3dc -> 
  custom:container-muxer-webm: aa71ff27fc2769a1b78a27578f13a17b -> 
  custom:container-demuxer-webm: 4f35f7cbe854078d1ac9338744f61a02 -> 
  custom:video-encoder-webm-vp8: eb34c28f22e8b96e1ab97ce403110664 -> 
  custom:video-codec-MediaFoundation-h265: 746d11721c4dcdbdad8f713fa42b33f4 -> 
  custom:audio-encoder-webm-vorbis: bf7c407c2cedff20999df2af8eb42d56 -> 
  custom:framework-win-MediaFoundation: 216162199b28c13a410421893ffa2e32 -> 
  custom:container-demuxer-ogg: 62fdf1f143b41e24485cea50d1cbac27 -> 
  custom:video-decoder-webm-vp8: 9c59270c3fd7afecdb556c50c9e8de78 -> 
  custom:audio-decoder-ogg-vorbis: bf7c407c2cedff20999df2af8eb42d56 -> 
========================================================================
Received Prepare
Registering precompiled user dll's ...
Registered in 0.013185 seconds.
Begin MonoManager ReloadAssembly
Symbol file LoadedFromMemory doesn't match image C:\Users\ajffj\Desktop\CardWorld\GameProject\Library\PackageCache\com.unity.visualscripting@1.7.8\Editor\VisualScripting.Core\Dependencies\YamlDotNet\Unity.VisualScripting.YamlDotNet.dll
Symbol file LoadedFromMemory doesn't match image C:\Users\ajffj\Desktop\CardWorld\GameProject\Library\PackageCache\com.unity.visualscripting@1.7.8\Editor\VisualScripting.Core\Dependencies\DotNetZip\Unity.VisualScripting.IonicZip.dll
Native extension for WindowsStandalone target not found
Refreshing native plugins compatible for Editor in 0.91 ms, found 4 plugins.
Preloading 0 native plugins for Editor in 0.00 ms.
Mono: successfully reloaded assembly
- Completed reload, in  1.332 seconds
Domain Reload Profiling:
	ReloadAssembly (1333ms)
		BeginReloadAssembly (184ms)
			ExecutionOrderSort (0ms)
			DisableScriptedObjects (9ms)
			BackupInstance (0ms)
			ReleaseScriptingObjects (0ms)
			CreateAndSetChildDomain (39ms)
		EndReloadAssembly (1014ms)
			LoadAssemblies (145ms)
			RebuildTransferFunctionScriptingTraits (0ms)
			SetupTypeCache (271ms)
			ReleaseScriptCaches (1ms)
			RebuildScriptCaches (59ms)
			SetupLoadedEditorAssemblies (471ms)
				LogAssemblyErrors (0ms)
				InitializePlatformSupportModulesInManaged (18ms)
				SetLoadedEditorAssemblies (1ms)
				RefreshPlugins (1ms)
				BeforeProcessingInitializeOnLoad (117ms)
				ProcessInitializeOnLoadAttributes (261ms)
				ProcessInitializeOnLoadMethodAttributes (51ms)
				AfterProcessingInitializeOnLoad (21ms)
				EditorAssembliesLoaded (0ms)
			ExecutionOrderSort2 (0ms)
			AwakeInstancesAfterBackupRestoration (24ms)
Platform modules already initialized, skipping
Refreshing native plugins compatible for Editor in 4.67 ms, found 4 plugins.
Preloading 0 native plugins for Editor in 0.00 ms.
Unloading 4097 Unused Serialized files (Serialized files now loaded: 0)
Unloading 31 unused Assets / (190.1 KB). Loaded Objects now: 4600.
Memory consumption went from 168.6 MB to 168.5 MB.
Total: 3.810400 ms (FindLiveObjects: 0.565800 ms CreateObjectMapping: 0.116700 ms MarkObjects: 2.920600 ms  DeleteObjects: 0.200700 ms)

AssetImportParameters requested are different than current active one (requested -> active):
  custom:video-decoder-ogg-theora: a1e56fd34408186e4bbccfd4996cb3dc -> 
  custom:container-muxer-webm: aa71ff27fc2769a1b78a27578f13a17b -> 
  custom:container-demuxer-webm: 4f35f7cbe854078d1ac9338744f61a02 -> 
  custom:video-encoder-webm-vp8: eb34c28f22e8b96e1ab97ce403110664 -> 
  custom:video-codec-MediaFoundation-h265: 746d11721c4dcdbdad8f713fa42b33f4 -> 
  custom:audio-encoder-webm-vorbis: bf7c407c2cedff20999df2af8eb42d56 -> 
  custom:framework-win-MediaFoundation: 216162199b28c13a410421893ffa2e32 -> 
  custom:container-demuxer-ogg: 62fdf1f143b41e24485cea50d1cbac27 -> 
  custom:video-decoder-webm-vp8: 9c59270c3fd7afecdb556c50c9e8de78 -> 
  custom:audio-decoder-ogg-vorbis: bf7c407c2cedff20999df2af8eb42d56 -> 
