Using pre-set license
Built from '2021.3/staging' branch; Version is '2021.3.6f1 (7da38d85baf6) revision 8233869'; Using compiler version '192829333'; Build Type 'Release'
OS: 'Windows 10  (10.0.19043) 64bit Professional' Language: 'ko' Physical Memory: 48961 MB
BatchMode: 1, IsHumanControllingUs: 0, StartBugReporterOnCrash: 0, Is64bit: 1, IsPro: 1

COMMAND LINE ARGUMENTS:
C:\Program Files\Unity\Hub\Editor\2021.3.6f1\Editor\Unity.exe
-adb2
-batchMode
-noUpm
-name
AssetImportWorker13
-projectPath
C:/Users/ajffj/Desktop/CardWorld/GameProject
-logFile
Logs/AssetImportWorker13.log
-srvPort
9227
Successfully changed project path to: C:/Users/ajffj/Desktop/CardWorld/GameProject
C:/Users/ajffj/Desktop/CardWorld/GameProject
[UnityMemory] Configuration Parameters - Can be set up in boot.config
    "memorysetup-bucket-allocator-granularity=16"
    "memorysetup-bucket-allocator-bucket-count=8"
    "memorysetup-bucket-allocator-block-size=33554432"
    "memorysetup-bucket-allocator-block-count=8"
    "memorysetup-main-allocator-block-size=16777216"
    "memorysetup-thread-allocator-block-size=16777216"
    "memorysetup-gfx-main-allocator-block-size=16777216"
    "memorysetup-gfx-thread-allocator-block-size=16777216"
    "memorysetup-cache-allocator-block-size=4194304"
    "memorysetup-typetree-allocator-block-size=2097152"
    "memorysetup-profiler-bucket-allocator-granularity=16"
    "memorysetup-profiler-bucket-allocator-bucket-count=8"
    "memorysetup-profiler-bucket-allocator-block-size=33554432"
    "memorysetup-profiler-bucket-allocator-block-count=8"
    "memorysetup-profiler-allocator-block-size=16777216"
    "memorysetup-profiler-editor-allocator-block-size=1048576"
    "memorysetup-temp-allocator-size-main=16777216"
    "memorysetup-job-temp-allocator-block-size=2097152"
    "memorysetup-job-temp-allocator-block-size-background=1048576"
    "memorysetup-job-temp-allocator-reduction-small-platforms=262144"
    "memorysetup-temp-allocator-size-background-worker=32768"
    "memorysetup-temp-allocator-size-job-worker=262144"
    "memorysetup-temp-allocator-size-preload-manager=33554432"
    "memorysetup-temp-allocator-size-nav-mesh-worker=65536"
    "memorysetup-temp-allocator-size-audio-worker=65536"
    "memorysetup-temp-allocator-size-cloud-worker=32768"
    "memorysetup-temp-allocator-size-gi-baking-worker=262144"
    "memorysetup-temp-allocator-size-gfx=262144"
Refreshing native plugins compatible for Editor in 174.37 ms, found 4 plugins.
Preloading 0 native plugins for Editor in 0.00 ms.
Initialize engine version: 2021.3.6f1 (7da38d85baf6)
[Subsystems] Discovering subsystems at path C:/Program Files/Unity/Hub/Editor/2021.3.6f1/Editor/Data/Resources/UnitySubsystems
[Subsystems] Discovering subsystems at path C:/Users/ajffj/Desktop/CardWorld/GameProject/Assets
GfxDevice: creating device client; threaded=0; jobified=0
Direct3D:
    Version:  Direct3D 11.0 [level 11.1]
    Renderer: NVIDIA GeForce RTX 3070 (ID=0x2484)
    Vendor:   NVIDIA
    VRAM:     8043 MB
    Driver:   31.0.15.1748
Initialize mono
Mono path[0] = 'C:/Program Files/Unity/Hub/Editor/2021.3.6f1/Editor/Data/Managed'
Mono path[1] = 'C:/Program Files/Unity/Hub/Editor/2021.3.6f1/Editor/Data/MonoBleedingEdge/lib/mono/unityjit-win32'
Mono config path = 'C:/Program Files/Unity/Hub/Editor/2021.3.6f1/Editor/Data/MonoBleedingEdge/etc'
Using monoOptions --debugger-agent=transport=dt_socket,embedding=1,server=y,suspend=n,address=127.0.0.1:56336
Begin MonoManager ReloadAssembly
Registering precompiled unity dll's ...
Register platform support module: C:/Program Files/Unity/Hub/Editor/2021.3.6f1/Editor/Data/PlaybackEngines/WindowsStandaloneSupport/UnityEditor.WindowsStandalone.Extensions.dll
Registered in 0.026392 seconds.
Native extension for WindowsStandalone target not found
Refreshing native plugins compatible for Editor in 124.28 ms, found 4 plugins.
Preloading 0 native plugins for Editor in 0.00 ms.
Mono: successfully reloaded assembly
- Completed reload, in  0.913 seconds
Domain Reload Profiling:
	ReloadAssembly (913ms)
		BeginReloadAssembly (158ms)
			ExecutionOrderSort (0ms)
			DisableScriptedObjects (0ms)
			BackupInstance (0ms)
			ReleaseScriptingObjects (0ms)
			CreateAndSetChildDomain (1ms)
		EndReloadAssembly (571ms)
			LoadAssemblies (152ms)
			RebuildTransferFunctionScriptingTraits (0ms)
			SetupTypeCache (124ms)
			ReleaseScriptCaches (0ms)
			RebuildScriptCaches (33ms)
			SetupLoadedEditorAssemblies (346ms)
				LogAssemblyErrors (0ms)
				InitializePlatformSupportModulesInManaged (10ms)
				SetLoadedEditorAssemblies (0ms)
				RefreshPlugins (124ms)
				BeforeProcessingInitializeOnLoad (1ms)
				ProcessInitializeOnLoadAttributes (140ms)
				ProcessInitializeOnLoadMethodAttributes (70ms)
				AfterProcessingInitializeOnLoad (0ms)
				EditorAssembliesLoaded (0ms)
			ExecutionOrderSort2 (0ms)
			AwakeInstancesAfterBackupRestoration (0ms)
Platform modules already initialized, skipping
Registering precompiled user dll's ...
Registered in 0.016182 seconds.
Begin MonoManager ReloadAssembly
Symbol file LoadedFromMemory doesn't match image C:\Users\ajffj\Desktop\CardWorld\GameProject\Library\PackageCache\com.unity.visualscripting@1.7.8\Editor\VisualScripting.Core\Dependencies\YamlDotNet\Unity.VisualScripting.YamlDotNet.dll
Symbol file LoadedFromMemory doesn't match image C:\Users\ajffj\Desktop\CardWorld\GameProject\Library\PackageCache\com.unity.visualscripting@1.7.8\Editor\VisualScripting.Core\Dependencies\DotNetZip\Unity.VisualScripting.IonicZip.dll
Native extension for WindowsStandalone target not found
Refreshing native plugins compatible for Editor in 118.54 ms, found 4 plugins.
Preloading 0 native plugins for Editor in 0.00 ms.
Mono: successfully reloaded assembly
- Completed reload, in  1.456 seconds
Domain Reload Profiling:
	ReloadAssembly (1457ms)
		BeginReloadAssembly (144ms)
			ExecutionOrderSort (0ms)
			DisableScriptedObjects (6ms)
			BackupInstance (0ms)
			ReleaseScriptingObjects (0ms)
			CreateAndSetChildDomain (20ms)
		EndReloadAssembly (1160ms)
			LoadAssemblies (131ms)
			RebuildTransferFunctionScriptingTraits (0ms)
			SetupTypeCache (279ms)
			ReleaseScriptCaches (1ms)
			RebuildScriptCaches (67ms)
			SetupLoadedEditorAssemblies (620ms)
				LogAssemblyErrors (0ms)
				InitializePlatformSupportModulesInManaged (7ms)
				SetLoadedEditorAssemblies (0ms)
				RefreshPlugins (119ms)
				BeforeProcessingInitializeOnLoad (138ms)
				ProcessInitializeOnLoadAttributes (283ms)
				ProcessInitializeOnLoadMethodAttributes (53ms)
				AfterProcessingInitializeOnLoad (19ms)
				EditorAssembliesLoaded (0ms)
			ExecutionOrderSort2 (0ms)
			AwakeInstancesAfterBackupRestoration (20ms)
Platform modules already initialized, skipping
========================================================================
Worker process is ready to serve import requests
Launched and connected shader compiler UnityShaderCompiler.exe after 0.06 seconds
Refreshing native plugins compatible for Editor in 1.09 ms, found 4 plugins.
Preloading 0 native plugins for Editor in 0.00 ms.
Unloading 4115 Unused Serialized files (Serialized files now loaded: 0)
Unloading 44 unused Assets / (222.6 KB). Loaded Objects now: 4579.
Memory consumption went from 165.4 MB to 165.2 MB.
Total: 2.479200 ms (FindLiveObjects: 0.267000 ms CreateObjectMapping: 0.108100 ms MarkObjects: 1.980600 ms  DeleteObjects: 0.122300 ms)

AssetImportParameters requested are different than current active one (requested -> active):
  custom:video-decoder-ogg-theora: a1e56fd34408186e4bbccfd4996cb3dc -> 
  custom:container-muxer-webm: aa71ff27fc2769a1b78a27578f13a17b -> 
  custom:container-demuxer-webm: 4f35f7cbe854078d1ac9338744f61a02 -> 
  custom:video-encoder-webm-vp8: eb34c28f22e8b96e1ab97ce403110664 -> 
  custom:video-codec-MediaFoundation-h265: 746d11721c4dcdbdad8f713fa42b33f4 -> 
  custom:audio-encoder-webm-vorbis: bf7c407c2cedff20999df2af8eb42d56 -> 
  custom:framework-win-MediaFoundation: 216162199b28c13a410421893ffa2e32 -> 
  custom:container-demuxer-ogg: 62fdf1f143b41e24485cea50d1cbac27 -> 
  custom:video-decoder-webm-vp8: 9c59270c3fd7afecdb556c50c9e8de78 -> 
  custom:audio-decoder-ogg-vorbis: bf7c407c2cedff20999df2af8eb42d56 -> 
========================================================================
Received Import Request.
  Time since last request: 956468.302207 seconds.
  path: Assets/polyperfect/Low Poly Icon Pack/Images/_Icons/Food/icon_candy_LP.png
  artifactKey: Guid(2b1db0eb8e6a2e9498034c072d608c4d) Importer(815301076,1909f56bfc062723c751e8b465ee728b)
Start importing Assets/polyperfect/Low Poly Icon Pack/Images/_Icons/Food/icon_candy_LP.png using Guid(2b1db0eb8e6a2e9498034c072d608c4d) Importer(815301076,1909f56bfc062723c751e8b465ee728b)  -> (artifact id: 'c41935ae3bfd04c3b8cdefa8f7ed384e') in 0.356969 seconds 
========================================================================
Received Import Request.
  Time since last request: 0.000030 seconds.
  path: Assets/polyperfect/Low Poly Icon Pack/Images/_Icons/Food/icon_donut-brown_LP.png
  artifactKey: Guid(68bb7203cecabe441af67588bea03167) Importer(815301076,1909f56bfc062723c751e8b465ee728b)
Start importing Assets/polyperfect/Low Poly Icon Pack/Images/_Icons/Food/icon_donut-brown_LP.png using Guid(68bb7203cecabe441af67588bea03167) Importer(815301076,1909f56bfc062723c751e8b465ee728b)  -> (artifact id: '6a19707309c8ae145f3f5f3bf2708ede') in 0.080184 seconds 
========================================================================
Received Import Request.
  Time since last request: 0.000033 seconds.
  path: Assets/polyperfect/Low Poly Icon Pack/Images/_Icons/Food/icon_cup-drink_LP.png
  artifactKey: Guid(8582bb221dfe44941857801520952416) Importer(815301076,1909f56bfc062723c751e8b465ee728b)
Start importing Assets/polyperfect/Low Poly Icon Pack/Images/_Icons/Food/icon_cup-drink_LP.png using Guid(8582bb221dfe44941857801520952416) Importer(815301076,1909f56bfc062723c751e8b465ee728b)  -> (artifact id: '1e5567d0ea32bce92256bea9f880165e') in 0.086709 seconds 
========================================================================
Received Import Request.
  Time since last request: 0.000028 seconds.
  path: Assets/polyperfect/Low Poly Icon Pack/Images/_Icons/Food/icon_honey_LP.png
  artifactKey: Guid(8c45efd14c2009d499cd4f8f32f0f26c) Importer(815301076,1909f56bfc062723c751e8b465ee728b)
Start importing Assets/polyperfect/Low Poly Icon Pack/Images/_Icons/Food/icon_honey_LP.png using Guid(8c45efd14c2009d499cd4f8f32f0f26c) Importer(815301076,1909f56bfc062723c751e8b465ee728b)  -> (artifact id: 'b39b9976f9a1ec880981e2de543b282a') in 0.074415 seconds 
========================================================================
Received Import Request.
  Time since last request: 5.664955 seconds.
  path: Assets/polyperfect/Low Poly Icon Pack/Images/_Icons/Music/icon_guitar-acoustic_LP.png
  artifactKey: Guid(3af3343a97903154bbc935b72d282932) Importer(815301076,1909f56bfc062723c751e8b465ee728b)
Start importing Assets/polyperfect/Low Poly Icon Pack/Images/_Icons/Music/icon_guitar-acoustic_LP.png using Guid(3af3343a97903154bbc935b72d282932) Importer(815301076,1909f56bfc062723c751e8b465ee728b)  -> (artifact id: '7ef10233877ec24c4b591c21ccb6196a') in 0.099218 seconds 
========================================================================
Received Import Request.
  Time since last request: 0.000032 seconds.
  path: Assets/polyperfect/Low Poly Icon Pack/Images/_Icons/Music/icon_violin_LP.png
  artifactKey: Guid(e3bd297987ad8214eb7ff13b573857a0) Importer(815301076,1909f56bfc062723c751e8b465ee728b)
Start importing Assets/polyperfect/Low Poly Icon Pack/Images/_Icons/Music/icon_violin_LP.png using Guid(e3bd297987ad8214eb7ff13b573857a0) Importer(815301076,1909f56bfc062723c751e8b465ee728b)  -> (artifact id: 'a18920e070644229ea6c383d18f32ce1') in 0.085931 seconds 
========================================================================
Received Import Request.
  Time since last request: 4.162415 seconds.
  path: Assets/polyperfect/Low Poly Icon Pack/Images/_Icons/Space/icon_planet-water_LP.png
  artifactKey: Guid(7963991d990c4304a8fd44979b4aa5b0) Importer(815301076,1909f56bfc062723c751e8b465ee728b)
Start importing Assets/polyperfect/Low Poly Icon Pack/Images/_Icons/Space/icon_planet-water_LP.png using Guid(7963991d990c4304a8fd44979b4aa5b0) Importer(815301076,1909f56bfc062723c751e8b465ee728b)  -> (artifact id: '4c1d02325ab7b0af56d9185c7ce28de5') in 0.106782 seconds 
========================================================================
Received Import Request.
  Time since last request: 0.551510 seconds.
  path: Assets/polyperfect/Low Poly Icon Pack/Images/_Icons/Scifi/icon_scifi-buggy-chassis_LP.png
  artifactKey: Guid(524a9b71310db2c4bbc5ef08d1336f62) Importer(815301076,1909f56bfc062723c751e8b465ee728b)
Start importing Assets/polyperfect/Low Poly Icon Pack/Images/_Icons/Scifi/icon_scifi-buggy-chassis_LP.png using Guid(524a9b71310db2c4bbc5ef08d1336f62) Importer(815301076,1909f56bfc062723c751e8b465ee728b)  -> (artifact id: '188091360c852712fe6e0c52f9d39206') in 0.089975 seconds 
========================================================================
Received Import Request.
  Time since last request: 0.000035 seconds.
  path: Assets/polyperfect/Low Poly Icon Pack/Images/_Icons/Scifi/icon_scifi-resource-canister_LP.png
  artifactKey: Guid(8cfdcf33c85db864fbf3e5c3a77feeaa) Importer(815301076,1909f56bfc062723c751e8b465ee728b)
Start importing Assets/polyperfect/Low Poly Icon Pack/Images/_Icons/Scifi/icon_scifi-resource-canister_LP.png using Guid(8cfdcf33c85db864fbf3e5c3a77feeaa) Importer(815301076,1909f56bfc062723c751e8b465ee728b)  -> (artifact id: '53658f5ae5b7de0f7dabe679f9292046') in 0.094026 seconds 
========================================================================
Received Import Request.
  Time since last request: 0.000035 seconds.
  path: Assets/polyperfect/Low Poly Icon Pack/Images/_Icons/Scifi/icon_scifi-wind-turbine-LP.png
  artifactKey: Guid(6e679adb9ec0ff44785ce9356a202eb1) Importer(815301076,1909f56bfc062723c751e8b465ee728b)
Start importing Assets/polyperfect/Low Poly Icon Pack/Images/_Icons/Scifi/icon_scifi-wind-turbine-LP.png using Guid(6e679adb9ec0ff44785ce9356a202eb1) Importer(815301076,1909f56bfc062723c751e8b465ee728b)  -> (artifact id: 'b3f0092b08e04413243da76a919db3d9') in 0.075864 seconds 
========================================================================
Received Import Request.
  Time since last request: 0.000028 seconds.
  path: Assets/polyperfect/Low Poly Icon Pack/Images/_Icons/Scifi/icon_scifi-roof-lights-corridor-LP.png
  artifactKey: Guid(0f8245ec6a29a2c4da38398204b25123) Importer(815301076,1909f56bfc062723c751e8b465ee728b)
Start importing Assets/polyperfect/Low Poly Icon Pack/Images/_Icons/Scifi/icon_scifi-roof-lights-corridor-LP.png using Guid(0f8245ec6a29a2c4da38398204b25123) Importer(815301076,1909f56bfc062723c751e8b465ee728b)  -> (artifact id: '590f075b1e0a47eac60c2ac0b229a99d') in 0.084367 seconds 
========================================================================
Received Import Request.
  Time since last request: 2.966113 seconds.
  path: Assets/polyperfect/Low Poly Icon Pack/Images/_Icons/UI/icon_ui-arrow-up_LP.png
  artifactKey: Guid(87664436ab8d45d4aace0214b39a05e5) Importer(815301076,1909f56bfc062723c751e8b465ee728b)
Start importing Assets/polyperfect/Low Poly Icon Pack/Images/_Icons/UI/icon_ui-arrow-up_LP.png using Guid(87664436ab8d45d4aace0214b39a05e5) Importer(815301076,1909f56bfc062723c751e8b465ee728b)  -> (artifact id: '53b901d2823c22c14c45a0794d423d1d') in 0.094235 seconds 
========================================================================
Received Import Request.
  Time since last request: 0.000038 seconds.
  path: Assets/polyperfect/Low Poly Icon Pack/Images/_Icons/UI/icon_ui-cross-close_LP.png
  artifactKey: Guid(f0916582b1a76a04e81faf172f218ce3) Importer(815301076,1909f56bfc062723c751e8b465ee728b)
Start importing Assets/polyperfect/Low Poly Icon Pack/Images/_Icons/UI/icon_ui-cross-close_LP.png using Guid(f0916582b1a76a04e81faf172f218ce3) Importer(815301076,1909f56bfc062723c751e8b465ee728b)  -> (artifact id: '5e5e024657b79be12e38126afacb2c32') in 0.080855 seconds 
========================================================================
Received Import Request.
  Time since last request: 0.000024 seconds.
  path: Assets/polyperfect/Low Poly Icon Pack/Images/_Icons/UI/icon_ui-minus_LP.png
  artifactKey: Guid(29e3d554500ec3d48a51f454cabe457f) Importer(815301076,1909f56bfc062723c751e8b465ee728b)
Start importing Assets/polyperfect/Low Poly Icon Pack/Images/_Icons/UI/icon_ui-minus_LP.png using Guid(29e3d554500ec3d48a51f454cabe457f) Importer(815301076,1909f56bfc062723c751e8b465ee728b)  -> (artifact id: '4dfea65710c35dbde86f917e45d4e620') in 0.077704 seconds 
========================================================================
Received Import Request.
  Time since last request: 0.319642 seconds.
  path: Assets/polyperfect/Low Poly Icon Pack/Images/_Icons/Weapons/icon_baseball-bat-nails_LP.png
  artifactKey: Guid(a7f9165d7118a7d43825f9e604d1f3b2) Importer(815301076,1909f56bfc062723c751e8b465ee728b)
Start importing Assets/polyperfect/Low Poly Icon Pack/Images/_Icons/Weapons/icon_baseball-bat-nails_LP.png using Guid(a7f9165d7118a7d43825f9e604d1f3b2) Importer(815301076,1909f56bfc062723c751e8b465ee728b)  -> (artifact id: '33513fc082a7418081a78fa5150cc5c9') in 0.120907 seconds 
========================================================================
Received Import Request.
  Time since last request: 0.000030 seconds.
  path: Assets/polyperfect/Low Poly Icon Pack/Images/_Icons/Weapons/icon_katana_LP.png
  artifactKey: Guid(08bb284f2022330419e4b812e13efb0e) Importer(815301076,1909f56bfc062723c751e8b465ee728b)
Start importing Assets/polyperfect/Low Poly Icon Pack/Images/_Icons/Weapons/icon_katana_LP.png using Guid(08bb284f2022330419e4b812e13efb0e) Importer(815301076,1909f56bfc062723c751e8b465ee728b)  -> (artifact id: '340f18bdfe71290c8438aabb1fc5d6f0') in 0.079863 seconds 
========================================================================
Received Import Request.
  Time since last request: 0.000509 seconds.
  path: Assets/polyperfect/Low Poly Icon Pack/Images/_Icons/Weapons/icon_rocket-launcher_LP.png
  artifactKey: Guid(392f4e7b14ba2d7438cab92d7771de54) Importer(815301076,1909f56bfc062723c751e8b465ee728b)
Start importing Assets/polyperfect/Low Poly Icon Pack/Images/_Icons/Weapons/icon_rocket-launcher_LP.png using Guid(392f4e7b14ba2d7438cab92d7771de54) Importer(815301076,1909f56bfc062723c751e8b465ee728b)  -> (artifact id: '3d2c92ea64cedba932412de28e936457') in 0.082210 seconds 
========================================================================
Received Import Request.
  Time since last request: 0.000034 seconds.
  path: Assets/polyperfect/Low Poly Icon Pack/Images/_Icons/Weapons/icon_pistol-magazine_LP.png
  artifactKey: Guid(4c66028018efe974eb78f66a3a37bac5) Importer(815301076,1909f56bfc062723c751e8b465ee728b)
Start importing Assets/polyperfect/Low Poly Icon Pack/Images/_Icons/Weapons/icon_pistol-magazine_LP.png using Guid(4c66028018efe974eb78f66a3a37bac5) Importer(815301076,1909f56bfc062723c751e8b465ee728b)  -> (artifact id: '70bf39426d377f99ed95a722d6744fc3') in 0.072910 seconds 
Editor requested this worker to shutdown with reason: Scaling down because of idle timeout
AssetImportWorker is now disconnected from the server
Process exiting
Exiting without the bug reporter. Application will terminate with return code 0