Using pre-set license
Built from '2021.3/staging' branch; Version is '2021.3.6f1 (7da38d85baf6) revision 8233869'; Using compiler version '192829333'; Build Type 'Release'
OS: 'Windows 10  (10.0.19043) 64bit Professional' Language: 'ko' Physical Memory: 48961 MB
BatchMode: 1, IsHumanControllingUs: 0, StartBugReporterOnCrash: 0, Is64bit: 1, IsPro: 1

COMMAND LINE ARGUMENTS:
C:\Program Files\Unity\Hub\Editor\2021.3.6f1\Editor\Unity.exe
-adb2
-batchMode
-noUpm
-name
AssetImportWorker4
-projectPath
C:/Users/ajffj/Desktop/CardWorld/GameProject
-logFile
Logs/AssetImportWorker4.log
-srvPort
9227
Successfully changed project path to: C:/Users/ajffj/Desktop/CardWorld/GameProject
C:/Users/ajffj/Desktop/CardWorld/GameProject
[UnityMemory] Configuration Parameters - Can be set up in boot.config
    "memorysetup-bucket-allocator-granularity=16"
    "memorysetup-bucket-allocator-bucket-count=8"
    "memorysetup-bucket-allocator-block-size=33554432"
    "memorysetup-bucket-allocator-block-count=8"
    "memorysetup-main-allocator-block-size=16777216"
    "memorysetup-thread-allocator-block-size=16777216"
    "memorysetup-gfx-main-allocator-block-size=16777216"
    "memorysetup-gfx-thread-allocator-block-size=16777216"
    "memorysetup-cache-allocator-block-size=4194304"
    "memorysetup-typetree-allocator-block-size=2097152"
    "memorysetup-profiler-bucket-allocator-granularity=16"
    "memorysetup-profiler-bucket-allocator-bucket-count=8"
    "memorysetup-profiler-bucket-allocator-block-size=33554432"
    "memorysetup-profiler-bucket-allocator-block-count=8"
    "memorysetup-profiler-allocator-block-size=16777216"
    "memorysetup-profiler-editor-allocator-block-size=1048576"
    "memorysetup-temp-allocator-size-main=16777216"
    "memorysetup-job-temp-allocator-block-size=2097152"
    "memorysetup-job-temp-allocator-block-size-background=1048576"
    "memorysetup-job-temp-allocator-reduction-small-platforms=262144"
    "memorysetup-temp-allocator-size-background-worker=32768"
    "memorysetup-temp-allocator-size-job-worker=262144"
    "memorysetup-temp-allocator-size-preload-manager=33554432"
    "memorysetup-temp-allocator-size-nav-mesh-worker=65536"
    "memorysetup-temp-allocator-size-audio-worker=65536"
    "memorysetup-temp-allocator-size-cloud-worker=32768"
    "memorysetup-temp-allocator-size-gi-baking-worker=262144"
    "memorysetup-temp-allocator-size-gfx=262144"
Refreshing native plugins compatible for Editor in 161.94 ms, found 4 plugins.
Preloading 0 native plugins for Editor in 0.00 ms.
Initialize engine version: 2021.3.6f1 (7da38d85baf6)
[Subsystems] Discovering subsystems at path C:/Program Files/Unity/Hub/Editor/2021.3.6f1/Editor/Data/Resources/UnitySubsystems
[Subsystems] Discovering subsystems at path C:/Users/ajffj/Desktop/CardWorld/GameProject/Assets
GfxDevice: creating device client; threaded=0; jobified=0
Direct3D:
    Version:  Direct3D 11.0 [level 11.1]
    Renderer: NVIDIA GeForce RTX 3070 (ID=0x2484)
    Vendor:   NVIDIA
    VRAM:     8043 MB
    Driver:   31.0.15.1748
Initialize mono
Mono path[0] = 'C:/Program Files/Unity/Hub/Editor/2021.3.6f1/Editor/Data/Managed'
Mono path[1] = 'C:/Program Files/Unity/Hub/Editor/2021.3.6f1/Editor/Data/MonoBleedingEdge/lib/mono/unityjit-win32'
Mono config path = 'C:/Program Files/Unity/Hub/Editor/2021.3.6f1/Editor/Data/MonoBleedingEdge/etc'
Using monoOptions --debugger-agent=transport=dt_socket,embedding=1,server=y,suspend=n,address=127.0.0.1:56892
Begin MonoManager ReloadAssembly
Registering precompiled unity dll's ...
Register platform support module: C:/Program Files/Unity/Hub/Editor/2021.3.6f1/Editor/Data/PlaybackEngines/WindowsStandaloneSupport/UnityEditor.WindowsStandalone.Extensions.dll
Registered in 0.024432 seconds.
Native extension for WindowsStandalone target not found
Refreshing native plugins compatible for Editor in 149.03 ms, found 4 plugins.
Preloading 0 native plugins for Editor in 0.00 ms.
Mono: successfully reloaded assembly
- Completed reload, in  1.096 seconds
Domain Reload Profiling:
	ReloadAssembly (1097ms)
		BeginReloadAssembly (161ms)
			ExecutionOrderSort (0ms)
			DisableScriptedObjects (0ms)
			BackupInstance (0ms)
			ReleaseScriptingObjects (0ms)
			CreateAndSetChildDomain (1ms)
		EndReloadAssembly (746ms)
			LoadAssemblies (149ms)
			RebuildTransferFunctionScriptingTraits (0ms)
			SetupTypeCache (141ms)
			ReleaseScriptCaches (0ms)
			RebuildScriptCaches (52ms)
			SetupLoadedEditorAssemblies (458ms)
				LogAssemblyErrors (0ms)
				InitializePlatformSupportModulesInManaged (15ms)
				SetLoadedEditorAssemblies (0ms)
				RefreshPlugins (149ms)
				BeforeProcessingInitializeOnLoad (2ms)
				ProcessInitializeOnLoadAttributes (198ms)
				ProcessInitializeOnLoadMethodAttributes (93ms)
				AfterProcessingInitializeOnLoad (0ms)
				EditorAssembliesLoaded (0ms)
			ExecutionOrderSort2 (0ms)
			AwakeInstancesAfterBackupRestoration (0ms)
Platform modules already initialized, skipping
Registering precompiled user dll's ...
Registered in 0.025625 seconds.
Begin MonoManager ReloadAssembly
Symbol file LoadedFromMemory doesn't match image C:\Users\ajffj\Desktop\CardWorld\GameProject\Library\PackageCache\com.unity.visualscripting@1.7.8\Editor\VisualScripting.Core\Dependencies\YamlDotNet\Unity.VisualScripting.YamlDotNet.dll
Symbol file LoadedFromMemory doesn't match image C:\Users\ajffj\Desktop\CardWorld\GameProject\Library\PackageCache\com.unity.visualscripting@1.7.8\Editor\VisualScripting.Core\Dependencies\DotNetZip\Unity.VisualScripting.IonicZip.dll
Native extension for WindowsStandalone target not found
Refreshing native plugins compatible for Editor in 129.66 ms, found 4 plugins.
Preloading 0 native plugins for Editor in 0.00 ms.
Mono: successfully reloaded assembly
- Completed reload, in  1.761 seconds
Domain Reload Profiling:
	ReloadAssembly (1762ms)
		BeginReloadAssembly (124ms)
			ExecutionOrderSort (0ms)
			DisableScriptedObjects (7ms)
			BackupInstance (0ms)
			ReleaseScriptingObjects (0ms)
			CreateAndSetChildDomain (20ms)
		EndReloadAssembly (1443ms)
			LoadAssemblies (136ms)
			RebuildTransferFunctionScriptingTraits (0ms)
			SetupTypeCache (355ms)
			ReleaseScriptCaches (1ms)
			RebuildScriptCaches (89ms)
			SetupLoadedEditorAssemblies (745ms)
				LogAssemblyErrors (0ms)
				InitializePlatformSupportModulesInManaged (7ms)
				SetLoadedEditorAssemblies (0ms)
				RefreshPlugins (130ms)
				BeforeProcessingInitializeOnLoad (167ms)
				ProcessInitializeOnLoadAttributes (347ms)
				ProcessInitializeOnLoadMethodAttributes (71ms)
				AfterProcessingInitializeOnLoad (23ms)
				EditorAssembliesLoaded (0ms)
			ExecutionOrderSort2 (0ms)
			AwakeInstancesAfterBackupRestoration (20ms)
Platform modules already initialized, skipping
========================================================================
Worker process is ready to serve import requests
Launched and connected shader compiler UnityShaderCompiler.exe after 0.06 seconds
Refreshing native plugins compatible for Editor in 2.38 ms, found 4 plugins.
Preloading 0 native plugins for Editor in 0.00 ms.
Unloading 4115 Unused Serialized files (Serialized files now loaded: 0)
Unloading 44 unused Assets / (222.6 KB). Loaded Objects now: 4579.
Memory consumption went from 165.4 MB to 165.2 MB.
Total: 4.019300 ms (FindLiveObjects: 0.552500 ms CreateObjectMapping: 0.169000 ms MarkObjects: 3.098700 ms  DeleteObjects: 0.197900 ms)

AssetImportParameters requested are different than current active one (requested -> active):
  custom:video-decoder-ogg-theora: a1e56fd34408186e4bbccfd4996cb3dc -> 
  custom:container-muxer-webm: aa71ff27fc2769a1b78a27578f13a17b -> 
  custom:container-demuxer-webm: 4f35f7cbe854078d1ac9338744f61a02 -> 
  custom:video-encoder-webm-vp8: eb34c28f22e8b96e1ab97ce403110664 -> 
  custom:video-codec-MediaFoundation-h265: 746d11721c4dcdbdad8f713fa42b33f4 -> 
  custom:audio-encoder-webm-vorbis: bf7c407c2cedff20999df2af8eb42d56 -> 
  custom:framework-win-MediaFoundation: 216162199b28c13a410421893ffa2e32 -> 
  custom:container-demuxer-ogg: 62fdf1f143b41e24485cea50d1cbac27 -> 
  custom:video-decoder-webm-vp8: 9c59270c3fd7afecdb556c50c9e8de78 -> 
  custom:audio-decoder-ogg-vorbis: bf7c407c2cedff20999df2af8eb42d56 -> 
========================================================================
Received Import Request.
  Time since last request: 954727.773325 seconds.
  path: Assets/25 cards/Materials/Card_Bronze_Front.mat
  artifactKey: Guid(6d5ed430a0368224697ed17a97d4f5e1) Importer(815301076,1909f56bfc062723c751e8b465ee728b)
Start importing Assets/25 cards/Materials/Card_Bronze_Front.mat using Guid(6d5ed430a0368224697ed17a97d4f5e1) Importer(815301076,1909f56bfc062723c751e8b465ee728b)  -> (artifact id: '50ac37c663933548ac7e9c21acb06105') in 0.171870 seconds 
========================================================================
Received Import Request.
  Time since last request: 0.000029 seconds.
  path: Assets/25 cards/Materials/Card_Silver_Front.mat
  artifactKey: Guid(b54d62519d4539b4893392952eb6f790) Importer(815301076,1909f56bfc062723c751e8b465ee728b)
Start importing Assets/25 cards/Materials/Card_Silver_Front.mat using Guid(b54d62519d4539b4893392952eb6f790) Importer(815301076,1909f56bfc062723c751e8b465ee728b)  -> (artifact id: '519aabc39e5ed286b460933f0195c116') in 0.027903 seconds 
========================================================================
Received Import Request.
  Time since last request: 0.000026 seconds.
  path: Assets/25 cards/Materials/Card_Silver_Bronze_Front.mat
  artifactKey: Guid(f1be180cc108401409cb2b9dfc8d093b) Importer(815301076,1909f56bfc062723c751e8b465ee728b)
Start importing Assets/25 cards/Materials/Card_Silver_Bronze_Front.mat using Guid(f1be180cc108401409cb2b9dfc8d093b) Importer(815301076,1909f56bfc062723c751e8b465ee728b)  -> (artifact id: '76edc8c7cd8da7c535caf44449a2d09b') in 0.048839 seconds 
========================================================================
Received Import Request.
  Time since last request: 0.000041 seconds.
  path: Assets/25 cards/Materials/Card_Silver_Red_Front.mat
  artifactKey: Guid(ae88de4d481959f4bbc2ed48647e21f7) Importer(815301076,1909f56bfc062723c751e8b465ee728b)
Start importing Assets/25 cards/Materials/Card_Silver_Red_Front.mat using Guid(ae88de4d481959f4bbc2ed48647e21f7) Importer(815301076,1909f56bfc062723c751e8b465ee728b)  -> (artifact id: '3eef49c10ea56bb4608de3cd7b519540') in 0.017245 seconds 
========================================================================
Received Import Request.
  Time since last request: 0.000025 seconds.
  path: Assets/25 cards/Materials/Flag_Small.mat
  artifactKey: Guid(83b408d011bed23448f754ef7f139850) Importer(815301076,1909f56bfc062723c751e8b465ee728b)
Start importing Assets/25 cards/Materials/Flag_Small.mat using Guid(83b408d011bed23448f754ef7f139850) Importer(815301076,1909f56bfc062723c751e8b465ee728b)  -> (artifact id: '282c1ef6345246b6a215abf84b484fb5') in 0.247635 seconds 
========================================================================
Received Import Request.
  Time since last request: 0.000023 seconds.
  path: Assets/25 cards/Materials/Card_Text.mat
  artifactKey: Guid(864bc53e8e469ff4abdf049d66569810) Importer(815301076,1909f56bfc062723c751e8b465ee728b)
Start importing Assets/25 cards/Materials/Card_Text.mat using Guid(864bc53e8e469ff4abdf049d66569810) Importer(815301076,1909f56bfc062723c751e8b465ee728b)  -> (artifact id: 'a44386890be6e98599e2c3d1a0d2cf40') in 0.015656 seconds 
========================================================================
Received Import Request.
  Time since last request: 0.000031 seconds.
  path: Assets/25 cards/Materials/Scroll_Small_3.mat
  artifactKey: Guid(f0030006668aef6429d4c0af9f59c5c6) Importer(815301076,1909f56bfc062723c751e8b465ee728b)
Start importing Assets/25 cards/Materials/Scroll_Small_3.mat using Guid(f0030006668aef6429d4c0af9f59c5c6) Importer(815301076,1909f56bfc062723c751e8b465ee728b)  -> (artifact id: 'c6b019ba73c8bd5947566ae0e4a43213') in 0.027915 seconds 
========================================================================
Received Import Request.
  Time since last request: 0.000023 seconds.
  path: Assets/25 cards/Materials/Card_Bronze_Yellow_Front.mat
  artifactKey: Guid(5b132d5f49c0cec4fbfca744ef1fef92) Importer(815301076,1909f56bfc062723c751e8b465ee728b)
Start importing Assets/25 cards/Materials/Card_Bronze_Yellow_Front.mat using Guid(5b132d5f49c0cec4fbfca744ef1fef92) Importer(815301076,1909f56bfc062723c751e8b465ee728b)  -> (artifact id: '26a0cfbe7c8270d0dd3623efb3fbc453') in 0.017172 seconds 
========================================================================
Received Import Request.
  Time since last request: 0.000034 seconds.
  path: Assets/25 cards/Materials/Card_Scroll_Title2.mat
  artifactKey: Guid(443e2757f8ae51541977c0fe8d6b4193) Importer(815301076,1909f56bfc062723c751e8b465ee728b)
Start importing Assets/25 cards/Materials/Card_Scroll_Title2.mat using Guid(443e2757f8ae51541977c0fe8d6b4193) Importer(815301076,1909f56bfc062723c751e8b465ee728b)  -> (artifact id: '1b3bc72a7fdbf6b146cb3f026314978c') in 0.020347 seconds 
========================================================================
Received Import Request.
  Time since last request: 0.000030 seconds.
  path: Assets/25 cards/Materials/Card_Bronze_Red_Front.mat
  artifactKey: Guid(524658bb0fa3e0a4c819236d8a95f0d5) Importer(815301076,1909f56bfc062723c751e8b465ee728b)
Start importing Assets/25 cards/Materials/Card_Bronze_Red_Front.mat using Guid(524658bb0fa3e0a4c819236d8a95f0d5) Importer(815301076,1909f56bfc062723c751e8b465ee728b)  -> (artifact id: '1a617157a4506b4a2845f897f4138a65') in 0.017599 seconds 
========================================================================
Received Import Request.
  Time since last request: 3.204353 seconds.
  path: Assets/25 cards/Models/ALL 3D MODELS.fbx
  artifactKey: Guid(2ee8fcb8d9dad784d857d43619361f41) Importer(815301076,1909f56bfc062723c751e8b465ee728b)
Start importing Assets/25 cards/Models/ALL 3D MODELS.fbx using Guid(2ee8fcb8d9dad784d857d43619361f41) Importer(815301076,1909f56bfc062723c751e8b465ee728b)  -> (artifact id: '69a579ad860a07eb8eabf98c0cf90b19') in 0.452638 seconds 
========================================================================
Received Import Request.
  Time since last request: 30.770013 seconds.
  path: Assets/Prefab/Banana.prefab
  artifactKey: Guid(7b63a183166504ba19c0762f6565f066) Importer(815301076,1909f56bfc062723c751e8b465ee728b)
Start importing Assets/Prefab/Banana.prefab using Guid(7b63a183166504ba19c0762f6565f066) Importer(815301076,1909f56bfc062723c751e8b465ee728b)  -> (artifact id: 'f1fd24b75f1839f66db87cdd367f2058') in 0.047887 seconds 
========================================================================
Received Import Request.
  Time since last request: 13.756664 seconds.
  path: Assets/25 cards/Source/1500x2100 PSD File.psd
  artifactKey: Guid(7c9c337d8e4b2af40a259a9339654791) Importer(815301076,1909f56bfc062723c751e8b465ee728b)
Start importing Assets/25 cards/Source/1500x2100 PSD File.psd using Guid(7c9c337d8e4b2af40a259a9339654791) Importer(815301076,1909f56bfc062723c751e8b465ee728b)  -> (artifact id: '22ef3b6617bef2d97a244b3ef682665e') in 0.039847 seconds 
========================================================================
Received Import Request.
  Time since last request: 0.000022 seconds.
  path: Assets/25 cards/Source/Bronze & Silver & Gold.png
  artifactKey: Guid(81d07f575ebd8b54a9ac1e49a781fef3) Importer(815301076,1909f56bfc062723c751e8b465ee728b)
Start importing Assets/25 cards/Source/Bronze & Silver & Gold.png using Guid(81d07f575ebd8b54a9ac1e49a781fef3) Importer(815301076,1909f56bfc062723c751e8b465ee728b)  -> (artifact id: 'bb7f28031701c810c1fd12f260b02721') in 0.041137 seconds 
========================================================================
Received Import Request.
  Time since last request: 0.000029 seconds.
  path: Assets/25 cards/Source/Textures 2048.psd
  artifactKey: Guid(f2685d7f39646e741af1a0b6716d6576) Importer(815301076,1909f56bfc062723c751e8b465ee728b)
Start importing Assets/25 cards/Source/Textures 2048.psd using Guid(f2685d7f39646e741af1a0b6716d6576) Importer(815301076,1909f56bfc062723c751e8b465ee728b)  -> (artifact id: '01c7b35f1529f43dd2ad69c2f1b9c4c0') in 0.027076 seconds 
========================================================================
Received Import Request.
  Time since last request: 0.000465 seconds.
  path: Assets/25 cards/Source/Wood Back.png
  artifactKey: Guid(a8a10273bcebd6544b0499dfa02d39d8) Importer(815301076,1909f56bfc062723c751e8b465ee728b)
Start importing Assets/25 cards/Source/Wood Back.png using Guid(a8a10273bcebd6544b0499dfa02d39d8) Importer(815301076,1909f56bfc062723c751e8b465ee728b)  -> (artifact id: '2a2078f893c3827f15c51f2d0718eb1a') in 0.020582 seconds 
========================================================================
Received Import Request.
  Time since last request: 0.000371 seconds.
  path: Assets/25 cards/Source/Wood 2.png
  artifactKey: Guid(69022dc4918b91c48b6cfce0df8aa167) Importer(815301076,1909f56bfc062723c751e8b465ee728b)
Start importing Assets/25 cards/Source/Wood 2.png using Guid(69022dc4918b91c48b6cfce0df8aa167) Importer(815301076,1909f56bfc062723c751e8b465ee728b)  -> (artifact id: 'c16407076d2319fb56cf283c84a416df') in 0.015294 seconds 
========================================================================
Received Import Request.
  Time since last request: 3.470224 seconds.
  path: Assets/25 cards/Source/Black.png
  artifactKey: Guid(25b981049acd1fb4dadbc25553226a1b) Importer(815301076,1909f56bfc062723c751e8b465ee728b)
Start importing Assets/25 cards/Source/Black.png using Guid(25b981049acd1fb4dadbc25553226a1b) Importer(815301076,1909f56bfc062723c751e8b465ee728b)  -> (artifact id: '77aca9d8483d6e23827069351ed7fc1d') in 0.012191 seconds 
========================================================================
Received Import Request.
  Time since last request: 2.150097 seconds.
  path: Assets/25 cards/Sprites/Card_Alt1_Front.png
  artifactKey: Guid(b06bb8e526220564ab71a6debb28e05f) Importer(815301076,1909f56bfc062723c751e8b465ee728b)
Start importing Assets/25 cards/Sprites/Card_Alt1_Front.png using Guid(b06bb8e526220564ab71a6debb28e05f) Importer(815301076,1909f56bfc062723c751e8b465ee728b)  -> (artifact id: 'e9100c3302db792ff82154db149b4bd7') in 0.118339 seconds 
========================================================================
Received Import Request.
  Time since last request: 0.000029 seconds.
  path: Assets/25 cards/Sprites/Card_Silver_Bronze_Front.png
  artifactKey: Guid(23671a53a5849cc408911891afe2427a) Importer(815301076,1909f56bfc062723c751e8b465ee728b)
Start importing Assets/25 cards/Sprites/Card_Silver_Bronze_Front.png using Guid(23671a53a5849cc408911891afe2427a) Importer(815301076,1909f56bfc062723c751e8b465ee728b)  -> (artifact id: '6bbe118018c41a3fd9cee39c4307d9b4') in 0.089404 seconds 
========================================================================
Received Import Request.
  Time since last request: 0.000047 seconds.
  path: Assets/25 cards/Sprites/Scroll_Title3.png
  artifactKey: Guid(909ccffa4648f4f4aa1d9a85e12cd040) Importer(815301076,1909f56bfc062723c751e8b465ee728b)
Start importing Assets/25 cards/Sprites/Scroll_Title3.png using Guid(909ccffa4648f4f4aa1d9a85e12cd040) Importer(815301076,1909f56bfc062723c751e8b465ee728b)  -> (artifact id: '4cb394725ca4bb9ac8349be470e5c61a') in 0.040204 seconds 
========================================================================
Received Import Request.
  Time since last request: 0.000023 seconds.
  path: Assets/25 cards/Sprites/Card_Gold_Blue_Front.png
  artifactKey: Guid(88ed2893f58165e4d8395c0f0f041a5b) Importer(815301076,1909f56bfc062723c751e8b465ee728b)
Start importing Assets/25 cards/Sprites/Card_Gold_Blue_Front.png using Guid(88ed2893f58165e4d8395c0f0f041a5b) Importer(815301076,1909f56bfc062723c751e8b465ee728b)  -> (artifact id: '3ec70a8fd56a3ef7b69019aa79100e81') in 0.087089 seconds 
========================================================================
Received Import Request.
  Time since last request: 0.000023 seconds.
  path: Assets/25 cards/Sprites/Scroll_Large.png
  artifactKey: Guid(1e91f070e0f7d2546909fd4ea38b5f1d) Importer(815301076,1909f56bfc062723c751e8b465ee728b)
Start importing Assets/25 cards/Sprites/Scroll_Large.png using Guid(1e91f070e0f7d2546909fd4ea38b5f1d) Importer(815301076,1909f56bfc062723c751e8b465ee728b)  -> (artifact id: '5ea28feae6e3c7fe0c3bfe282b8a7ce1') in 0.101885 seconds 
========================================================================
Received Import Request.
  Time since last request: 0.000026 seconds.
  path: Assets/25 cards/Sprites/Card_Silver_Blue_Front.png
  artifactKey: Guid(d3b122c2907a5fb46b380165dbc07029) Importer(815301076,1909f56bfc062723c751e8b465ee728b)
Start importing Assets/25 cards/Sprites/Card_Silver_Blue_Front.png using Guid(d3b122c2907a5fb46b380165dbc07029) Importer(815301076,1909f56bfc062723c751e8b465ee728b)  -> (artifact id: '051a9d8066bf36d9e57249dbaf354cb2') in 0.097636 seconds 
========================================================================
Received Import Request.
  Time since last request: 0.000032 seconds.
  path: Assets/25 cards/Sprites/Flag_Small.png
  artifactKey: Guid(705ecd7275758db498ba62aa2dbcc971) Importer(815301076,1909f56bfc062723c751e8b465ee728b)
Start importing Assets/25 cards/Sprites/Flag_Small.png using Guid(705ecd7275758db498ba62aa2dbcc971) Importer(815301076,1909f56bfc062723c751e8b465ee728b)  -> (artifact id: '472a65fdc911544f2db71523f3d9d64c') in 0.086026 seconds 
========================================================================
Received Import Request.
  Time since last request: 14.093210 seconds.
  path: Assets/Sprite/Black.mat
  artifactKey: Guid(5af39e89014434a2ea57b857ab54e065) Importer(815301076,1909f56bfc062723c751e8b465ee728b)
Start importing Assets/Sprite/Black.mat using Guid(5af39e89014434a2ea57b857ab54e065) Importer(815301076,1909f56bfc062723c751e8b465ee728b)  -> (artifact id: '468e7af597bb213c57fbeb9757afb1de') in 0.021627 seconds 
========================================================================
Received Import Request.
  Time since last request: 0.000025 seconds.
  path: Assets/Sprite/Card.mat
  artifactKey: Guid(957f2af74c235ce4b95cfb688c6f9feb) Importer(815301076,1909f56bfc062723c751e8b465ee728b)
Start importing Assets/Sprite/Card.mat using Guid(957f2af74c235ce4b95cfb688c6f9feb) Importer(815301076,1909f56bfc062723c751e8b465ee728b)  -> (artifact id: 'dc2eaa5772ddd62c39daf44fe7a6be02') in 0.016111 seconds 
Editor requested this worker to shutdown with reason: Scaling down because of idle timeout
AssetImportWorker is now disconnected from the server
Process exiting
Exiting without the bug reporter. Application will terminate with return code 0