Using pre-set license
Built from '2021.3/staging' branch; Version is '2021.3.6f1 (7da38d85baf6) revision 8233869'; Using compiler version '192829333'; Build Type 'Release'
OS: 'Windows 10  (10.0.19043) 64bit Professional' Language: 'ko' Physical Memory: 48961 MB
BatchMode: 1, IsHumanControllingUs: 0, StartBugReporterOnCrash: 0, Is64bit: 1, IsPro: 1

COMMAND LINE ARGUMENTS:
C:\Program Files\Unity\Hub\Editor\2021.3.6f1\Editor\Unity.exe
-adb2
-batchMode
-noUpm
-name
AssetImportWorker12
-projectPath
C:/Users/ajffj/Desktop/CardWorld/GameProject
-logFile
Logs/AssetImportWorker12.log
-srvPort
9227
Successfully changed project path to: C:/Users/ajffj/Desktop/CardWorld/GameProject
C:/Users/ajffj/Desktop/CardWorld/GameProject
[UnityMemory] Configuration Parameters - Can be set up in boot.config
    "memorysetup-bucket-allocator-granularity=16"
    "memorysetup-bucket-allocator-bucket-count=8"
    "memorysetup-bucket-allocator-block-size=33554432"
    "memorysetup-bucket-allocator-block-count=8"
    "memorysetup-main-allocator-block-size=16777216"
    "memorysetup-thread-allocator-block-size=16777216"
    "memorysetup-gfx-main-allocator-block-size=16777216"
    "memorysetup-gfx-thread-allocator-block-size=16777216"
    "memorysetup-cache-allocator-block-size=4194304"
    "memorysetup-typetree-allocator-block-size=2097152"
    "memorysetup-profiler-bucket-allocator-granularity=16"
    "memorysetup-profiler-bucket-allocator-bucket-count=8"
    "memorysetup-profiler-bucket-allocator-block-size=33554432"
    "memorysetup-profiler-bucket-allocator-block-count=8"
    "memorysetup-profiler-allocator-block-size=16777216"
    "memorysetup-profiler-editor-allocator-block-size=1048576"
    "memorysetup-temp-allocator-size-main=16777216"
    "memorysetup-job-temp-allocator-block-size=2097152"
    "memorysetup-job-temp-allocator-block-size-background=1048576"
    "memorysetup-job-temp-allocator-reduction-small-platforms=262144"
    "memorysetup-temp-allocator-size-background-worker=32768"
    "memorysetup-temp-allocator-size-job-worker=262144"
    "memorysetup-temp-allocator-size-preload-manager=33554432"
    "memorysetup-temp-allocator-size-nav-mesh-worker=65536"
    "memorysetup-temp-allocator-size-audio-worker=65536"
    "memorysetup-temp-allocator-size-cloud-worker=32768"
    "memorysetup-temp-allocator-size-gi-baking-worker=262144"
    "memorysetup-temp-allocator-size-gfx=262144"
Refreshing native plugins compatible for Editor in 179.45 ms, found 4 plugins.
Preloading 0 native plugins for Editor in 0.00 ms.
Initialize engine version: 2021.3.6f1 (7da38d85baf6)
[Subsystems] Discovering subsystems at path C:/Program Files/Unity/Hub/Editor/2021.3.6f1/Editor/Data/Resources/UnitySubsystems
[Subsystems] Discovering subsystems at path C:/Users/ajffj/Desktop/CardWorld/GameProject/Assets
GfxDevice: creating device client; threaded=0; jobified=0
Direct3D:
    Version:  Direct3D 11.0 [level 11.1]
    Renderer: NVIDIA GeForce RTX 3070 (ID=0x2484)
    Vendor:   NVIDIA
    VRAM:     8043 MB
    Driver:   31.0.15.1748
Initialize mono
Mono path[0] = 'C:/Program Files/Unity/Hub/Editor/2021.3.6f1/Editor/Data/Managed'
Mono path[1] = 'C:/Program Files/Unity/Hub/Editor/2021.3.6f1/Editor/Data/MonoBleedingEdge/lib/mono/unityjit-win32'
Mono config path = 'C:/Program Files/Unity/Hub/Editor/2021.3.6f1/Editor/Data/MonoBleedingEdge/etc'
Using monoOptions --debugger-agent=transport=dt_socket,embedding=1,server=y,suspend=n,address=127.0.0.1:56056
Begin MonoManager ReloadAssembly
Registering precompiled unity dll's ...
Register platform support module: C:/Program Files/Unity/Hub/Editor/2021.3.6f1/Editor/Data/PlaybackEngines/WindowsStandaloneSupport/UnityEditor.WindowsStandalone.Extensions.dll
Registered in 0.027092 seconds.
Native extension for WindowsStandalone target not found
Refreshing native plugins compatible for Editor in 120.26 ms, found 4 plugins.
Preloading 0 native plugins for Editor in 0.00 ms.
Mono: successfully reloaded assembly
- Completed reload, in  0.843 seconds
Domain Reload Profiling:
	ReloadAssembly (844ms)
		BeginReloadAssembly (111ms)
			ExecutionOrderSort (0ms)
			DisableScriptedObjects (0ms)
			BackupInstance (0ms)
			ReleaseScriptingObjects (0ms)
			CreateAndSetChildDomain (1ms)
		EndReloadAssembly (568ms)
			LoadAssemblies (106ms)
			RebuildTransferFunctionScriptingTraits (0ms)
			SetupTypeCache (120ms)
			ReleaseScriptCaches (0ms)
			RebuildScriptCaches (34ms)
			SetupLoadedEditorAssemblies (346ms)
				LogAssemblyErrors (0ms)
				InitializePlatformSupportModulesInManaged (11ms)
				SetLoadedEditorAssemblies (0ms)
				RefreshPlugins (120ms)
				BeforeProcessingInitializeOnLoad (2ms)
				ProcessInitializeOnLoadAttributes (146ms)
				ProcessInitializeOnLoadMethodAttributes (66ms)
				AfterProcessingInitializeOnLoad (0ms)
				EditorAssembliesLoaded (0ms)
			ExecutionOrderSort2 (0ms)
			AwakeInstancesAfterBackupRestoration (0ms)
Platform modules already initialized, skipping
Registering precompiled user dll's ...
Registered in 0.017335 seconds.
Begin MonoManager ReloadAssembly
Symbol file LoadedFromMemory doesn't match image C:\Users\ajffj\Desktop\CardWorld\GameProject\Library\PackageCache\com.unity.visualscripting@1.7.8\Editor\VisualScripting.Core\Dependencies\YamlDotNet\Unity.VisualScripting.YamlDotNet.dll
Symbol file LoadedFromMemory doesn't match image C:\Users\ajffj\Desktop\CardWorld\GameProject\Library\PackageCache\com.unity.visualscripting@1.7.8\Editor\VisualScripting.Core\Dependencies\DotNetZip\Unity.VisualScripting.IonicZip.dll
Native extension for WindowsStandalone target not found
Refreshing native plugins compatible for Editor in 118.61 ms, found 4 plugins.
Preloading 0 native plugins for Editor in 0.00 ms.
Mono: successfully reloaded assembly
- Completed reload, in  1.484 seconds
Domain Reload Profiling:
	ReloadAssembly (1486ms)
		BeginReloadAssembly (138ms)
			ExecutionOrderSort (0ms)
			DisableScriptedObjects (7ms)
			BackupInstance (0ms)
			ReleaseScriptingObjects (0ms)
			CreateAndSetChildDomain (20ms)
		EndReloadAssembly (1187ms)
			LoadAssemblies (130ms)
			RebuildTransferFunctionScriptingTraits (0ms)
			SetupTypeCache (287ms)
			ReleaseScriptCaches (1ms)
			RebuildScriptCaches (68ms)
			SetupLoadedEditorAssemblies (628ms)
				LogAssemblyErrors (0ms)
				InitializePlatformSupportModulesInManaged (8ms)
				SetLoadedEditorAssemblies (0ms)
				RefreshPlugins (119ms)
				BeforeProcessingInitializeOnLoad (144ms)
				ProcessInitializeOnLoadAttributes (284ms)
				ProcessInitializeOnLoadMethodAttributes (54ms)
				AfterProcessingInitializeOnLoad (19ms)
				EditorAssembliesLoaded (0ms)
			ExecutionOrderSort2 (0ms)
			AwakeInstancesAfterBackupRestoration (19ms)
Platform modules already initialized, skipping
========================================================================
Worker process is ready to serve import requests
Launched and connected shader compiler UnityShaderCompiler.exe after 0.06 seconds
Refreshing native plugins compatible for Editor in 0.90 ms, found 4 plugins.
Preloading 0 native plugins for Editor in 0.00 ms.
Unloading 4115 Unused Serialized files (Serialized files now loaded: 0)
Unloading 44 unused Assets / (222.6 KB). Loaded Objects now: 4579.
Memory consumption went from 165.5 MB to 165.2 MB.
Total: 4.791000 ms (FindLiveObjects: 0.624200 ms CreateObjectMapping: 0.219200 ms MarkObjects: 3.736900 ms  DeleteObjects: 0.209000 ms)

AssetImportParameters requested are different than current active one (requested -> active):
  custom:video-decoder-ogg-theora: a1e56fd34408186e4bbccfd4996cb3dc -> 
  custom:container-muxer-webm: aa71ff27fc2769a1b78a27578f13a17b -> 
  custom:container-demuxer-webm: 4f35f7cbe854078d1ac9338744f61a02 -> 
  custom:video-encoder-webm-vp8: eb34c28f22e8b96e1ab97ce403110664 -> 
  custom:video-codec-MediaFoundation-h265: 746d11721c4dcdbdad8f713fa42b33f4 -> 
  custom:audio-encoder-webm-vorbis: bf7c407c2cedff20999df2af8eb42d56 -> 
  custom:framework-win-MediaFoundation: 216162199b28c13a410421893ffa2e32 -> 
  custom:container-demuxer-ogg: 62fdf1f143b41e24485cea50d1cbac27 -> 
  custom:video-decoder-webm-vp8: 9c59270c3fd7afecdb556c50c9e8de78 -> 
  custom:audio-decoder-ogg-vorbis: bf7c407c2cedff20999df2af8eb42d56 -> 
========================================================================
Received Import Request.
  Time since last request: 956234.450190 seconds.
  path: Assets/polyperfect/Low Poly Icon Pack/Images/_Icons/Fantasy/icon_bed-wood_LP.png
  artifactKey: Guid(fe1085e62980fc740b2aea50a981b86c) Importer(815301076,1909f56bfc062723c751e8b465ee728b)
Start importing Assets/polyperfect/Low Poly Icon Pack/Images/_Icons/Fantasy/icon_bed-wood_LP.png using Guid(fe1085e62980fc740b2aea50a981b86c) Importer(815301076,1909f56bfc062723c751e8b465ee728b)  -> (artifact id: '01d9ff3bb43d93bb2334b701f710cc53') in 0.381360 seconds 
========================================================================
Received Import Request.
  Time since last request: 0.000034 seconds.
  path: Assets/polyperfect/Low Poly Icon Pack/Images/_Icons/Fantasy/icon_chair-wood_LP.png
  artifactKey: Guid(46171cc4e6c793c42a8396724848bfdd) Importer(815301076,1909f56bfc062723c751e8b465ee728b)
Start importing Assets/polyperfect/Low Poly Icon Pack/Images/_Icons/Fantasy/icon_chair-wood_LP.png using Guid(46171cc4e6c793c42a8396724848bfdd) Importer(815301076,1909f56bfc062723c751e8b465ee728b)  -> (artifact id: 'd45892eb1eb3ed082eac41a4421d8a49') in 0.076206 seconds 
========================================================================
Received Import Request.
  Time since last request: 0.000032 seconds.
  path: Assets/polyperfect/Low Poly Icon Pack/Images/_Icons/Fantasy/icon_key-gold_LP.png
  artifactKey: Guid(80e536135c588544ebe7c9cbd7688a9b) Importer(815301076,1909f56bfc062723c751e8b465ee728b)
Start importing Assets/polyperfect/Low Poly Icon Pack/Images/_Icons/Fantasy/icon_key-gold_LP.png using Guid(80e536135c588544ebe7c9cbd7688a9b) Importer(815301076,1909f56bfc062723c751e8b465ee728b)  -> (artifact id: 'd387147f5dbb0f80033fe95ed6ac0c1e') in 0.082359 seconds 
========================================================================
Received Import Request.
  Time since last request: 0.000025 seconds.
  path: Assets/polyperfect/Low Poly Icon Pack/Images/_Icons/Fantasy/icon_hat-wizard_LP.png
  artifactKey: Guid(518eddaff551f3543ab353544fcef511) Importer(815301076,1909f56bfc062723c751e8b465ee728b)
Start importing Assets/polyperfect/Low Poly Icon Pack/Images/_Icons/Fantasy/icon_hat-wizard_LP.png using Guid(518eddaff551f3543ab353544fcef511) Importer(815301076,1909f56bfc062723c751e8b465ee728b)  -> (artifact id: '3f886eac11c8f7c903447064ce505b70') in 0.071722 seconds 
========================================================================
Received Import Request.
  Time since last request: 0.000020 seconds.
  path: Assets/polyperfect/Low Poly Icon Pack/Images/_Icons/Fantasy/icon_shelf_LP.png
  artifactKey: Guid(4c75948dbd8f5d94cbaf4208ec427c21) Importer(815301076,1909f56bfc062723c751e8b465ee728b)
Start importing Assets/polyperfect/Low Poly Icon Pack/Images/_Icons/Fantasy/icon_shelf_LP.png using Guid(4c75948dbd8f5d94cbaf4208ec427c21) Importer(815301076,1909f56bfc062723c751e8b465ee728b)  -> (artifact id: '56d68db8452d945e7ea776a3a122f7b3') in 0.087623 seconds 
========================================================================
Received Import Request.
  Time since last request: 0.000026 seconds.
  path: Assets/polyperfect/Low Poly Icon Pack/Images/_Icons/Electronics/icon_mobile_LP.png
  artifactKey: Guid(0ff9eb21542e8f24aacc8e300097e790) Importer(815301076,1909f56bfc062723c751e8b465ee728b)
Start importing Assets/polyperfect/Low Poly Icon Pack/Images/_Icons/Electronics/icon_mobile_LP.png using Guid(0ff9eb21542e8f24aacc8e300097e790) Importer(815301076,1909f56bfc062723c751e8b465ee728b)  -> (artifact id: 'bb1a595ea5c7ed17e2446f89f0f7fed0') in 0.081707 seconds 
========================================================================
Received Import Request.
  Time since last request: 0.000037 seconds.
  path: Assets/polyperfect/Low Poly Icon Pack/Images/_Icons/Electronics/icon_handheld-console_LP.png
  artifactKey: Guid(4b7f760816d832c4fb806396c1458159) Importer(815301076,1909f56bfc062723c751e8b465ee728b)
Start importing Assets/polyperfect/Low Poly Icon Pack/Images/_Icons/Electronics/icon_handheld-console_LP.png using Guid(4b7f760816d832c4fb806396c1458159) Importer(815301076,1909f56bfc062723c751e8b465ee728b)  -> (artifact id: '5998050e51f8b7507d1da5977abe7b48') in 0.095883 seconds 
========================================================================
Received Import Request.
  Time since last request: 0.519377 seconds.
  path: Assets/polyperfect/Low Poly Icon Pack/Images/_Icons/Drinks/icon_drink-coconut_LP.png
  artifactKey: Guid(0eacc2ec4e6d1754b8141da2f6f2e8be) Importer(815301076,1909f56bfc062723c751e8b465ee728b)
Start importing Assets/polyperfect/Low Poly Icon Pack/Images/_Icons/Drinks/icon_drink-coconut_LP.png using Guid(0eacc2ec4e6d1754b8141da2f6f2e8be) Importer(815301076,1909f56bfc062723c751e8b465ee728b)  -> (artifact id: 'b878fdd467fd3b623f6fc35bda99f2f3') in 0.083387 seconds 
========================================================================
Received Import Request.
  Time since last request: 0.000029 seconds.
  path: Assets/polyperfect/Low Poly Icon Pack/Images/_Icons/Drinks/icon_wine-bottle-red_LP.png
  artifactKey: Guid(4f1c094d00a7a8c48adb68fa8e4f117a) Importer(815301076,1909f56bfc062723c751e8b465ee728b)
Start importing Assets/polyperfect/Low Poly Icon Pack/Images/_Icons/Drinks/icon_wine-bottle-red_LP.png using Guid(4f1c094d00a7a8c48adb68fa8e4f117a) Importer(815301076,1909f56bfc062723c751e8b465ee728b)  -> (artifact id: 'd6f958f2ac6d5b8a5c77c49e5af84457') in 0.062487 seconds 
========================================================================
Received Import Request.
  Time since last request: 0.550240 seconds.
  path: Assets/polyperfect/Low Poly Icon Pack/Images/_Icons/Common/icon_clock_LP.png
  artifactKey: Guid(0f0a5df928115114186ac1c72f2ceb3d) Importer(815301076,1909f56bfc062723c751e8b465ee728b)
Start importing Assets/polyperfect/Low Poly Icon Pack/Images/_Icons/Common/icon_clock_LP.png using Guid(0f0a5df928115114186ac1c72f2ceb3d) Importer(815301076,1909f56bfc062723c751e8b465ee728b)  -> (artifact id: '2de4c46afea7cbeb869d2471d3cdac8e') in 0.081429 seconds 
========================================================================
Received Import Request.
  Time since last request: 0.000029 seconds.
  path: Assets/polyperfect/Low Poly Icon Pack/Images/_Icons/Common/icon_message-sent_LP.png
  artifactKey: Guid(959571efa72b4f943940fd01520c07a3) Importer(815301076,1909f56bfc062723c751e8b465ee728b)
Start importing Assets/polyperfect/Low Poly Icon Pack/Images/_Icons/Common/icon_message-sent_LP.png using Guid(959571efa72b4f943940fd01520c07a3) Importer(815301076,1909f56bfc062723c751e8b465ee728b)  -> (artifact id: '5db84b3c6604431ca18b7dd1eb2073f5') in 0.072219 seconds 
========================================================================
Received Import Request.
  Time since last request: 0.000026 seconds.
  path: Assets/polyperfect/Low Poly Icon Pack/Images/_Icons/Common/icon_gem-purple_LP.png
  artifactKey: Guid(c2cf20150b450ea47a4fe78511c6bdbb) Importer(815301076,1909f56bfc062723c751e8b465ee728b)
Start importing Assets/polyperfect/Low Poly Icon Pack/Images/_Icons/Common/icon_gem-purple_LP.png using Guid(c2cf20150b450ea47a4fe78511c6bdbb) Importer(815301076,1909f56bfc062723c751e8b465ee728b)  -> (artifact id: '53a750f8c06d0c47b229dbaac0e82e91') in 0.086541 seconds 
========================================================================
Received Import Request.
  Time since last request: 0.823883 seconds.
  path: Assets/polyperfect/Low Poly Icon Pack/Images/_Icons/Coins/icon_coin-bitcoin-gold_LP.png
  artifactKey: Guid(9ae2d48faaaccf94d91dee4bbf409eba) Importer(815301076,1909f56bfc062723c751e8b465ee728b)
Start importing Assets/polyperfect/Low Poly Icon Pack/Images/_Icons/Coins/icon_coin-bitcoin-gold_LP.png using Guid(9ae2d48faaaccf94d91dee4bbf409eba) Importer(815301076,1909f56bfc062723c751e8b465ee728b)  -> (artifact id: '138c77908c07869d228e35db1ecfb581') in 0.096126 seconds 
========================================================================
Received Import Request.
  Time since last request: 0.000033 seconds.
  path: Assets/polyperfect/Low Poly Icon Pack/Images/_Icons/Coins/icon_coin-star-silver_LP.png
  artifactKey: Guid(3b1532138b087bc44aceb8224eebf579) Importer(815301076,1909f56bfc062723c751e8b465ee728b)
Start importing Assets/polyperfect/Low Poly Icon Pack/Images/_Icons/Coins/icon_coin-star-silver_LP.png using Guid(3b1532138b087bc44aceb8224eebf579) Importer(815301076,1909f56bfc062723c751e8b465ee728b)  -> (artifact id: '597b21e3ecb54b2d93f513e0e4ad372b') in 0.082861 seconds 
========================================================================
Received Import Request.
  Time since last request: 0.000025 seconds.
  path: Assets/polyperfect/Low Poly Icon Pack/Images/_Icons/Coins/icon_coin-skull-gold_LP.png
  artifactKey: Guid(7209c193ce5089148804951cb767f57a) Importer(815301076,1909f56bfc062723c751e8b465ee728b)
Start importing Assets/polyperfect/Low Poly Icon Pack/Images/_Icons/Coins/icon_coin-skull-gold_LP.png using Guid(7209c193ce5089148804951cb767f57a) Importer(815301076,1909f56bfc062723c751e8b465ee728b)  -> (artifact id: '9c5579f2ebfb23b20a6dc3fc2d4d3854') in 0.091656 seconds 
========================================================================
Received Import Request.
  Time since last request: 0.000032 seconds.
  path: Assets/polyperfect/Low Poly Icon Pack/Images/_Icons/Coins/icon_coin-skull-bronze_LP.png
  artifactKey: Guid(4b9debbd72f821f4dae3b561302a81f8) Importer(815301076,1909f56bfc062723c751e8b465ee728b)
Start importing Assets/polyperfect/Low Poly Icon Pack/Images/_Icons/Coins/icon_coin-skull-bronze_LP.png using Guid(4b9debbd72f821f4dae3b561302a81f8) Importer(815301076,1909f56bfc062723c751e8b465ee728b)  -> (artifact id: '3d561deff55dfd4a6ff453661187f220') in 0.073084 seconds 
========================================================================
Received Import Request.
  Time since last request: 0.372343 seconds.
  path: Assets/polyperfect/Low Poly Icon Pack/Images/_Icons/Coffee/icon_chocolate_LP.png
  artifactKey: Guid(c81d72be6c85dc84ba09e07b6a4c8651) Importer(815301076,1909f56bfc062723c751e8b465ee728b)
Start importing Assets/polyperfect/Low Poly Icon Pack/Images/_Icons/Coffee/icon_chocolate_LP.png using Guid(c81d72be6c85dc84ba09e07b6a4c8651) Importer(815301076,1909f56bfc062723c751e8b465ee728b)  -> (artifact id: 'e81a3716f4d77c6bb904127cb0188891') in 0.101739 seconds 
========================================================================
Received Import Request.
  Time since last request: 0.000035 seconds.
  path: Assets/polyperfect/Low Poly Icon Pack/Images/_Icons/Coffee/icon_quern_LP.png
  artifactKey: Guid(073ec17047ea39940af2c3e628289ac1) Importer(815301076,1909f56bfc062723c751e8b465ee728b)
Start importing Assets/polyperfect/Low Poly Icon Pack/Images/_Icons/Coffee/icon_quern_LP.png using Guid(073ec17047ea39940af2c3e628289ac1) Importer(815301076,1909f56bfc062723c751e8b465ee728b)  -> (artifact id: 'a78241a47b5e047e354bfc1638598446') in 0.087321 seconds 
========================================================================
Received Import Request.
  Time since last request: 0.664388 seconds.
  path: Assets/polyperfect/Low Poly Icon Pack/Images/_Icons/Clothes/icon_clothes-medieval-pedestrian_LP.png
  artifactKey: Guid(47a30119eaf2fff48a6c29b2d4eef700) Importer(815301076,1909f56bfc062723c751e8b465ee728b)
Start importing Assets/polyperfect/Low Poly Icon Pack/Images/_Icons/Clothes/icon_clothes-medieval-pedestrian_LP.png using Guid(47a30119eaf2fff48a6c29b2d4eef700) Importer(815301076,1909f56bfc062723c751e8b465ee728b)  -> (artifact id: '7aed80240e0fbcf1a5f84a0071c65851') in 0.094665 seconds 
========================================================================
Received Import Request.
  Time since last request: 0.595340 seconds.
  path: Assets/polyperfect/Low Poly Icon Pack/Images/_Icons/Barrels/icon_barrel-green-closed_LP.png
  artifactKey: Guid(0fe81c399c7b0af45acde151f9934023) Importer(815301076,1909f56bfc062723c751e8b465ee728b)
Start importing Assets/polyperfect/Low Poly Icon Pack/Images/_Icons/Barrels/icon_barrel-green-closed_LP.png using Guid(0fe81c399c7b0af45acde151f9934023) Importer(815301076,1909f56bfc062723c751e8b465ee728b)  -> (artifact id: '003e5dfec1005dcda7bc9d3c51117905') in 0.105108 seconds 
========================================================================
Received Import Request.
  Time since last request: 0.376329 seconds.
  path: Assets/polyperfect/Low Poly Icon Pack/Images/_Icons/Avatars/icon_astronaut-head_LP.png
  artifactKey: Guid(d3e42c3909fb80c43a4185888fb09aa7) Importer(815301076,1909f56bfc062723c751e8b465ee728b)
Start importing Assets/polyperfect/Low Poly Icon Pack/Images/_Icons/Avatars/icon_astronaut-head_LP.png using Guid(d3e42c3909fb80c43a4185888fb09aa7) Importer(815301076,1909f56bfc062723c751e8b465ee728b)  -> (artifact id: 'be0487e04a62a8f491e2b1c4966d2b17') in 0.109853 seconds 
========================================================================
Received Import Request.
  Time since last request: 0.000048 seconds.
  path: Assets/polyperfect/Low Poly Icon Pack/Images/_Icons/Avatars/icon_naval-officer-head_LP.png
  artifactKey: Guid(97426a7ff9a4819489edb7b9d33d7883) Importer(815301076,1909f56bfc062723c751e8b465ee728b)
Start importing Assets/polyperfect/Low Poly Icon Pack/Images/_Icons/Avatars/icon_naval-officer-head_LP.png using Guid(97426a7ff9a4819489edb7b9d33d7883) Importer(815301076,1909f56bfc062723c751e8b465ee728b)  -> (artifact id: '62374c9918fbb6bcf099df1831bbb41c') in 0.092076 seconds 
========================================================================
Received Import Request.
  Time since last request: 0.000040 seconds.
  path: Assets/polyperfect/Low Poly Icon Pack/Images/_Icons/Avatars/icon_superhero-woman-head_LP.png
  artifactKey: Guid(655f7417fe884304392d93905eea9843) Importer(815301076,1909f56bfc062723c751e8b465ee728b)
Start importing Assets/polyperfect/Low Poly Icon Pack/Images/_Icons/Avatars/icon_superhero-woman-head_LP.png using Guid(655f7417fe884304392d93905eea9843) Importer(815301076,1909f56bfc062723c751e8b465ee728b)  -> (artifact id: '2745a2dbec9c658a4750f61cac856df7') in 0.081516 seconds 
========================================================================
Received Import Request.
  Time since last request: 0.000027 seconds.
  path: Assets/polyperfect/Low Poly Icon Pack/Images/_Icons/Avatars/icon_santa-claus-head_LP.png
  artifactKey: Guid(0c56d2e60d2745140b83fa9cf911e8f4) Importer(815301076,1909f56bfc062723c751e8b465ee728b)
Start importing Assets/polyperfect/Low Poly Icon Pack/Images/_Icons/Avatars/icon_santa-claus-head_LP.png using Guid(0c56d2e60d2745140b83fa9cf911e8f4) Importer(815301076,1909f56bfc062723c751e8b465ee728b)  -> (artifact id: '0ec48d172ba521efb1848b4ac63a4bec') in 0.085455 seconds 
========================================================================
Received Import Request.
  Time since last request: 0.001998 seconds.
  path: Assets/polyperfect/Low Poly Icon Pack/Images/_Icons/Animations/icon_animation-walk_LP.png
  artifactKey: Guid(9a4a298b1346f9a49a7a1215ce5c6e23) Importer(815301076,1909f56bfc062723c751e8b465ee728b)
Start importing Assets/polyperfect/Low Poly Icon Pack/Images/_Icons/Animations/icon_animation-walk_LP.png using Guid(9a4a298b1346f9a49a7a1215ce5c6e23) Importer(815301076,1909f56bfc062723c751e8b465ee728b)  -> (artifact id: '175416604e4c0811bba635ecb1edef65') in 0.086350 seconds 
========================================================================
Received Import Request.
  Time since last request: 0.000033 seconds.
  path: Assets/polyperfect/Low Poly Icon Pack/Images/_Icons/Animations/icon_animation-tpose_LP.png
  artifactKey: Guid(50d17d339d1f95b4fa4187b179c5c842) Importer(815301076,1909f56bfc062723c751e8b465ee728b)
Start importing Assets/polyperfect/Low Poly Icon Pack/Images/_Icons/Animations/icon_animation-tpose_LP.png using Guid(50d17d339d1f95b4fa4187b179c5c842) Importer(815301076,1909f56bfc062723c751e8b465ee728b)  -> (artifact id: '915f035c99c745951f8bc1a5401e36bf') in 0.079285 seconds 
========================================================================
Received Import Request.
  Time since last request: 0.000038 seconds.
  path: Assets/polyperfect/Low Poly Icon Pack/Images/_Icons/Avatars/icon_soldier-us-head_LP.png
  artifactKey: Guid(036ba6069742bdc4aa1a5c7ed6c39f89) Importer(815301076,1909f56bfc062723c751e8b465ee728b)
Start importing Assets/polyperfect/Low Poly Icon Pack/Images/_Icons/Avatars/icon_soldier-us-head_LP.png using Guid(036ba6069742bdc4aa1a5c7ed6c39f89) Importer(815301076,1909f56bfc062723c751e8b465ee728b)  -> (artifact id: '3a390f86333d6fa08cbe2dd53c0e3057') in 0.098021 seconds 
========================================================================
Received Import Request.
  Time since last request: 0.000023 seconds.
  path: Assets/polyperfect/Low Poly Icon Pack/Images/_Icons/Avatars/icon_pablo-head_LP.png
  artifactKey: Guid(c5079b22574e95f428feb89e5413cea7) Importer(815301076,1909f56bfc062723c751e8b465ee728b)
Start importing Assets/polyperfect/Low Poly Icon Pack/Images/_Icons/Avatars/icon_pablo-head_LP.png using Guid(c5079b22574e95f428feb89e5413cea7) Importer(815301076,1909f56bfc062723c751e8b465ee728b)  -> (artifact id: 'd327058ddce8cccad91658ff5c8223e7') in 0.074915 seconds 
========================================================================
Received Import Request.
  Time since last request: 0.185667 seconds.
  path: Assets/polyperfect/Low Poly Icon Pack/Images/_Icons/Animals/icon_bear-polar_LP.png
  artifactKey: Guid(11451bea5ce10fe47a216c1316cf20a2) Importer(815301076,1909f56bfc062723c751e8b465ee728b)
Start importing Assets/polyperfect/Low Poly Icon Pack/Images/_Icons/Animals/icon_bear-polar_LP.png using Guid(11451bea5ce10fe47a216c1316cf20a2) Importer(815301076,1909f56bfc062723c751e8b465ee728b)  -> (artifact id: 'd1a0c8ee005ffc7de2898f0e3bf48b79') in 0.084725 seconds 
========================================================================
Received Import Request.
  Time since last request: 0.000026 seconds.
  path: Assets/polyperfect/Low Poly Icon Pack/Images/_Icons/Animals/icon_elephant_LP.png
  artifactKey: Guid(63e0b0314cc116941a02411de6ab031f) Importer(815301076,1909f56bfc062723c751e8b465ee728b)
Start importing Assets/polyperfect/Low Poly Icon Pack/Images/_Icons/Animals/icon_elephant_LP.png using Guid(63e0b0314cc116941a02411de6ab031f) Importer(815301076,1909f56bfc062723c751e8b465ee728b)  -> (artifact id: '79c3084e73e57552f534524ebd2149a3') in 0.086722 seconds 
========================================================================
Received Import Request.
  Time since last request: 0.000073 seconds.
  path: Assets/polyperfect/Low Poly Icon Pack/Images/_Icons/Animals/icon_tiger-head_LP.png
  artifactKey: Guid(ce2a2c8d481b92542910b9bc6cbe915f) Importer(815301076,1909f56bfc062723c751e8b465ee728b)
Start importing Assets/polyperfect/Low Poly Icon Pack/Images/_Icons/Animals/icon_tiger-head_LP.png using Guid(ce2a2c8d481b92542910b9bc6cbe915f) Importer(815301076,1909f56bfc062723c751e8b465ee728b)  -> (artifact id: '71762134eaf956d4c4e0d3f42ca7e016') in 0.111933 seconds 
========================================================================
Received Import Request.
  Time since last request: 0.000028 seconds.
  path: Assets/polyperfect/Low Poly Icon Pack/Images/_Icons/Animals/icon_lion-head_LP.png
  artifactKey: Guid(cf1370df023823c4786d334456e0fb53) Importer(815301076,1909f56bfc062723c751e8b465ee728b)
Start importing Assets/polyperfect/Low Poly Icon Pack/Images/_Icons/Animals/icon_lion-head_LP.png using Guid(cf1370df023823c4786d334456e0fb53) Importer(815301076,1909f56bfc062723c751e8b465ee728b)  -> (artifact id: 'e4291a4bc6ba667d725743f568e85860') in 0.091086 seconds 
========================================================================
Received Import Request.
  Time since last request: 0.000036 seconds.
  path: Assets/polyperfect/Low Poly Icon Pack/Images/_Icons/Animals/icon_elephant-head_LP.png
  artifactKey: Guid(69756772bb9f622428b57d1932b81854) Importer(815301076,1909f56bfc062723c751e8b465ee728b)
Start importing Assets/polyperfect/Low Poly Icon Pack/Images/_Icons/Animals/icon_elephant-head_LP.png using Guid(69756772bb9f622428b57d1932b81854) Importer(815301076,1909f56bfc062723c751e8b465ee728b)  -> (artifact id: '9c985407a61c6f86aaf4da5ac4bf8326') in 0.115650 seconds 
========================================================================
Received Import Request.
  Time since last request: 0.000060 seconds.
  path: Assets/polyperfect/Low Poly Icon Pack/Images/_Icons/Animals/icon_tiger_LP.png
  artifactKey: Guid(3bd2b97454cacf647b35504058c766e8) Importer(815301076,1909f56bfc062723c751e8b465ee728b)
Start importing Assets/polyperfect/Low Poly Icon Pack/Images/_Icons/Animals/icon_tiger_LP.png using Guid(3bd2b97454cacf647b35504058c766e8) Importer(815301076,1909f56bfc062723c751e8b465ee728b)  -> (artifact id: '8ce2298e0da111a20070e4070383c397') in 0.100184 seconds 
========================================================================
Received Import Request.
  Time since last request: 0.614157 seconds.
  path: Assets/polyperfect/Low Poly Icon Pack/Images/_Icons/Sport/icon_basketball_LP.png
  artifactKey: Guid(3b4d8c6be7c3c914897ef03e125f8e44) Importer(815301076,1909f56bfc062723c751e8b465ee728b)
Start importing Assets/polyperfect/Low Poly Icon Pack/Images/_Icons/Sport/icon_basketball_LP.png using Guid(3b4d8c6be7c3c914897ef03e125f8e44) Importer(815301076,1909f56bfc062723c751e8b465ee728b)  -> (artifact id: '587f67b72249e4c3db62b62aa8686dc4') in 0.123916 seconds 
========================================================================
Received Import Request.
  Time since last request: 0.000028 seconds.
  path: Assets/polyperfect/Low Poly Icon Pack/Images/_Icons/Sport/icon_soccer-ball_LP.png
  artifactKey: Guid(6c231bbded82eb3489c28fb1815f101c) Importer(815301076,1909f56bfc062723c751e8b465ee728b)
Start importing Assets/polyperfect/Low Poly Icon Pack/Images/_Icons/Sport/icon_soccer-ball_LP.png using Guid(6c231bbded82eb3489c28fb1815f101c) Importer(815301076,1909f56bfc062723c751e8b465ee728b)  -> (artifact id: 'f3d59adf3bce8d2c5614d91b26a7d30b') in 0.072023 seconds 
========================================================================
Received Import Request.
  Time since last request: 0.348367 seconds.
  path: Assets/polyperfect/Low Poly Icon Pack/Images/_Icons/Survival/icon_backbag_LP.png
  artifactKey: Guid(241df97a372aa0f47895f04844efde4b) Importer(815301076,1909f56bfc062723c751e8b465ee728b)
Start importing Assets/polyperfect/Low Poly Icon Pack/Images/_Icons/Survival/icon_backbag_LP.png using Guid(241df97a372aa0f47895f04844efde4b) Importer(815301076,1909f56bfc062723c751e8b465ee728b)  -> (artifact id: '158b37c88e130c5ae0de6e7e80378d49') in 0.107118 seconds 
========================================================================
Received Import Request.
  Time since last request: 0.000056 seconds.
  path: Assets/polyperfect/Low Poly Icon Pack/Images/_Icons/Survival/icon_gas-mask_LP.png
  artifactKey: Guid(7a63bde18f621c14a8e97e6e42380500) Importer(815301076,1909f56bfc062723c751e8b465ee728b)
Start importing Assets/polyperfect/Low Poly Icon Pack/Images/_Icons/Survival/icon_gas-mask_LP.png using Guid(7a63bde18f621c14a8e97e6e42380500) Importer(815301076,1909f56bfc062723c751e8b465ee728b)  -> (artifact id: '1a6d3da4ba0e586b2f198a234fcfabc8') in 0.089463 seconds 
========================================================================
Received Import Request.
  Time since last request: 0.000044 seconds.
  path: Assets/polyperfect/Low Poly Icon Pack/Images/_Icons/Survival/icon_bomb_LP.png
  artifactKey: Guid(74e3b6e566b90464ab978ee9032a6390) Importer(815301076,1909f56bfc062723c751e8b465ee728b)
Start importing Assets/polyperfect/Low Poly Icon Pack/Images/_Icons/Survival/icon_bomb_LP.png using Guid(74e3b6e566b90464ab978ee9032a6390) Importer(815301076,1909f56bfc062723c751e8b465ee728b)  -> (artifact id: '5eadf7ea747182d6c4215047bdbd0ac5') in 0.093451 seconds 
========================================================================
Received Import Request.
  Time since last request: 0.000024 seconds.
  path: Assets/polyperfect/Low Poly Icon Pack/Images/_Icons/Survival/icon_toilet-paper_LP.png
  artifactKey: Guid(138cc248c68f2fb4d95214239eb5517d) Importer(815301076,1909f56bfc062723c751e8b465ee728b)
Start importing Assets/polyperfect/Low Poly Icon Pack/Images/_Icons/Survival/icon_toilet-paper_LP.png using Guid(138cc248c68f2fb4d95214239eb5517d) Importer(815301076,1909f56bfc062723c751e8b465ee728b)  -> (artifact id: '0a5832e6e91674ea2c5b8fd8ff7c9bda') in 0.076160 seconds 
========================================================================
Received Import Request.
  Time since last request: 0.000023 seconds.
  path: Assets/polyperfect/Low Poly Icon Pack/Images/_Icons/Survival/icon_medkit_LP.png
  artifactKey: Guid(8c2239ec15fe61e44a83cd1f0ba45bbb) Importer(815301076,1909f56bfc062723c751e8b465ee728b)
Start importing Assets/polyperfect/Low Poly Icon Pack/Images/_Icons/Survival/icon_medkit_LP.png using Guid(8c2239ec15fe61e44a83cd1f0ba45bbb) Importer(815301076,1909f56bfc062723c751e8b465ee728b)  -> (artifact id: '441d9f3a9a6cc5c692bba58d095216b9') in 0.078851 seconds 
========================================================================
Received Import Request.
  Time since last request: 0.000030 seconds.
  path: Assets/polyperfect/Low Poly Icon Pack/Images/_Icons/Tools/icon_wire-cutters_LP.png
  artifactKey: Guid(73cdb86930a9c4841b02fdda8dd6753f) Importer(815301076,1909f56bfc062723c751e8b465ee728b)
Start importing Assets/polyperfect/Low Poly Icon Pack/Images/_Icons/Tools/icon_wire-cutters_LP.png using Guid(73cdb86930a9c4841b02fdda8dd6753f) Importer(815301076,1909f56bfc062723c751e8b465ee728b)  -> (artifact id: '1e3a4a7e6d4819805f60720ad148716c') in 0.079219 seconds 
========================================================================
Received Import Request.
  Time since last request: 0.000041 seconds.
  path: Assets/polyperfect/Low Poly Icon Pack/Images/_Icons/Tools/icon_shovel_LP.png
  artifactKey: Guid(01c4080c02b85d94baf6124b0671fa5f) Importer(815301076,1909f56bfc062723c751e8b465ee728b)
Start importing Assets/polyperfect/Low Poly Icon Pack/Images/_Icons/Tools/icon_shovel_LP.png using Guid(01c4080c02b85d94baf6124b0671fa5f) Importer(815301076,1909f56bfc062723c751e8b465ee728b)  -> (artifact id: 'e375cb92260e057b520eb5b2acd7a82a') in 0.083716 seconds 
========================================================================
Received Import Request.
  Time since last request: 0.000032 seconds.
  path: Assets/polyperfect/Low Poly Icon Pack/Images/_Icons/Tools/icon_axe_LP.png
  artifactKey: Guid(a50aa657da7c1714098a26a4eb7a8891) Importer(815301076,1909f56bfc062723c751e8b465ee728b)
Start importing Assets/polyperfect/Low Poly Icon Pack/Images/_Icons/Tools/icon_axe_LP.png using Guid(a50aa657da7c1714098a26a4eb7a8891) Importer(815301076,1909f56bfc062723c751e8b465ee728b)  -> (artifact id: '07b10a047a19fd8589a2cae9f1f14b10') in 0.076633 seconds 
========================================================================
Received Import Request.
  Time since last request: 0.000022 seconds.
  path: Assets/polyperfect/Low Poly Icon Pack/Images/_Icons/Tools/icon_grill-round-open_LP.png
  artifactKey: Guid(fe8cb046e176f2e4faff38846a525088) Importer(815301076,1909f56bfc062723c751e8b465ee728b)
Start importing Assets/polyperfect/Low Poly Icon Pack/Images/_Icons/Tools/icon_grill-round-open_LP.png using Guid(fe8cb046e176f2e4faff38846a525088) Importer(815301076,1909f56bfc062723c751e8b465ee728b)  -> (artifact id: '45668e11aa7a5df358e4e03b4cc54576') in 0.065915 seconds 
========================================================================
Received Import Request.
  Time since last request: 0.110083 seconds.
  path: Assets/polyperfect/Low Poly Icon Pack/Images/_Icons/Vehicles/icon_bicycle_LP.png
  artifactKey: Guid(7228a1e9854963f47b632b82ce395cfb) Importer(815301076,1909f56bfc062723c751e8b465ee728b)
Start importing Assets/polyperfect/Low Poly Icon Pack/Images/_Icons/Vehicles/icon_bicycle_LP.png using Guid(7228a1e9854963f47b632b82ce395cfb) Importer(815301076,1909f56bfc062723c751e8b465ee728b)  -> (artifact id: 'e60d7776ec2002008a555d5589f9fc05') in 0.112871 seconds 
========================================================================
Received Import Request.
  Time since last request: 0.000738 seconds.
  path: Assets/polyperfect/Low Poly Icon Pack/Images/_Icons/Vehicles/icon_train_LP.png
  artifactKey: Guid(72d560f7063110f4bbc4578651f3c5ee) Importer(815301076,1909f56bfc062723c751e8b465ee728b)
Start importing Assets/polyperfect/Low Poly Icon Pack/Images/_Icons/Vehicles/icon_train_LP.png using Guid(72d560f7063110f4bbc4578651f3c5ee) Importer(815301076,1909f56bfc062723c751e8b465ee728b)  -> (artifact id: '8dfd3a1c7cff2d9e6ff9e866b6a768c2') in 0.080583 seconds 
========================================================================
Received Import Request.
  Time since last request: 0.156881 seconds.
  path: Assets/polyperfect/Low Poly Icon Pack/Images/_Icons/War/icon_cannon_LP.png
  artifactKey: Guid(c78421e8a485f80459f0fca2c1d8e875) Importer(815301076,1909f56bfc062723c751e8b465ee728b)
Start importing Assets/polyperfect/Low Poly Icon Pack/Images/_Icons/War/icon_cannon_LP.png using Guid(c78421e8a485f80459f0fca2c1d8e875) Importer(815301076,1909f56bfc062723c751e8b465ee728b)  -> (artifact id: '78b861c8c1028941b5f9fd92287b9e59') in 0.080191 seconds 
Editor requested this worker to shutdown with reason: Scaling down because of idle timeout
AssetImportWorker is now disconnected from the server
Process exiting
Exiting without the bug reporter. Application will terminate with return code 0