Using pre-set license
Built from '2021.3/staging' branch; Version is '2021.3.6f1 (7da38d85baf6) revision 8233869'; Using compiler version '192829333'; Build Type 'Release'
OS: 'Windows 10  (10.0.19043) 64bit Professional' Language: 'ko' Physical Memory: 48961 MB
BatchMode: 1, IsHumanControllingUs: 0, StartBugReporterOnCrash: 0, Is64bit: 1, IsPro: 1

COMMAND LINE ARGUMENTS:
C:\Program Files\Unity\Hub\Editor\2021.3.6f1\Editor\Unity.exe
-adb2
-batchMode
-noUpm
-name
AssetImportWorker11
-projectPath
C:/Users/ajffj/Desktop/CardWorld/GameProject
-logFile
Logs/AssetImportWorker11.log
-srvPort
9227
Successfully changed project path to: C:/Users/ajffj/Desktop/CardWorld/GameProject
C:/Users/ajffj/Desktop/CardWorld/GameProject
[UnityMemory] Configuration Parameters - Can be set up in boot.config
    "memorysetup-bucket-allocator-granularity=16"
    "memorysetup-bucket-allocator-bucket-count=8"
    "memorysetup-bucket-allocator-block-size=33554432"
    "memorysetup-bucket-allocator-block-count=8"
    "memorysetup-main-allocator-block-size=16777216"
    "memorysetup-thread-allocator-block-size=16777216"
    "memorysetup-gfx-main-allocator-block-size=16777216"
    "memorysetup-gfx-thread-allocator-block-size=16777216"
    "memorysetup-cache-allocator-block-size=4194304"
    "memorysetup-typetree-allocator-block-size=2097152"
    "memorysetup-profiler-bucket-allocator-granularity=16"
    "memorysetup-profiler-bucket-allocator-bucket-count=8"
    "memorysetup-profiler-bucket-allocator-block-size=33554432"
    "memorysetup-profiler-bucket-allocator-block-count=8"
    "memorysetup-profiler-allocator-block-size=16777216"
    "memorysetup-profiler-editor-allocator-block-size=1048576"
    "memorysetup-temp-allocator-size-main=16777216"
    "memorysetup-job-temp-allocator-block-size=2097152"
    "memorysetup-job-temp-allocator-block-size-background=1048576"
    "memorysetup-job-temp-allocator-reduction-small-platforms=262144"
    "memorysetup-temp-allocator-size-background-worker=32768"
    "memorysetup-temp-allocator-size-job-worker=262144"
    "memorysetup-temp-allocator-size-preload-manager=33554432"
    "memorysetup-temp-allocator-size-nav-mesh-worker=65536"
    "memorysetup-temp-allocator-size-audio-worker=65536"
    "memorysetup-temp-allocator-size-cloud-worker=32768"
    "memorysetup-temp-allocator-size-gi-baking-worker=262144"
    "memorysetup-temp-allocator-size-gfx=262144"
Refreshing native plugins compatible for Editor in 168.44 ms, found 4 plugins.
Preloading 0 native plugins for Editor in 0.00 ms.
Initialize engine version: 2021.3.6f1 (7da38d85baf6)
[Subsystems] Discovering subsystems at path C:/Program Files/Unity/Hub/Editor/2021.3.6f1/Editor/Data/Resources/UnitySubsystems
[Subsystems] Discovering subsystems at path C:/Users/ajffj/Desktop/CardWorld/GameProject/Assets
GfxDevice: creating device client; threaded=0; jobified=0
Direct3D:
    Version:  Direct3D 11.0 [level 11.1]
    Renderer: NVIDIA GeForce RTX 3070 (ID=0x2484)
    Vendor:   NVIDIA
    VRAM:     8043 MB
    Driver:   31.0.15.1748
Initialize mono
Mono path[0] = 'C:/Program Files/Unity/Hub/Editor/2021.3.6f1/Editor/Data/Managed'
Mono path[1] = 'C:/Program Files/Unity/Hub/Editor/2021.3.6f1/Editor/Data/MonoBleedingEdge/lib/mono/unityjit-win32'
Mono config path = 'C:/Program Files/Unity/Hub/Editor/2021.3.6f1/Editor/Data/MonoBleedingEdge/etc'
Using monoOptions --debugger-agent=transport=dt_socket,embedding=1,server=y,suspend=n,address=127.0.0.1:56000
Begin MonoManager ReloadAssembly
Registering precompiled unity dll's ...
Register platform support module: C:/Program Files/Unity/Hub/Editor/2021.3.6f1/Editor/Data/PlaybackEngines/WindowsStandaloneSupport/UnityEditor.WindowsStandalone.Extensions.dll
Registered in 0.028575 seconds.
Native extension for WindowsStandalone target not found
Refreshing native plugins compatible for Editor in 120.99 ms, found 4 plugins.
Preloading 0 native plugins for Editor in 0.00 ms.
Mono: successfully reloaded assembly
- Completed reload, in  0.857 seconds
Domain Reload Profiling:
	ReloadAssembly (857ms)
		BeginReloadAssembly (118ms)
			ExecutionOrderSort (0ms)
			DisableScriptedObjects (0ms)
			BackupInstance (0ms)
			ReleaseScriptingObjects (0ms)
			CreateAndSetChildDomain (1ms)
		EndReloadAssembly (572ms)
			LoadAssemblies (112ms)
			RebuildTransferFunctionScriptingTraits (0ms)
			SetupTypeCache (117ms)
			ReleaseScriptCaches (0ms)
			RebuildScriptCaches (39ms)
			SetupLoadedEditorAssemblies (347ms)
				LogAssemblyErrors (0ms)
				InitializePlatformSupportModulesInManaged (12ms)
				SetLoadedEditorAssemblies (0ms)
				RefreshPlugins (121ms)
				BeforeProcessingInitializeOnLoad (2ms)
				ProcessInitializeOnLoadAttributes (145ms)
				ProcessInitializeOnLoadMethodAttributes (67ms)
				AfterProcessingInitializeOnLoad (0ms)
				EditorAssembliesLoaded (0ms)
			ExecutionOrderSort2 (0ms)
			AwakeInstancesAfterBackupRestoration (0ms)
Platform modules already initialized, skipping
Registering precompiled user dll's ...
Registered in 0.017497 seconds.
Begin MonoManager ReloadAssembly
Symbol file LoadedFromMemory doesn't match image C:\Users\ajffj\Desktop\CardWorld\GameProject\Library\PackageCache\com.unity.visualscripting@1.7.8\Editor\VisualScripting.Core\Dependencies\YamlDotNet\Unity.VisualScripting.YamlDotNet.dll
Symbol file LoadedFromMemory doesn't match image C:\Users\ajffj\Desktop\CardWorld\GameProject\Library\PackageCache\com.unity.visualscripting@1.7.8\Editor\VisualScripting.Core\Dependencies\DotNetZip\Unity.VisualScripting.IonicZip.dll
Native extension for WindowsStandalone target not found
Refreshing native plugins compatible for Editor in 118.08 ms, found 4 plugins.
Preloading 0 native plugins for Editor in 0.00 ms.
Mono: successfully reloaded assembly
- Completed reload, in  1.485 seconds
Domain Reload Profiling:
	ReloadAssembly (1486ms)
		BeginReloadAssembly (157ms)
			ExecutionOrderSort (0ms)
			DisableScriptedObjects (7ms)
			BackupInstance (0ms)
			ReleaseScriptingObjects (0ms)
			CreateAndSetChildDomain (20ms)
		EndReloadAssembly (1174ms)
			LoadAssemblies (141ms)
			RebuildTransferFunctionScriptingTraits (0ms)
			SetupTypeCache (280ms)
			ReleaseScriptCaches (1ms)
			RebuildScriptCaches (69ms)
			SetupLoadedEditorAssemblies (627ms)
				LogAssemblyErrors (0ms)
				InitializePlatformSupportModulesInManaged (8ms)
				SetLoadedEditorAssemblies (0ms)
				RefreshPlugins (118ms)
				BeforeProcessingInitializeOnLoad (144ms)
				ProcessInitializeOnLoadAttributes (284ms)
				ProcessInitializeOnLoadMethodAttributes (54ms)
				AfterProcessingInitializeOnLoad (19ms)
				EditorAssembliesLoaded (0ms)
			ExecutionOrderSort2 (0ms)
			AwakeInstancesAfterBackupRestoration (19ms)
Platform modules already initialized, skipping
========================================================================
Worker process is ready to serve import requests
Launched and connected shader compiler UnityShaderCompiler.exe after 0.06 seconds
Refreshing native plugins compatible for Editor in 0.91 ms, found 4 plugins.
Preloading 0 native plugins for Editor in 0.00 ms.
Unloading 4115 Unused Serialized files (Serialized files now loaded: 0)
Unloading 44 unused Assets / (222.6 KB). Loaded Objects now: 4579.
Memory consumption went from 165.5 MB to 165.3 MB.
Total: 3.497000 ms (FindLiveObjects: 0.491300 ms CreateObjectMapping: 0.133500 ms MarkObjects: 2.701100 ms  DeleteObjects: 0.169800 ms)

AssetImportParameters requested are different than current active one (requested -> active):
  custom:video-decoder-ogg-theora: a1e56fd34408186e4bbccfd4996cb3dc -> 
  custom:container-muxer-webm: aa71ff27fc2769a1b78a27578f13a17b -> 
  custom:container-demuxer-webm: 4f35f7cbe854078d1ac9338744f61a02 -> 
  custom:video-encoder-webm-vp8: eb34c28f22e8b96e1ab97ce403110664 -> 
  custom:video-codec-MediaFoundation-h265: 746d11721c4dcdbdad8f713fa42b33f4 -> 
  custom:audio-encoder-webm-vorbis: bf7c407c2cedff20999df2af8eb42d56 -> 
  custom:framework-win-MediaFoundation: 216162199b28c13a410421893ffa2e32 -> 
  custom:container-demuxer-ogg: 62fdf1f143b41e24485cea50d1cbac27 -> 
  custom:video-decoder-webm-vp8: 9c59270c3fd7afecdb556c50c9e8de78 -> 
  custom:audio-decoder-ogg-vorbis: bf7c407c2cedff20999df2af8eb42d56 -> 
========================================================================
Received Import Request.
  Time since last request: 956234.449979 seconds.
  path: Assets/polyperfect/Low Poly Icon Pack/Images/_Icons/Fantasy/icon_bed-big-wood_LP.png
  artifactKey: Guid(315482d407738bf46bded68b3a25094a) Importer(815301076,1909f56bfc062723c751e8b465ee728b)
Start importing Assets/polyperfect/Low Poly Icon Pack/Images/_Icons/Fantasy/icon_bed-big-wood_LP.png using Guid(315482d407738bf46bded68b3a25094a) Importer(815301076,1909f56bfc062723c751e8b465ee728b)  -> (artifact id: '7a9b7072b49cc395c91fae73d7df8c23') in 0.385836 seconds 
========================================================================
Received Import Request.
  Time since last request: 0.000030 seconds.
  path: Assets/polyperfect/Low Poly Icon Pack/Images/_Icons/Fantasy/icon_potion-medicine_LP.png
  artifactKey: Guid(154e7e310b89e8248a02e6d72e3d6f9b) Importer(815301076,1909f56bfc062723c751e8b465ee728b)
Start importing Assets/polyperfect/Low Poly Icon Pack/Images/_Icons/Fantasy/icon_potion-medicine_LP.png using Guid(154e7e310b89e8248a02e6d72e3d6f9b) Importer(815301076,1909f56bfc062723c751e8b465ee728b)  -> (artifact id: 'a31c3c57f2fd60d3f1d9978cc1bd2a8a') in 0.092346 seconds 
========================================================================
Received Import Request.
  Time since last request: 0.000040 seconds.
  path: Assets/polyperfect/Low Poly Icon Pack/Images/_Icons/Fantasy/icon_candles_LP.png
  artifactKey: Guid(a3b18533077d33b4290c1ac39319329a) Importer(815301076,1909f56bfc062723c751e8b465ee728b)
Start importing Assets/polyperfect/Low Poly Icon Pack/Images/_Icons/Fantasy/icon_candles_LP.png using Guid(a3b18533077d33b4290c1ac39319329a) Importer(815301076,1909f56bfc062723c751e8b465ee728b)  -> (artifact id: '7daabb791d55b5cab017ccd049c66600') in 0.095366 seconds 
========================================================================
Received Import Request.
  Time since last request: 0.000469 seconds.
  path: Assets/polyperfect/Low Poly Icon Pack/Images/_Icons/Fantasy/icon_lock-gold_LP.png
  artifactKey: Guid(81848f2716fd1be4b9aae8ad6bce95bf) Importer(815301076,1909f56bfc062723c751e8b465ee728b)
Start importing Assets/polyperfect/Low Poly Icon Pack/Images/_Icons/Fantasy/icon_lock-gold_LP.png using Guid(81848f2716fd1be4b9aae8ad6bce95bf) Importer(815301076,1909f56bfc062723c751e8b465ee728b)  -> (artifact id: '84d25f562758e7b15d9e03a0b8d21e1c') in 0.079868 seconds 
========================================================================
Received Import Request.
  Time since last request: 0.000025 seconds.
  path: Assets/polyperfect/Low Poly Icon Pack/Images/_Icons/Fantasy/icon_pillory_LP.png
  artifactKey: Guid(3baf4b8ef7157324687639419864b40b) Importer(815301076,1909f56bfc062723c751e8b465ee728b)
Start importing Assets/polyperfect/Low Poly Icon Pack/Images/_Icons/Fantasy/icon_pillory_LP.png using Guid(3baf4b8ef7157324687639419864b40b) Importer(815301076,1909f56bfc062723c751e8b465ee728b)  -> (artifact id: '9c7cda81e9d55928925cf760b8612d83') in 0.085824 seconds 
========================================================================
Received Import Request.
  Time since last request: 0.000034 seconds.
  path: Assets/polyperfect/Low Poly Icon Pack/Images/_Icons/Electronics/icon_dj-controller_LP.png
  artifactKey: Guid(b60b37c508a8b044ba3dd34ae178b42e) Importer(815301076,1909f56bfc062723c751e8b465ee728b)
Start importing Assets/polyperfect/Low Poly Icon Pack/Images/_Icons/Electronics/icon_dj-controller_LP.png using Guid(b60b37c508a8b044ba3dd34ae178b42e) Importer(815301076,1909f56bfc062723c751e8b465ee728b)  -> (artifact id: 'd91fdb4af39b12718a48515fc65cd4b5') in 0.081665 seconds 
========================================================================
Received Import Request.
  Time since last request: 0.000053 seconds.
  path: Assets/polyperfect/Low Poly Icon Pack/Images/_Icons/Fantasy/icon_chest-empty_LP.png
  artifactKey: Guid(8ebea7a14f18c7746a1f851a2d8b434c) Importer(815301076,1909f56bfc062723c751e8b465ee728b)
Start importing Assets/polyperfect/Low Poly Icon Pack/Images/_Icons/Fantasy/icon_chest-empty_LP.png using Guid(8ebea7a14f18c7746a1f851a2d8b434c) Importer(815301076,1909f56bfc062723c751e8b465ee728b)  -> (artifact id: '51185828900015a74055aa11b61cb604') in 0.086150 seconds 
========================================================================
Received Import Request.
  Time since last request: 0.478305 seconds.
  path: Assets/polyperfect/Low Poly Icon Pack/Images/_Icons/Drinks/icon_beer_LP.png
  artifactKey: Guid(69964eeb6e705bf49895ef65d3ce3987) Importer(815301076,1909f56bfc062723c751e8b465ee728b)
Start importing Assets/polyperfect/Low Poly Icon Pack/Images/_Icons/Drinks/icon_beer_LP.png using Guid(69964eeb6e705bf49895ef65d3ce3987) Importer(815301076,1909f56bfc062723c751e8b465ee728b)  -> (artifact id: 'bebe73e45c5b5490355cbb942f631de9') in 0.092465 seconds 
========================================================================
Received Import Request.
  Time since last request: 0.612912 seconds.
  path: Assets/polyperfect/Low Poly Icon Pack/Images/_Icons/Common/icon_100_LP.png
  artifactKey: Guid(4efe8bf52011dff4d8739a240ccf8a87) Importer(815301076,1909f56bfc062723c751e8b465ee728b)
Start importing Assets/polyperfect/Low Poly Icon Pack/Images/_Icons/Common/icon_100_LP.png using Guid(4efe8bf52011dff4d8739a240ccf8a87) Importer(815301076,1909f56bfc062723c751e8b465ee728b)  -> (artifact id: 'c52126067bd2e9b7a63c5b817a71eb12') in 0.111576 seconds 
========================================================================
Received Import Request.
  Time since last request: 0.000036 seconds.
  path: Assets/polyperfect/Low Poly Icon Pack/Images/_Icons/Common/icon_ui-cross-close-red_LP.png
  artifactKey: Guid(a8508766a2ceb804bb9bb50fcc5add58) Importer(815301076,1909f56bfc062723c751e8b465ee728b)
Start importing Assets/polyperfect/Low Poly Icon Pack/Images/_Icons/Common/icon_ui-cross-close-red_LP.png using Guid(a8508766a2ceb804bb9bb50fcc5add58) Importer(815301076,1909f56bfc062723c751e8b465ee728b)  -> (artifact id: '332403e75f4968cea2a40414a5f9e3f1') in 0.088511 seconds 
========================================================================
Received Import Request.
  Time since last request: 0.866637 seconds.
  path: Assets/polyperfect/Low Poly Icon Pack/Images/_Icons/Coins/icon_coin-bitcoin-bronze_LP.png
  artifactKey: Guid(5ae6d5f75a7a33f4ba84bbefa7a44d48) Importer(815301076,1909f56bfc062723c751e8b465ee728b)
Start importing Assets/polyperfect/Low Poly Icon Pack/Images/_Icons/Coins/icon_coin-bitcoin-bronze_LP.png using Guid(5ae6d5f75a7a33f4ba84bbefa7a44d48) Importer(815301076,1909f56bfc062723c751e8b465ee728b)  -> (artifact id: 'bd9aa05472191f230517a65f67258185') in 0.094897 seconds 
========================================================================
Received Import Request.
  Time since last request: 0.000028 seconds.
  path: Assets/polyperfect/Low Poly Icon Pack/Images/_Icons/Coins/icon_coin-dollar-gold_LP.png
  artifactKey: Guid(f7a01888466e6254e8552b137e14190b) Importer(815301076,1909f56bfc062723c751e8b465ee728b)
Start importing Assets/polyperfect/Low Poly Icon Pack/Images/_Icons/Coins/icon_coin-dollar-gold_LP.png using Guid(f7a01888466e6254e8552b137e14190b) Importer(815301076,1909f56bfc062723c751e8b465ee728b)  -> (artifact id: '63d8de78fe42568760bf6f5abe8f8e1e') in 0.086481 seconds 
========================================================================
Received Import Request.
  Time since last request: 0.000024 seconds.
  path: Assets/polyperfect/Low Poly Icon Pack/Images/_Icons/Coins/icon_coin-crown-silver_LP.png
  artifactKey: Guid(3a64f3f8263386742add233fd6b03134) Importer(815301076,1909f56bfc062723c751e8b465ee728b)
Start importing Assets/polyperfect/Low Poly Icon Pack/Images/_Icons/Coins/icon_coin-crown-silver_LP.png using Guid(3a64f3f8263386742add233fd6b03134) Importer(815301076,1909f56bfc062723c751e8b465ee728b)  -> (artifact id: '8fc1648a5bba2dee834f09bd031db60e') in 0.085917 seconds 
========================================================================
Received Import Request.
  Time since last request: 0.000034 seconds.
  path: Assets/polyperfect/Low Poly Icon Pack/Images/_Icons/Coins/icon_coin-star-gold_LP.png
  artifactKey: Guid(c985c0d0bedf055489a843db3fd3b885) Importer(815301076,1909f56bfc062723c751e8b465ee728b)
Start importing Assets/polyperfect/Low Poly Icon Pack/Images/_Icons/Coins/icon_coin-star-gold_LP.png using Guid(c985c0d0bedf055489a843db3fd3b885) Importer(815301076,1909f56bfc062723c751e8b465ee728b)  -> (artifact id: '45f2d982fe5c825f8184ac890e355493') in 0.075853 seconds 
========================================================================
Received Import Request.
  Time since last request: 0.377756 seconds.
  path: Assets/polyperfect/Low Poly Icon Pack/Images/_Icons/Coffee/icon_biscuit_LP.png
  artifactKey: Guid(fe72194f186d72946bd10ddc697b5f75) Importer(815301076,1909f56bfc062723c751e8b465ee728b)
Start importing Assets/polyperfect/Low Poly Icon Pack/Images/_Icons/Coffee/icon_biscuit_LP.png using Guid(fe72194f186d72946bd10ddc697b5f75) Importer(815301076,1909f56bfc062723c751e8b465ee728b)  -> (artifact id: '1798b3dd047e30beb5d1c48679663fe9') in 0.077226 seconds 
========================================================================
Received Import Request.
  Time since last request: 0.000020 seconds.
  path: Assets/polyperfect/Low Poly Icon Pack/Images/_Icons/Coffee/icon_moka-pot_LP.png
  artifactKey: Guid(0b2316db8e92c6141a6217c194de2993) Importer(815301076,1909f56bfc062723c751e8b465ee728b)
Start importing Assets/polyperfect/Low Poly Icon Pack/Images/_Icons/Coffee/icon_moka-pot_LP.png using Guid(0b2316db8e92c6141a6217c194de2993) Importer(815301076,1909f56bfc062723c751e8b465ee728b)  -> (artifact id: '165e149701f23547a13691408f2200d0') in 0.082566 seconds 
========================================================================
Received Import Request.
  Time since last request: 0.000030 seconds.
  path: Assets/polyperfect/Low Poly Icon Pack/Images/_Icons/Coffee/icon_coffee-plant_LP.png
  artifactKey: Guid(fe016fa6537fc314b8be70ed7b11b13f) Importer(815301076,1909f56bfc062723c751e8b465ee728b)
Start importing Assets/polyperfect/Low Poly Icon Pack/Images/_Icons/Coffee/icon_coffee-plant_LP.png using Guid(fe016fa6537fc314b8be70ed7b11b13f) Importer(815301076,1909f56bfc062723c751e8b465ee728b)  -> (artifact id: '9f77c0af123ce138a11188c3742e5132') in 0.080098 seconds 
========================================================================
Received Import Request.
  Time since last request: 0.616076 seconds.
  path: Assets/polyperfect/Low Poly Icon Pack/Images/_Icons/Clothes/icon_clothes-medieval-fashion_LP.png
  artifactKey: Guid(d50b40b4b5ea72e41bd8c20adef2e4ae) Importer(815301076,1909f56bfc062723c751e8b465ee728b)
Start importing Assets/polyperfect/Low Poly Icon Pack/Images/_Icons/Clothes/icon_clothes-medieval-fashion_LP.png using Guid(d50b40b4b5ea72e41bd8c20adef2e4ae) Importer(815301076,1909f56bfc062723c751e8b465ee728b)  -> (artifact id: '79d9ceb40c23975d6320d2339b70dcfa') in 0.104170 seconds 
========================================================================
Received Import Request.
  Time since last request: 0.588401 seconds.
  path: Assets/polyperfect/Low Poly Icon Pack/Images/_Icons/Barrels/icon_barrel-blue-closed_LP.png
  artifactKey: Guid(534cdad548966564d8edad6972598909) Importer(815301076,1909f56bfc062723c751e8b465ee728b)
Start importing Assets/polyperfect/Low Poly Icon Pack/Images/_Icons/Barrels/icon_barrel-blue-closed_LP.png using Guid(534cdad548966564d8edad6972598909) Importer(815301076,1909f56bfc062723c751e8b465ee728b)  -> (artifact id: '712075526b67b875e65097c4750a230f') in 0.094687 seconds 
========================================================================
Received Import Request.
  Time since last request: 0.390117 seconds.
  path: Assets/polyperfect/Low Poly Icon Pack/Images/_Icons/Avatars/icon_action-hero-head_LP.png
  artifactKey: Guid(6d7c00ddaebf6424c82050ccd6546722) Importer(815301076,1909f56bfc062723c751e8b465ee728b)
Start importing Assets/polyperfect/Low Poly Icon Pack/Images/_Icons/Avatars/icon_action-hero-head_LP.png using Guid(6d7c00ddaebf6424c82050ccd6546722) Importer(815301076,1909f56bfc062723c751e8b465ee728b)  -> (artifact id: 'fa395bd53499d45b0b6d7e6cd7a65756') in 0.088172 seconds 
========================================================================
Received Import Request.
  Time since last request: 0.000028 seconds.
  path: Assets/polyperfect/Low Poly Icon Pack/Images/_Icons/Avatars/icon_pirate-head_LP.png
  artifactKey: Guid(aa3c772dfc5fedb4c9999815a1bae168) Importer(815301076,1909f56bfc062723c751e8b465ee728b)
Start importing Assets/polyperfect/Low Poly Icon Pack/Images/_Icons/Avatars/icon_pirate-head_LP.png using Guid(aa3c772dfc5fedb4c9999815a1bae168) Importer(815301076,1909f56bfc062723c751e8b465ee728b)  -> (artifact id: '81ae16956daba00333926fedab5dc2cb') in 0.082179 seconds 
========================================================================
Received Import Request.
  Time since last request: 0.000040 seconds.
  path: Assets/polyperfect/Low Poly Icon Pack/Images/_Icons/Avatars/icon_cowboy-head_LP.png
  artifactKey: Guid(c78eb1bae0d6ee94fba79a5d9819e85d) Importer(815301076,1909f56bfc062723c751e8b465ee728b)
Start importing Assets/polyperfect/Low Poly Icon Pack/Images/_Icons/Avatars/icon_cowboy-head_LP.png using Guid(c78eb1bae0d6ee94fba79a5d9819e85d) Importer(815301076,1909f56bfc062723c751e8b465ee728b)  -> (artifact id: 'a09f40d4f286149b1a55a3e25c9febbc') in 0.094051 seconds 
========================================================================
Received Import Request.
  Time since last request: 0.000025 seconds.
  path: Assets/polyperfect/Low Poly Icon Pack/Images/_Icons/Avatars/icon_prehistoric-man-head_LP.png
  artifactKey: Guid(b1c32e0bd36743540a8953cea2705786) Importer(815301076,1909f56bfc062723c751e8b465ee728b)
Start importing Assets/polyperfect/Low Poly Icon Pack/Images/_Icons/Avatars/icon_prehistoric-man-head_LP.png using Guid(b1c32e0bd36743540a8953cea2705786) Importer(815301076,1909f56bfc062723c751e8b465ee728b)  -> (artifact id: '3f65bb2c051eb448ab81e7dd12d1d593') in 0.079402 seconds 
========================================================================
Received Import Request.
  Time since last request: 0.000027 seconds.
  path: Assets/polyperfect/Low Poly Icon Pack/Images/_Icons/Avatars/icon_wizard-head_LP.png
  artifactKey: Guid(d54634b59441cb9478726d89b368ca91) Importer(815301076,1909f56bfc062723c751e8b465ee728b)
Start importing Assets/polyperfect/Low Poly Icon Pack/Images/_Icons/Avatars/icon_wizard-head_LP.png using Guid(d54634b59441cb9478726d89b368ca91) Importer(815301076,1909f56bfc062723c751e8b465ee728b)  -> (artifact id: '96effd5495c376b5449864926a74c2d9') in 0.090798 seconds 
========================================================================
Received Import Request.
  Time since last request: 0.000028 seconds.
  path: Assets/polyperfect/Low Poly Icon Pack/Images/_Icons/Animations/icon_animation_crouch_LP.png
  artifactKey: Guid(698d8bfed677a3d48b430fe1ae775ae5) Importer(815301076,1909f56bfc062723c751e8b465ee728b)
Start importing Assets/polyperfect/Low Poly Icon Pack/Images/_Icons/Animations/icon_animation_crouch_LP.png using Guid(698d8bfed677a3d48b430fe1ae775ae5) Importer(815301076,1909f56bfc062723c751e8b465ee728b)  -> (artifact id: '7c3eca076d6380750f05f18907159d2c') in 0.090919 seconds 
========================================================================
Received Import Request.
  Time since last request: 0.000036 seconds.
  path: Assets/polyperfect/Low Poly Icon Pack/Images/_Icons/Avatars/icon_explorer-head_LP.png
  artifactKey: Guid(bb3a43a0a37fd0e40b63ba844bc8af87) Importer(815301076,1909f56bfc062723c751e8b465ee728b)
Start importing Assets/polyperfect/Low Poly Icon Pack/Images/_Icons/Avatars/icon_explorer-head_LP.png using Guid(bb3a43a0a37fd0e40b63ba844bc8af87) Importer(815301076,1909f56bfc062723c751e8b465ee728b)  -> (artifact id: 'bd01e330fdedb55c2ace270f84fdc0b5') in 0.106157 seconds 
========================================================================
Received Import Request.
  Time since last request: 0.000026 seconds.
  path: Assets/polyperfect/Low Poly Icon Pack/Images/_Icons/Animations/icon_animation-sit_LP.png
  artifactKey: Guid(32b7d2eec18153648b012e4a9383c42f) Importer(815301076,1909f56bfc062723c751e8b465ee728b)
Start importing Assets/polyperfect/Low Poly Icon Pack/Images/_Icons/Animations/icon_animation-sit_LP.png using Guid(32b7d2eec18153648b012e4a9383c42f) Importer(815301076,1909f56bfc062723c751e8b465ee728b)  -> (artifact id: '34b482484e3ef2e9b75064c1176c714a') in 0.077216 seconds 
========================================================================
Received Import Request.
  Time since last request: 0.199719 seconds.
  path: Assets/polyperfect/Low Poly Icon Pack/Images/_Icons/Animals/icon_bear-brown_LP.png
  artifactKey: Guid(de4615a3774009f4692a3a6786d5cb68) Importer(815301076,1909f56bfc062723c751e8b465ee728b)
Start importing Assets/polyperfect/Low Poly Icon Pack/Images/_Icons/Animals/icon_bear-brown_LP.png using Guid(de4615a3774009f4692a3a6786d5cb68) Importer(815301076,1909f56bfc062723c751e8b465ee728b)  -> (artifact id: '8cfa1f851b848956b54d5eda2c4169c8') in 0.113704 seconds 
========================================================================
Received Import Request.
  Time since last request: 0.000038 seconds.
  path: Assets/polyperfect/Low Poly Icon Pack/Images/_Icons/Animals/icon_rhino-head_LP.png
  artifactKey: Guid(1f95ba98cd7aad5479b8553cef17aac0) Importer(815301076,1909f56bfc062723c751e8b465ee728b)
Start importing Assets/polyperfect/Low Poly Icon Pack/Images/_Icons/Animals/icon_rhino-head_LP.png using Guid(1f95ba98cd7aad5479b8553cef17aac0) Importer(815301076,1909f56bfc062723c751e8b465ee728b)  -> (artifact id: 'f5aa5404a07d094c57c9c8ba1a9c3cde') in 0.086108 seconds 
========================================================================
Received Import Request.
  Time since last request: 0.000722 seconds.
  path: Assets/polyperfect/Low Poly Icon Pack/Images/_Icons/Animals/icon_rhino_LP.png
  artifactKey: Guid(050c946888365bb49b2dd2cb16ee08e7) Importer(815301076,1909f56bfc062723c751e8b465ee728b)
Start importing Assets/polyperfect/Low Poly Icon Pack/Images/_Icons/Animals/icon_rhino_LP.png using Guid(050c946888365bb49b2dd2cb16ee08e7) Importer(815301076,1909f56bfc062723c751e8b465ee728b)  -> (artifact id: '1897e8c5f859d3a1a1710504991d4a6d') in 0.100714 seconds 
========================================================================
Received Import Request.
  Time since last request: 0.000035 seconds.
  path: Assets/polyperfect/Low Poly Icon Pack/Images/_Icons/Animals/icon_starfish_LP.png
  artifactKey: Guid(d2e27e7330960d64097908cef7d3147a) Importer(815301076,1909f56bfc062723c751e8b465ee728b)
Start importing Assets/polyperfect/Low Poly Icon Pack/Images/_Icons/Animals/icon_starfish_LP.png using Guid(d2e27e7330960d64097908cef7d3147a) Importer(815301076,1909f56bfc062723c751e8b465ee728b)  -> (artifact id: '4fce786cfd709f7918d1fad2f1371560') in 0.101306 seconds 
========================================================================
Received Import Request.
  Time since last request: 0.000026 seconds.
  path: Assets/polyperfect/Low Poly Icon Pack/Images/_Icons/Animals/icon_horse-head_LP.png
  artifactKey: Guid(ddbea291ba9f0d849891146a672169e1) Importer(815301076,1909f56bfc062723c751e8b465ee728b)
Start importing Assets/polyperfect/Low Poly Icon Pack/Images/_Icons/Animals/icon_horse-head_LP.png using Guid(ddbea291ba9f0d849891146a672169e1) Importer(815301076,1909f56bfc062723c751e8b465ee728b)  -> (artifact id: '986be5965cc6447043bc8c822ff6ba04') in 0.084585 seconds 
========================================================================
Received Import Request.
  Time since last request: 0.000032 seconds.
  path: Assets/polyperfect/Low Poly Icon Pack/Images/_Icons/Animals/icon_fish-swarm_LP.png
  artifactKey: Guid(a2106ea2d516aaf45b1d6302fdd03b04) Importer(815301076,1909f56bfc062723c751e8b465ee728b)
Start importing Assets/polyperfect/Low Poly Icon Pack/Images/_Icons/Animals/icon_fish-swarm_LP.png using Guid(a2106ea2d516aaf45b1d6302fdd03b04) Importer(815301076,1909f56bfc062723c751e8b465ee728b)  -> (artifact id: '6e69a45b35cc50498ae33b8cce6e3cf6') in 0.087881 seconds 
========================================================================
Received Import Request.
  Time since last request: 0.000024 seconds.
  path: Assets/polyperfect/Low Poly Icon Pack/Images/_Icons/Animals/icon_spider_LP.png
  artifactKey: Guid(995096a22a48cc74b844f1cf162df01f) Importer(815301076,1909f56bfc062723c751e8b465ee728b)
Start importing Assets/polyperfect/Low Poly Icon Pack/Images/_Icons/Animals/icon_spider_LP.png using Guid(995096a22a48cc74b844f1cf162df01f) Importer(815301076,1909f56bfc062723c751e8b465ee728b)  -> (artifact id: 'ac3e5ef08f2094d4ede24b885da07011') in 0.084875 seconds 
========================================================================
Received Import Request.
  Time since last request: 0.551748 seconds.
  path: Assets/polyperfect/Low Poly Icon Pack/Images/_Icons/Sport/icon_baseball-bat_LP.png
  artifactKey: Guid(a2f0a6ec7eada2d4daa504b62e26bd01) Importer(815301076,1909f56bfc062723c751e8b465ee728b)
Start importing Assets/polyperfect/Low Poly Icon Pack/Images/_Icons/Sport/icon_baseball-bat_LP.png using Guid(a2f0a6ec7eada2d4daa504b62e26bd01) Importer(815301076,1909f56bfc062723c751e8b465ee728b)  -> (artifact id: '85d06d57a3954cea560d70009fc761da') in 0.077432 seconds 
========================================================================
Received Import Request.
  Time since last request: 0.000030 seconds.
  path: Assets/polyperfect/Low Poly Icon Pack/Images/_Icons/Sport/icon_soccer-gate_LP.png
  artifactKey: Guid(bcea8738851816e47a4a622b53c47e57) Importer(815301076,1909f56bfc062723c751e8b465ee728b)
Start importing Assets/polyperfect/Low Poly Icon Pack/Images/_Icons/Sport/icon_soccer-gate_LP.png using Guid(bcea8738851816e47a4a622b53c47e57) Importer(815301076,1909f56bfc062723c751e8b465ee728b)  -> (artifact id: 'e3ce4d96fbe6726b8c474e7339708644') in 0.093160 seconds 
========================================================================
Received Import Request.
  Time since last request: 0.370437 seconds.
  path: Assets/polyperfect/Low Poly Icon Pack/Images/_Icons/Survival/icon_atomic-sign_LP.png
  artifactKey: Guid(c87166158bea8fc4088ea016ae6b6404) Importer(815301076,1909f56bfc062723c751e8b465ee728b)
Start importing Assets/polyperfect/Low Poly Icon Pack/Images/_Icons/Survival/icon_atomic-sign_LP.png using Guid(c87166158bea8fc4088ea016ae6b6404) Importer(815301076,1909f56bfc062723c751e8b465ee728b)  -> (artifact id: 'b6d9a49966e51d6abdf7e40fa27fc9ce') in 0.085235 seconds 
========================================================================
Received Import Request.
  Time since last request: 0.000035 seconds.
  path: Assets/polyperfect/Low Poly Icon Pack/Images/_Icons/Survival/icon_vomit_LP.png
  artifactKey: Guid(741e4b40f7237204e904d54deb4a87d3) Importer(815301076,1909f56bfc062723c751e8b465ee728b)
Start importing Assets/polyperfect/Low Poly Icon Pack/Images/_Icons/Survival/icon_vomit_LP.png using Guid(741e4b40f7237204e904d54deb4a87d3) Importer(815301076,1909f56bfc062723c751e8b465ee728b)  -> (artifact id: '49d9e7342012bf7d15728f2cceaf8165') in 0.093577 seconds 
========================================================================
Received Import Request.
  Time since last request: 0.000407 seconds.
  path: Assets/polyperfect/Low Poly Icon Pack/Images/_Icons/Survival/icon_cooker_LP.png
  artifactKey: Guid(13a04c1b860753541a1abd35f61a4c00) Importer(815301076,1909f56bfc062723c751e8b465ee728b)
Start importing Assets/polyperfect/Low Poly Icon Pack/Images/_Icons/Survival/icon_cooker_LP.png using Guid(13a04c1b860753541a1abd35f61a4c00) Importer(815301076,1909f56bfc062723c751e8b465ee728b)  -> (artifact id: 'e573a33d4c2456c3267f7435f532e44d') in 0.107204 seconds 
========================================================================
Received Import Request.
  Time since last request: 0.000023 seconds.
  path: Assets/polyperfect/Low Poly Icon Pack/Images/_Icons/Survival/icon_umbrella_LP.png
  artifactKey: Guid(7dcf744dbcf0d0444ace9a82fbb8c183) Importer(815301076,1909f56bfc062723c751e8b465ee728b)
Start importing Assets/polyperfect/Low Poly Icon Pack/Images/_Icons/Survival/icon_umbrella_LP.png using Guid(7dcf744dbcf0d0444ace9a82fbb8c183) Importer(815301076,1909f56bfc062723c751e8b465ee728b)  -> (artifact id: '67063f5a63df574d70a42befacec4aa4') in 0.086575 seconds 
========================================================================
Received Import Request.
  Time since last request: 0.000031 seconds.
  path: Assets/polyperfect/Low Poly Icon Pack/Images/_Icons/Survival/icon_mushroom-boletus_LP.png
  artifactKey: Guid(24bc003324d27bc4a83a4d8ea0b9d4ca) Importer(815301076,1909f56bfc062723c751e8b465ee728b)
Start importing Assets/polyperfect/Low Poly Icon Pack/Images/_Icons/Survival/icon_mushroom-boletus_LP.png using Guid(24bc003324d27bc4a83a4d8ea0b9d4ca) Importer(815301076,1909f56bfc062723c751e8b465ee728b)  -> (artifact id: '2c7d8e670c5f1eb8653ea31098b5de24') in 0.091029 seconds 
========================================================================
Received Import Request.
  Time since last request: 0.000032 seconds.
  path: Assets/polyperfect/Low Poly Icon Pack/Images/_Icons/Tools/icon_hammer_LP.png
  artifactKey: Guid(43065d27e24e1ee4a8d81b0ac7106245) Importer(815301076,1909f56bfc062723c751e8b465ee728b)
Start importing Assets/polyperfect/Low Poly Icon Pack/Images/_Icons/Tools/icon_hammer_LP.png using Guid(43065d27e24e1ee4a8d81b0ac7106245) Importer(815301076,1909f56bfc062723c751e8b465ee728b)  -> (artifact id: 'fcb2346a291dc6ace942b9ebfe9c329b') in 0.077226 seconds 
========================================================================
Received Import Request.
  Time since last request: 0.000027 seconds.
  path: Assets/polyperfect/Low Poly Icon Pack/Images/_Icons/Tools/icon_pickaxe_LP.png
  artifactKey: Guid(aa8fa20837202344aad0095517d53bc4) Importer(815301076,1909f56bfc062723c751e8b465ee728b)
Start importing Assets/polyperfect/Low Poly Icon Pack/Images/_Icons/Tools/icon_pickaxe_LP.png using Guid(aa8fa20837202344aad0095517d53bc4) Importer(815301076,1909f56bfc062723c751e8b465ee728b)  -> (artifact id: '90dd29ff580c71925a8fe05a41babc01') in 0.098234 seconds 
========================================================================
Received Import Request.
  Time since last request: 0.000024 seconds.
  path: Assets/polyperfect/Low Poly Icon Pack/Images/_Icons/Survival/icon_footsteps_LP.png
  artifactKey: Guid(e4a3cb95e67cd93478a10218ab18c1a5) Importer(815301076,1909f56bfc062723c751e8b465ee728b)
Start importing Assets/polyperfect/Low Poly Icon Pack/Images/_Icons/Survival/icon_footsteps_LP.png using Guid(e4a3cb95e67cd93478a10218ab18c1a5) Importer(815301076,1909f56bfc062723c751e8b465ee728b)  -> (artifact id: 'eb53bd45dc55856dd361f494b6ad633c') in 0.082137 seconds 
========================================================================
Received Import Request.
  Time since last request: 0.128989 seconds.
  path: Assets/polyperfect/Low Poly Icon Pack/Images/_Icons/Vehicles/icon_battery-car_LP.png
  artifactKey: Guid(4cde6eff26cc4c84aa2a6186e578ef08) Importer(815301076,1909f56bfc062723c751e8b465ee728b)
Start importing Assets/polyperfect/Low Poly Icon Pack/Images/_Icons/Vehicles/icon_battery-car_LP.png using Guid(4cde6eff26cc4c84aa2a6186e578ef08) Importer(815301076,1909f56bfc062723c751e8b465ee728b)  -> (artifact id: '4d395f2944b6731c8c2d2e39d127cf73') in 0.083167 seconds 
========================================================================
Received Import Request.
  Time since last request: 0.000029 seconds.
  path: Assets/polyperfect/Low Poly Icon Pack/Images/_Icons/Vehicles/icon_motorbike-old_LP.png
  artifactKey: Guid(42dbc9c3b8b851641987d10858388206) Importer(815301076,1909f56bfc062723c751e8b465ee728b)
Start importing Assets/polyperfect/Low Poly Icon Pack/Images/_Icons/Vehicles/icon_motorbike-old_LP.png using Guid(42dbc9c3b8b851641987d10858388206) Importer(815301076,1909f56bfc062723c751e8b465ee728b)  -> (artifact id: 'd2a637cd6c433f90947e2b90d5e26283') in 0.081069 seconds 
========================================================================
Received Import Request.
  Time since last request: 0.188410 seconds.
  path: Assets/polyperfect/Low Poly Icon Pack/Images/_Icons/War/icon_ammo-box_LP.png
  artifactKey: Guid(27ae10c63b28d54498dec81d7813356b) Importer(815301076,1909f56bfc062723c751e8b465ee728b)
Start importing Assets/polyperfect/Low Poly Icon Pack/Images/_Icons/War/icon_ammo-box_LP.png using Guid(27ae10c63b28d54498dec81d7813356b) Importer(815301076,1909f56bfc062723c751e8b465ee728b)  -> (artifact id: '71f60c080f1dcbf14abb91e0626d396f') in 0.091029 seconds 
========================================================================
Received Import Request.
  Time since last request: 33.883556 seconds.
  path: Assets/Prefab/Prefab/Tree.prefab
  artifactKey: Guid(ea597eebc28a4e5488438ed56cc0d945) Importer(815301076,1909f56bfc062723c751e8b465ee728b)
Start importing Assets/Prefab/Prefab/Tree.prefab using Guid(ea597eebc28a4e5488438ed56cc0d945) Importer(815301076,1909f56bfc062723c751e8b465ee728b)  -> (artifact id: '3675584d8be4dab9c271aee08160fb30') in 0.049331 seconds 
========================================================================
Received Import Request.
  Time since last request: 62.014763 seconds.
  path: Assets/Prefab/Prefab/Stone.prefab
  artifactKey: Guid(c9897b3da5ffcb1489d59c37cc58c638) Importer(815301076,1909f56bfc062723c751e8b465ee728b)
Start importing Assets/Prefab/Prefab/Stone.prefab using Guid(c9897b3da5ffcb1489d59c37cc58c638) Importer(815301076,1909f56bfc062723c751e8b465ee728b)  -> (artifact id: 'c657aad8594f9ce0d9070e970ccc4ab0') in 0.021004 seconds 
========================================================================
Received Import Request.
  Time since last request: 0.044499 seconds.
  path: Assets/Prefab/Prefab/Stone.prefab
  artifactKey: Guid(c9897b3da5ffcb1489d59c37cc58c638) Importer(815301076,1909f56bfc062723c751e8b465ee728b)
Start importing Assets/Prefab/Prefab/Stone.prefab using Guid(c9897b3da5ffcb1489d59c37cc58c638) Importer(815301076,1909f56bfc062723c751e8b465ee728b)  -> (artifact id: 'faaf61053c3d94f20a1d54bcf48793b7') in 0.018822 seconds 
========================================================================
Received Import Request.
  Time since last request: 10.482989 seconds.
  path: Assets/Prefab/Prefab/Wood.prefab
  artifactKey: Guid(4d319b66fe1dab247a49fb537bd1ea74) Importer(815301076,1909f56bfc062723c751e8b465ee728b)
Start importing Assets/Prefab/Prefab/Wood.prefab using Guid(4d319b66fe1dab247a49fb537bd1ea74) Importer(815301076,1909f56bfc062723c751e8b465ee728b)  -> (artifact id: '05c336c795f3d0a07f322913391320da') in 0.014821 seconds 
========================================================================
Received Import Request.
  Time since last request: 23.237190 seconds.
  path: Assets/Prefab/Prefab/Rock.prefab
  artifactKey: Guid(9c295f9a9c8e8dc4cb51766a7742547d) Importer(815301076,1909f56bfc062723c751e8b465ee728b)
Start importing Assets/Prefab/Prefab/Rock.prefab using Guid(9c295f9a9c8e8dc4cb51766a7742547d) Importer(815301076,1909f56bfc062723c751e8b465ee728b)  -> (artifact id: 'f4243da1bbe0e97a97f1a9e59d562c20') in 0.017879 seconds 
========================================================================
Received Import Request.
  Time since last request: 43.323675 seconds.
  path: Assets/Prefab/Prefab/Player.prefab
  artifactKey: Guid(56efe3c0348f5484e97a59757c08a75d) Importer(815301076,1909f56bfc062723c751e8b465ee728b)
Start importing Assets/Prefab/Prefab/Player.prefab using Guid(56efe3c0348f5484e97a59757c08a75d) Importer(815301076,1909f56bfc062723c751e8b465ee728b)  -> (artifact id: '01fe32906b03ce14341d90d97f45d5f8') in 0.017586 seconds 
========================================================================
Received Import Request.
  Time since last request: 8.216894 seconds.
  path: Assets/polyperfect/Low Poly Icon Pack/Images/_Icons/Fruits/icon_aloe-vera_LP.png
  artifactKey: Guid(ad687199fda841946ad66dafe2ac2938) Importer(815301076,1909f56bfc062723c751e8b465ee728b)
Start importing Assets/polyperfect/Low Poly Icon Pack/Images/_Icons/Fruits/icon_aloe-vera_LP.png using Guid(ad687199fda841946ad66dafe2ac2938) Importer(815301076,1909f56bfc062723c751e8b465ee728b)  -> (artifact id: '3f97f5c1d55cbfb469386497d47f80e2') in 0.090809 seconds 
========================================================================
Received Import Request.
  Time since last request: 0.000025 seconds.
  path: Assets/polyperfect/Low Poly Icon Pack/Images/_Icons/Fruits/icon_avocado_LP.png
  artifactKey: Guid(1d752d2dfdcef364eb46b535b70b95bb) Importer(815301076,1909f56bfc062723c751e8b465ee728b)
Start importing Assets/polyperfect/Low Poly Icon Pack/Images/_Icons/Fruits/icon_avocado_LP.png using Guid(1d752d2dfdcef364eb46b535b70b95bb) Importer(815301076,1909f56bfc062723c751e8b465ee728b)  -> (artifact id: '6343e011b4e5129f34076db8ba191adf') in 0.071765 seconds 
========================================================================
Received Import Request.
  Time since last request: 0.000031 seconds.
  path: Assets/polyperfect/Low Poly Icon Pack/Images/_Icons/Fruits/icon_banana_LP.png
  artifactKey: Guid(f24bd4181ab3b6647bbc6a0b5db7f2db) Importer(815301076,1909f56bfc062723c751e8b465ee728b)
Start importing Assets/polyperfect/Low Poly Icon Pack/Images/_Icons/Fruits/icon_banana_LP.png using Guid(f24bd4181ab3b6647bbc6a0b5db7f2db) Importer(815301076,1909f56bfc062723c751e8b465ee728b)  -> (artifact id: 'a7fa5cb0dbadac40f1527e1179b96616') in 0.088011 seconds 
========================================================================
Received Import Request.
  Time since last request: 0.000035 seconds.
  path: Assets/polyperfect/Low Poly Icon Pack/Images/_Icons/Fruits/icon_pineapple_LP.png
  artifactKey: Guid(529882320cc124d49a64df828fffdc0a) Importer(815301076,1909f56bfc062723c751e8b465ee728b)
Start importing Assets/polyperfect/Low Poly Icon Pack/Images/_Icons/Fruits/icon_pineapple_LP.png using Guid(529882320cc124d49a64df828fffdc0a) Importer(815301076,1909f56bfc062723c751e8b465ee728b)  -> (artifact id: '67a85ec50f6e5fec6ae1fafad2eadbbe') in 0.085886 seconds 
========================================================================
Received Import Request.
  Time since last request: 0.000026 seconds.
  path: Assets/polyperfect/Low Poly Icon Pack/Images/_Icons/Fruits/icon_pear_LP.png
  artifactKey: Guid(9350772e38c951044ad512773d493f3c) Importer(815301076,1909f56bfc062723c751e8b465ee728b)
Start importing Assets/polyperfect/Low Poly Icon Pack/Images/_Icons/Fruits/icon_pear_LP.png using Guid(9350772e38c951044ad512773d493f3c) Importer(815301076,1909f56bfc062723c751e8b465ee728b)  -> (artifact id: '8002d93a8a25b2a808e5feab881bfabe') in 0.081805 seconds 
========================================================================
Received Import Request.
  Time since last request: 0.000022 seconds.
  path: Assets/polyperfect/Low Poly Icon Pack/Images/_Icons/Fruits/icon_potatos_LP.png
  artifactKey: Guid(856609aa0a4f420439d13a031fc357dd) Importer(815301076,1909f56bfc062723c751e8b465ee728b)
Start importing Assets/polyperfect/Low Poly Icon Pack/Images/_Icons/Fruits/icon_potatos_LP.png using Guid(856609aa0a4f420439d13a031fc357dd) Importer(815301076,1909f56bfc062723c751e8b465ee728b)  -> (artifact id: 'e137cd0524d5d9fc13ff100c1be75865') in 0.078902 seconds 
========================================================================
Received Import Request.
  Time since last request: 0.000031 seconds.
  path: Assets/polyperfect/Low Poly Icon Pack/Images/_Icons/Fruits/icon_melon_LP.png
  artifactKey: Guid(801f107e62b276040bab47d281e516b2) Importer(815301076,1909f56bfc062723c751e8b465ee728b)
Start importing Assets/polyperfect/Low Poly Icon Pack/Images/_Icons/Fruits/icon_melon_LP.png using Guid(801f107e62b276040bab47d281e516b2) Importer(815301076,1909f56bfc062723c751e8b465ee728b)  -> (artifact id: '5ba46ede55166a2cdd61ebe37768f952') in 0.091106 seconds 
========================================================================
Received Import Request.
  Time since last request: 0.000032 seconds.
  path: Assets/polyperfect/Low Poly Icon Pack/Images/_Icons/Fruits/icon_coconut_LP.png
  artifactKey: Guid(3e2a18f1fc216d04a96f498455bb6242) Importer(815301076,1909f56bfc062723c751e8b465ee728b)
Start importing Assets/polyperfect/Low Poly Icon Pack/Images/_Icons/Fruits/icon_coconut_LP.png using Guid(3e2a18f1fc216d04a96f498455bb6242) Importer(815301076,1909f56bfc062723c751e8b465ee728b)  -> (artifact id: '9b1aa3cd0c97e9a9e4bafd4435b6cff2') in 0.092194 seconds 
========================================================================
Received Import Request.
  Time since last request: 0.000027 seconds.
  path: Assets/polyperfect/Low Poly Icon Pack/Images/_Icons/Fruits/icon_potato-slice_LP.png
  artifactKey: Guid(a78e5895309aeca4f8bd26fcfe587b87) Importer(815301076,1909f56bfc062723c751e8b465ee728b)
Start importing Assets/polyperfect/Low Poly Icon Pack/Images/_Icons/Fruits/icon_potato-slice_LP.png using Guid(a78e5895309aeca4f8bd26fcfe587b87) Importer(815301076,1909f56bfc062723c751e8b465ee728b)  -> (artifact id: 'f63aeff0523d1cf82298f42baf29d894') in 0.074402 seconds 
========================================================================
Received Import Request.
  Time since last request: 0.000025 seconds.
  path: Assets/polyperfect/Low Poly Icon Pack/Images/_Icons/Fruits/icon_tomato-slice_LP.png
  artifactKey: Guid(a8caab23411de4d4fbbe9a69e50d3f1b) Importer(815301076,1909f56bfc062723c751e8b465ee728b)
Start importing Assets/polyperfect/Low Poly Icon Pack/Images/_Icons/Fruits/icon_tomato-slice_LP.png using Guid(a8caab23411de4d4fbbe9a69e50d3f1b) Importer(815301076,1909f56bfc062723c751e8b465ee728b)  -> (artifact id: '429ffab400a4fe7132b5a3d7ead6f138') in 0.069820 seconds 
========================================================================
Received Import Request.
  Time since last request: 0.000030 seconds.
  path: Assets/polyperfect/Low Poly Icon Pack/Images/_Icons/Fruits/icon_potato_LP.png
  artifactKey: Guid(c22f0ed253cd05f448f6af0d1918a03e) Importer(815301076,1909f56bfc062723c751e8b465ee728b)
Start importing Assets/polyperfect/Low Poly Icon Pack/Images/_Icons/Fruits/icon_potato_LP.png using Guid(c22f0ed253cd05f448f6af0d1918a03e) Importer(815301076,1909f56bfc062723c751e8b465ee728b)  -> (artifact id: '04711cb065790e44890d01d7b3370501') in 0.080917 seconds 
========================================================================
Received Import Request.
  Time since last request: 0.000039 seconds.
  path: Assets/polyperfect/Low Poly Icon Pack/Images/_Icons/Fruits/icon_blueberry_LP.png
  artifactKey: Guid(8e5ad3f3cf595dc4a937d37e9965089d) Importer(815301076,1909f56bfc062723c751e8b465ee728b)
Start importing Assets/polyperfect/Low Poly Icon Pack/Images/_Icons/Fruits/icon_blueberry_LP.png using Guid(8e5ad3f3cf595dc4a937d37e9965089d) Importer(815301076,1909f56bfc062723c751e8b465ee728b)  -> (artifact id: '85b05464708bb1bc77c4146d5b9a791d') in 0.072085 seconds 
========================================================================
Received Import Request.
  Time since last request: 0.000028 seconds.
  path: Assets/polyperfect/Low Poly Icon Pack/Images/_Icons/Fruits/icon_melon-slice_LP.png
  artifactKey: Guid(e316ef96b49c5c145a9e0b9f1a1b4776) Importer(815301076,1909f56bfc062723c751e8b465ee728b)
Start importing Assets/polyperfect/Low Poly Icon Pack/Images/_Icons/Fruits/icon_melon-slice_LP.png using Guid(e316ef96b49c5c145a9e0b9f1a1b4776) Importer(815301076,1909f56bfc062723c751e8b465ee728b)  -> (artifact id: 'eebe216e37f153037393767a4a091264') in 0.086818 seconds 
========================================================================
Received Import Request.
  Time since last request: 0.000029 seconds.
  path: Assets/polyperfect/Low Poly Icon Pack/Images/_Icons/Fruits/icon_papaya_LP.png
  artifactKey: Guid(f0c5d963ef34a184cbf61305c8058153) Importer(815301076,1909f56bfc062723c751e8b465ee728b)
Start importing Assets/polyperfect/Low Poly Icon Pack/Images/_Icons/Fruits/icon_papaya_LP.png using Guid(f0c5d963ef34a184cbf61305c8058153) Importer(815301076,1909f56bfc062723c751e8b465ee728b)  -> (artifact id: '3790638dcc95a08c98136401e5a52abf') in 0.084282 seconds 
========================================================================
Received Import Request.
  Time since last request: 0.000024 seconds.
  path: Assets/polyperfect/Low Poly Icon Pack/Images/_Icons/Fruits/icon_grape-green_LP.png
  artifactKey: Guid(92615a122400ae748a185489aea7bce2) Importer(815301076,1909f56bfc062723c751e8b465ee728b)
Start importing Assets/polyperfect/Low Poly Icon Pack/Images/_Icons/Fruits/icon_grape-green_LP.png using Guid(92615a122400ae748a185489aea7bce2) Importer(815301076,1909f56bfc062723c751e8b465ee728b)  -> (artifact id: '8a2ba917752770a6d3049e4d340b1785') in 0.079265 seconds 
========================================================================
Received Import Request.
  Time since last request: 40.847489 seconds.
  path: Assets/polyperfect/Low Poly Icon Pack/Images/_Icons/Food/icon_burger_LP.png
  artifactKey: Guid(fd29dd0d563976545aca3abc56201542) Importer(815301076,1909f56bfc062723c751e8b465ee728b)
Start importing Assets/polyperfect/Low Poly Icon Pack/Images/_Icons/Food/icon_burger_LP.png using Guid(fd29dd0d563976545aca3abc56201542) Importer(815301076,1909f56bfc062723c751e8b465ee728b)  -> (artifact id: '6f836a4e367864d503983d42f7f3d0c5') in 0.107375 seconds 
========================================================================
Received Import Request.
  Time since last request: 0.000025 seconds.
  path: Assets/polyperfect/Low Poly Icon Pack/Images/_Icons/Food/icon_ice-cream-cone_LP.png
  artifactKey: Guid(15de50934b125aa4aa558358fd4f0745) Importer(815301076,1909f56bfc062723c751e8b465ee728b)
Start importing Assets/polyperfect/Low Poly Icon Pack/Images/_Icons/Food/icon_ice-cream-cone_LP.png using Guid(15de50934b125aa4aa558358fd4f0745) Importer(815301076,1909f56bfc062723c751e8b465ee728b)  -> (artifact id: '478ab7a757625e69accf1d780457b73a') in 0.083049 seconds 
========================================================================
Received Import Request.
  Time since last request: 0.000029 seconds.
  path: Assets/polyperfect/Low Poly Icon Pack/Images/_Icons/Food/icon_fries_LP.png
  artifactKey: Guid(dd946d1889d93c04b853eab89e5c5b31) Importer(815301076,1909f56bfc062723c751e8b465ee728b)
Start importing Assets/polyperfect/Low Poly Icon Pack/Images/_Icons/Food/icon_fries_LP.png using Guid(dd946d1889d93c04b853eab89e5c5b31) Importer(815301076,1909f56bfc062723c751e8b465ee728b)  -> (artifact id: 'b93287ab12cf70231ecc95f974872366') in 0.078214 seconds 
========================================================================
Received Import Request.
  Time since last request: 0.000033 seconds.
  path: Assets/polyperfect/Low Poly Icon Pack/Images/_Icons/Food/icon_potato-fries_LP.png
  artifactKey: Guid(239d596b60ef278458fa98aa5357e0ae) Importer(815301076,1909f56bfc062723c751e8b465ee728b)
Start importing Assets/polyperfect/Low Poly Icon Pack/Images/_Icons/Food/icon_potato-fries_LP.png using Guid(239d596b60ef278458fa98aa5357e0ae) Importer(815301076,1909f56bfc062723c751e8b465ee728b)  -> (artifact id: 'c8cf1fd260f4e81d4a361e6b6bd38c24') in 0.084532 seconds 
========================================================================
Received Import Request.
  Time since last request: 0.000030 seconds.
  path: Assets/polyperfect/Low Poly Icon Pack/Images/_Icons/Food/icon_pizza-cheese_LP.png
  artifactKey: Guid(2a74a97d2fe555c4f90128ba65abb931) Importer(815301076,1909f56bfc062723c751e8b465ee728b)
Start importing Assets/polyperfect/Low Poly Icon Pack/Images/_Icons/Food/icon_pizza-cheese_LP.png using Guid(2a74a97d2fe555c4f90128ba65abb931) Importer(815301076,1909f56bfc062723c751e8b465ee728b)  -> (artifact id: 'b0ce282e4d301f7ef893a2114dc7fdd3') in 0.085585 seconds 
========================================================================
Received Import Request.
  Time since last request: 0.000052 seconds.
  path: Assets/polyperfect/Low Poly Icon Pack/Images/_Icons/Food/icon_popcorn_LP.png
  artifactKey: Guid(7d7a6ac6eb1fccc46a3c1b9d90613648) Importer(815301076,1909f56bfc062723c751e8b465ee728b)
Start importing Assets/polyperfect/Low Poly Icon Pack/Images/_Icons/Food/icon_popcorn_LP.png using Guid(7d7a6ac6eb1fccc46a3c1b9d90613648) Importer(815301076,1909f56bfc062723c751e8b465ee728b)  -> (artifact id: 'c953e11421c88a30a258aaad006cb42c') in 0.101746 seconds 
========================================================================
Received Import Request.
  Time since last request: 4.851551 seconds.
  path: Assets/polyperfect/Low Poly Icon Pack/Images/_Icons/Money/icon_money_LP.png
  artifactKey: Guid(d1ccf60bc63cb1048a85ddac27cebb74) Importer(815301076,1909f56bfc062723c751e8b465ee728b)
Start importing Assets/polyperfect/Low Poly Icon Pack/Images/_Icons/Money/icon_money_LP.png using Guid(d1ccf60bc63cb1048a85ddac27cebb74) Importer(815301076,1909f56bfc062723c751e8b465ee728b)  -> (artifact id: 'f82f7a2c7dc4119ed222d4c71849b0fb') in 0.085366 seconds 
========================================================================
Received Import Request.
  Time since last request: 0.745462 seconds.
  path: Assets/polyperfect/Low Poly Icon Pack/Images/_Icons/Music/icon_drum-bass_LP.png
  artifactKey: Guid(76ddab1950f7bd34aad54f057c445eec) Importer(815301076,1909f56bfc062723c751e8b465ee728b)
Start importing Assets/polyperfect/Low Poly Icon Pack/Images/_Icons/Music/icon_drum-bass_LP.png using Guid(76ddab1950f7bd34aad54f057c445eec) Importer(815301076,1909f56bfc062723c751e8b465ee728b)  -> (artifact id: 'ffd53c33641d539f73d878a1d99971dd') in 0.086982 seconds 
========================================================================
Received Import Request.
  Time since last request: 0.000030 seconds.
  path: Assets/polyperfect/Low Poly Icon Pack/Images/_Icons/Music/icon_lute_LP.png
  artifactKey: Guid(f808bc916a87d7240b9ad1361c28d8f7) Importer(815301076,1909f56bfc062723c751e8b465ee728b)
Start importing Assets/polyperfect/Low Poly Icon Pack/Images/_Icons/Music/icon_lute_LP.png using Guid(f808bc916a87d7240b9ad1361c28d8f7) Importer(815301076,1909f56bfc062723c751e8b465ee728b)  -> (artifact id: '46b083c5721c4090a1e075130f24dfa6') in 0.075832 seconds 
========================================================================
Received Import Request.
  Time since last request: 4.185446 seconds.
  path: Assets/polyperfect/Low Poly Icon Pack/Images/_Icons/Space/icon_moon_LP.png
  artifactKey: Guid(07d9b7cd3131ca64e955e3e21044deb1) Importer(815301076,1909f56bfc062723c751e8b465ee728b)
Start importing Assets/polyperfect/Low Poly Icon Pack/Images/_Icons/Space/icon_moon_LP.png using Guid(07d9b7cd3131ca64e955e3e21044deb1) Importer(815301076,1909f56bfc062723c751e8b465ee728b)  -> (artifact id: '7a2021cc6049e08ae782fa7ccb91fcb6') in 0.079850 seconds 
========================================================================
Received Import Request.
  Time since last request: 0.000029 seconds.
  path: Assets/polyperfect/Low Poly Icon Pack/Images/_Icons/Space/icon_ufo_LP.png
  artifactKey: Guid(86b2ce5207208904092fe66b59bc5fbf) Importer(815301076,1909f56bfc062723c751e8b465ee728b)
Start importing Assets/polyperfect/Low Poly Icon Pack/Images/_Icons/Space/icon_ufo_LP.png using Guid(86b2ce5207208904092fe66b59bc5fbf) Importer(815301076,1909f56bfc062723c751e8b465ee728b)  -> (artifact id: '2059bebd9bf8a9ccdd17d2e48118f464') in 0.073432 seconds 
========================================================================
Received Import Request.
  Time since last request: 0.508251 seconds.
  path: Assets/polyperfect/Low Poly Icon Pack/Images/_Icons/Scifi/icon_scifi-belt_LP.png
  artifactKey: Guid(30846ed42d0809a43a81835c58c7b053) Importer(815301076,1909f56bfc062723c751e8b465ee728b)
Start importing Assets/polyperfect/Low Poly Icon Pack/Images/_Icons/Scifi/icon_scifi-belt_LP.png using Guid(30846ed42d0809a43a81835c58c7b053) Importer(815301076,1909f56bfc062723c751e8b465ee728b)  -> (artifact id: '521254a0ae28cc9fc227209edf313f45') in 0.122008 seconds 
========================================================================
Received Import Request.
  Time since last request: 0.000029 seconds.
  path: Assets/polyperfect/Low Poly Icon Pack/Images/_Icons/Scifi/icon_scifi-chemistry-lab_LP.png
  artifactKey: Guid(eaf6236b81fa6bf4fb98560f98bead77) Importer(815301076,1909f56bfc062723c751e8b465ee728b)
Start importing Assets/polyperfect/Low Poly Icon Pack/Images/_Icons/Scifi/icon_scifi-chemistry-lab_LP.png using Guid(eaf6236b81fa6bf4fb98560f98bead77) Importer(815301076,1909f56bfc062723c751e8b465ee728b)  -> (artifact id: 'd9283e86a4b259857f5e5ae9b420e3b6') in 0.077615 seconds 
========================================================================
Received Import Request.
  Time since last request: 0.000038 seconds.
  path: Assets/polyperfect/Low Poly Icon Pack/Images/_Icons/Scifi/icon_solar-panel_LP.png
  artifactKey: Guid(71e5e46f867996a4e9841b5a5deabec6) Importer(815301076,1909f56bfc062723c751e8b465ee728b)
Start importing Assets/polyperfect/Low Poly Icon Pack/Images/_Icons/Scifi/icon_solar-panel_LP.png using Guid(71e5e46f867996a4e9841b5a5deabec6) Importer(815301076,1909f56bfc062723c751e8b465ee728b)  -> (artifact id: '202ae48e785dbd8b51d519b60ab0f967') in 0.081025 seconds 
========================================================================
Received Import Request.
  Time since last request: 0.000036 seconds.
  path: Assets/polyperfect/Low Poly Icon Pack/Images/_Icons/Scifi/icon_scifi-oxygen-generator-LP.png
  artifactKey: Guid(1d18974856616174cb0fa212deb534e6) Importer(815301076,1909f56bfc062723c751e8b465ee728b)
Start importing Assets/polyperfect/Low Poly Icon Pack/Images/_Icons/Scifi/icon_scifi-oxygen-generator-LP.png using Guid(1d18974856616174cb0fa212deb534e6) Importer(815301076,1909f56bfc062723c751e8b465ee728b)  -> (artifact id: '767520c08f897c9b2ffd08acad41fe6b') in 0.075656 seconds 
========================================================================
Received Import Request.
  Time since last request: 2.951399 seconds.
  path: Assets/polyperfect/Low Poly Icon Pack/Images/_Icons/UI/icon_ui-arrow-left_LP.png
  artifactKey: Guid(cde0d6ed1df301547a385b76cb030ce8) Importer(815301076,1909f56bfc062723c751e8b465ee728b)
Start importing Assets/polyperfect/Low Poly Icon Pack/Images/_Icons/UI/icon_ui-arrow-left_LP.png using Guid(cde0d6ed1df301547a385b76cb030ce8) Importer(815301076,1909f56bfc062723c751e8b465ee728b)  -> (artifact id: 'e62650f09c2aae507e66927bb76d1ca2') in 0.105663 seconds 
========================================================================
Received Import Request.
  Time since last request: 0.000035 seconds.
  path: Assets/polyperfect/Low Poly Icon Pack/Images/_Icons/UI/icon_ui-gear-wheel-gold_LP.png
  artifactKey: Guid(f3d2856878813cf488b93bca4e0884bc) Importer(815301076,1909f56bfc062723c751e8b465ee728b)
Start importing Assets/polyperfect/Low Poly Icon Pack/Images/_Icons/UI/icon_ui-gear-wheel-gold_LP.png using Guid(f3d2856878813cf488b93bca4e0884bc) Importer(815301076,1909f56bfc062723c751e8b465ee728b)  -> (artifact id: '7357f09f08a30e2f2f61a69ea2ca9712') in 0.111223 seconds 
========================================================================
Received Import Request.
  Time since last request: 0.008997 seconds.
  path: Assets/polyperfect/Low Poly Icon Pack/Images/_Icons/UI/icon_ui-plus_LP.png
  artifactKey: Guid(892c2a2d06d22a0429c8f85d9654fe13) Importer(815301076,1909f56bfc062723c751e8b465ee728b)
Start importing Assets/polyperfect/Low Poly Icon Pack/Images/_Icons/UI/icon_ui-plus_LP.png using Guid(892c2a2d06d22a0429c8f85d9654fe13) Importer(815301076,1909f56bfc062723c751e8b465ee728b)  -> (artifact id: '0c0523ef1d486ae0cb64a9b0d3d4c102') in 0.062810 seconds 
========================================================================
Received Import Request.
  Time since last request: 0.287012 seconds.
  path: Assets/polyperfect/Low Poly Icon Pack/Images/_Icons/Weapons/icon_arrow-modern_LP.png
  artifactKey: Guid(4576de3ba532ce9458d194390b003857) Importer(815301076,1909f56bfc062723c751e8b465ee728b)
Start importing Assets/polyperfect/Low Poly Icon Pack/Images/_Icons/Weapons/icon_arrow-modern_LP.png using Guid(4576de3ba532ce9458d194390b003857) Importer(815301076,1909f56bfc062723c751e8b465ee728b)  -> (artifact id: 'edf21f2c5f3d52180de4cb3b3db882d5') in 0.091979 seconds 
========================================================================
Received Import Request.
  Time since last request: 0.000024 seconds.
  path: Assets/polyperfect/Low Poly Icon Pack/Images/_Icons/Weapons/icon_pistol_LP.png
  artifactKey: Guid(60e089a2618003647aca28f4b5376b67) Importer(815301076,1909f56bfc062723c751e8b465ee728b)
Start importing Assets/polyperfect/Low Poly Icon Pack/Images/_Icons/Weapons/icon_pistol_LP.png using Guid(60e089a2618003647aca28f4b5376b67) Importer(815301076,1909f56bfc062723c751e8b465ee728b)  -> (artifact id: '400ca2dd7fe74b9305c95f8665d55252') in 0.070695 seconds 
========================================================================
Received Import Request.
  Time since last request: 0.000031 seconds.
  path: Assets/polyperfect/Low Poly Icon Pack/Images/_Icons/Weapons/icon_rpg_LP.png
  artifactKey: Guid(9b7f0575d502f7d4d9ac3774114643e0) Importer(815301076,1909f56bfc062723c751e8b465ee728b)
Start importing Assets/polyperfect/Low Poly Icon Pack/Images/_Icons/Weapons/icon_rpg_LP.png using Guid(9b7f0575d502f7d4d9ac3774114643e0) Importer(815301076,1909f56bfc062723c751e8b465ee728b)  -> (artifact id: '5a21c4de078fefb7e183566e33f59555') in 0.072878 seconds 
========================================================================
Received Import Request.
  Time since last request: 0.000027 seconds.
  path: Assets/polyperfect/Low Poly Icon Pack/Images/_Icons/Weapons/icon_m4_LP.png
  artifactKey: Guid(a3b3c1c09c08cdb4390f35d808eb3e15) Importer(815301076,1909f56bfc062723c751e8b465ee728b)
Start importing Assets/polyperfect/Low Poly Icon Pack/Images/_Icons/Weapons/icon_m4_LP.png using Guid(a3b3c1c09c08cdb4390f35d808eb3e15) Importer(815301076,1909f56bfc062723c751e8b465ee728b)  -> (artifact id: '94974b0dabc2ac68c1518daaa79b1600') in 0.096096 seconds 
========================================================================
Received Import Request.
  Time since last request: 0.000025 seconds.
  path: Assets/polyperfect/Low Poly Icon Pack/Images/_Icons/Weapons/icon_sword-pirate_LP.png
  artifactKey: Guid(372e3ae982fa0af4e89deea4061dbfac) Importer(815301076,1909f56bfc062723c751e8b465ee728b)
Start importing Assets/polyperfect/Low Poly Icon Pack/Images/_Icons/Weapons/icon_sword-pirate_LP.png using Guid(372e3ae982fa0af4e89deea4061dbfac) Importer(815301076,1909f56bfc062723c751e8b465ee728b)  -> (artifact id: '1f235d9a07b0082a050cc8281c544949') in 0.058548 seconds 
========================================================================
Received Import Request.
  Time since last request: 1.414131 seconds.
  path: Assets/polyperfect/Low Poly Icon Pack/Images/_Special/polyperfect-logo.png
  artifactKey: Guid(02ef99314a85c3441ba2a88f01bc75ed) Importer(815301076,1909f56bfc062723c751e8b465ee728b)
Start importing Assets/polyperfect/Low Poly Icon Pack/Images/_Special/polyperfect-logo.png using Guid(02ef99314a85c3441ba2a88f01bc75ed) Importer(815301076,1909f56bfc062723c751e8b465ee728b)  -> (artifact id: 'c4f3c24774f04e671f458e0fd147f12b') in 0.049634 seconds 
Editor requested this worker to shutdown with reason: Scaling down because of idle timeout
AssetImportWorker is now disconnected from the server
Process exiting
Exiting without the bug reporter. Application will terminate with return code 0