Using pre-set license
Built from '2021.3/staging' branch; Version is '2021.3.6f1 (7da38d85baf6) revision 8233869'; Using compiler version '192829333'; Build Type 'Release'
OS: 'Windows 10  (10.0.19043) 64bit Professional' Language: 'ko' Physical Memory: 48961 MB
BatchMode: 1, IsHumanControllingUs: 0, StartBugReporterOnCrash: 0, Is64bit: 1, IsPro: 1

COMMAND LINE ARGUMENTS:
C:\Program Files\Unity\Hub\Editor\2021.3.6f1\Editor\Unity.exe
-adb2
-batchMode
-noUpm
-name
AssetImportWorker14
-projectPath
C:/Users/ajffj/Desktop/CardWorld/GameProject
-logFile
Logs/AssetImportWorker14.log
-srvPort
9227
Successfully changed project path to: C:/Users/ajffj/Desktop/CardWorld/GameProject
C:/Users/ajffj/Desktop/CardWorld/GameProject
[UnityMemory] Configuration Parameters - Can be set up in boot.config
    "memorysetup-bucket-allocator-granularity=16"
    "memorysetup-bucket-allocator-bucket-count=8"
    "memorysetup-bucket-allocator-block-size=33554432"
    "memorysetup-bucket-allocator-block-count=8"
    "memorysetup-main-allocator-block-size=16777216"
    "memorysetup-thread-allocator-block-size=16777216"
    "memorysetup-gfx-main-allocator-block-size=16777216"
    "memorysetup-gfx-thread-allocator-block-size=16777216"
    "memorysetup-cache-allocator-block-size=4194304"
    "memorysetup-typetree-allocator-block-size=2097152"
    "memorysetup-profiler-bucket-allocator-granularity=16"
    "memorysetup-profiler-bucket-allocator-bucket-count=8"
    "memorysetup-profiler-bucket-allocator-block-size=33554432"
    "memorysetup-profiler-bucket-allocator-block-count=8"
    "memorysetup-profiler-allocator-block-size=16777216"
    "memorysetup-profiler-editor-allocator-block-size=1048576"
    "memorysetup-temp-allocator-size-main=16777216"
    "memorysetup-job-temp-allocator-block-size=2097152"
    "memorysetup-job-temp-allocator-block-size-background=1048576"
    "memorysetup-job-temp-allocator-reduction-small-platforms=262144"
    "memorysetup-temp-allocator-size-background-worker=32768"
    "memorysetup-temp-allocator-size-job-worker=262144"
    "memorysetup-temp-allocator-size-preload-manager=33554432"
    "memorysetup-temp-allocator-size-nav-mesh-worker=65536"
    "memorysetup-temp-allocator-size-audio-worker=65536"
    "memorysetup-temp-allocator-size-cloud-worker=32768"
    "memorysetup-temp-allocator-size-gi-baking-worker=262144"
    "memorysetup-temp-allocator-size-gfx=262144"
Refreshing native plugins compatible for Editor in 157.18 ms, found 4 plugins.
Preloading 0 native plugins for Editor in 0.00 ms.
Initialize engine version: 2021.3.6f1 (7da38d85baf6)
[Subsystems] Discovering subsystems at path C:/Program Files/Unity/Hub/Editor/2021.3.6f1/Editor/Data/Resources/UnitySubsystems
[Subsystems] Discovering subsystems at path C:/Users/ajffj/Desktop/CardWorld/GameProject/Assets
GfxDevice: creating device client; threaded=0; jobified=0
Direct3D:
    Version:  Direct3D 11.0 [level 11.1]
    Renderer: NVIDIA GeForce RTX 3070 (ID=0x2484)
    Vendor:   NVIDIA
    VRAM:     8043 MB
    Driver:   31.0.15.1748
Initialize mono
Mono path[0] = 'C:/Program Files/Unity/Hub/Editor/2021.3.6f1/Editor/Data/Managed'
Mono path[1] = 'C:/Program Files/Unity/Hub/Editor/2021.3.6f1/Editor/Data/MonoBleedingEdge/lib/mono/unityjit-win32'
Mono config path = 'C:/Program Files/Unity/Hub/Editor/2021.3.6f1/Editor/Data/MonoBleedingEdge/etc'
Using monoOptions --debugger-agent=transport=dt_socket,embedding=1,server=y,suspend=n,address=127.0.0.1:56400
Begin MonoManager ReloadAssembly
Registering precompiled unity dll's ...
Register platform support module: C:/Program Files/Unity/Hub/Editor/2021.3.6f1/Editor/Data/PlaybackEngines/WindowsStandaloneSupport/UnityEditor.WindowsStandalone.Extensions.dll
Registered in 0.049668 seconds.
Native extension for WindowsStandalone target not found
Refreshing native plugins compatible for Editor in 120.23 ms, found 4 plugins.
Preloading 0 native plugins for Editor in 0.00 ms.
Mono: successfully reloaded assembly
- Completed reload, in  0.931 seconds
Domain Reload Profiling:
	ReloadAssembly (931ms)
		BeginReloadAssembly (148ms)
			ExecutionOrderSort (0ms)
			DisableScriptedObjects (0ms)
			BackupInstance (0ms)
			ReleaseScriptingObjects (0ms)
			CreateAndSetChildDomain (1ms)
		EndReloadAssembly (561ms)
			LoadAssemblies (144ms)
			RebuildTransferFunctionScriptingTraits (0ms)
			SetupTypeCache (121ms)
			ReleaseScriptCaches (0ms)
			RebuildScriptCaches (32ms)
			SetupLoadedEditorAssemblies (339ms)
				LogAssemblyErrors (0ms)
				InitializePlatformSupportModulesInManaged (12ms)
				SetLoadedEditorAssemblies (0ms)
				RefreshPlugins (120ms)
				BeforeProcessingInitializeOnLoad (2ms)
				ProcessInitializeOnLoadAttributes (139ms)
				ProcessInitializeOnLoadMethodAttributes (66ms)
				AfterProcessingInitializeOnLoad (0ms)
				EditorAssembliesLoaded (0ms)
			ExecutionOrderSort2 (0ms)
			AwakeInstancesAfterBackupRestoration (0ms)
Platform modules already initialized, skipping
Registering precompiled user dll's ...
Registered in 0.017196 seconds.
Begin MonoManager ReloadAssembly
Symbol file LoadedFromMemory doesn't match image C:\Users\ajffj\Desktop\CardWorld\GameProject\Library\PackageCache\com.unity.visualscripting@1.7.8\Editor\VisualScripting.Core\Dependencies\YamlDotNet\Unity.VisualScripting.YamlDotNet.dll
Symbol file LoadedFromMemory doesn't match image C:\Users\ajffj\Desktop\CardWorld\GameProject\Library\PackageCache\com.unity.visualscripting@1.7.8\Editor\VisualScripting.Core\Dependencies\DotNetZip\Unity.VisualScripting.IonicZip.dll
Native extension for WindowsStandalone target not found
Refreshing native plugins compatible for Editor in 118.08 ms, found 4 plugins.
Preloading 0 native plugins for Editor in 0.00 ms.
Mono: successfully reloaded assembly
- Completed reload, in  1.458 seconds
Domain Reload Profiling:
	ReloadAssembly (1459ms)
		BeginReloadAssembly (138ms)
			ExecutionOrderSort (0ms)
			DisableScriptedObjects (6ms)
			BackupInstance (0ms)
			ReleaseScriptingObjects (0ms)
			CreateAndSetChildDomain (20ms)
		EndReloadAssembly (1170ms)
			LoadAssemblies (132ms)
			RebuildTransferFunctionScriptingTraits (0ms)
			SetupTypeCache (279ms)
			ReleaseScriptCaches (1ms)
			RebuildScriptCaches (67ms)
			SetupLoadedEditorAssemblies (625ms)
				LogAssemblyErrors (0ms)
				InitializePlatformSupportModulesInManaged (8ms)
				SetLoadedEditorAssemblies (0ms)
				RefreshPlugins (118ms)
				BeforeProcessingInitializeOnLoad (141ms)
				ProcessInitializeOnLoadAttributes (285ms)
				ProcessInitializeOnLoadMethodAttributes (53ms)
				AfterProcessingInitializeOnLoad (19ms)
				EditorAssembliesLoaded (0ms)
			ExecutionOrderSort2 (0ms)
			AwakeInstancesAfterBackupRestoration (20ms)
Platform modules already initialized, skipping
========================================================================
Worker process is ready to serve import requests
Launched and connected shader compiler UnityShaderCompiler.exe after 0.06 seconds
Refreshing native plugins compatible for Editor in 0.91 ms, found 4 plugins.
Preloading 0 native plugins for Editor in 0.00 ms.
Unloading 4115 Unused Serialized files (Serialized files now loaded: 0)
Unloading 44 unused Assets / (222.6 KB). Loaded Objects now: 4579.
Memory consumption went from 165.5 MB to 165.2 MB.
Total: 4.200800 ms (FindLiveObjects: 0.549100 ms CreateObjectMapping: 0.172400 ms MarkObjects: 3.282900 ms  DeleteObjects: 0.195100 ms)

AssetImportParameters requested are different than current active one (requested -> active):
  custom:video-decoder-ogg-theora: a1e56fd34408186e4bbccfd4996cb3dc -> 
  custom:container-muxer-webm: aa71ff27fc2769a1b78a27578f13a17b -> 
  custom:container-demuxer-webm: 4f35f7cbe854078d1ac9338744f61a02 -> 
  custom:video-encoder-webm-vp8: eb34c28f22e8b96e1ab97ce403110664 -> 
  custom:video-codec-MediaFoundation-h265: 746d11721c4dcdbdad8f713fa42b33f4 -> 
  custom:audio-encoder-webm-vorbis: bf7c407c2cedff20999df2af8eb42d56 -> 
  custom:framework-win-MediaFoundation: 216162199b28c13a410421893ffa2e32 -> 
  custom:container-demuxer-ogg: 62fdf1f143b41e24485cea50d1cbac27 -> 
  custom:video-decoder-webm-vp8: 9c59270c3fd7afecdb556c50c9e8de78 -> 
  custom:audio-decoder-ogg-vorbis: bf7c407c2cedff20999df2af8eb42d56 -> 
========================================================================
Received Import Request.
  Time since last request: 956468.310757 seconds.
  path: Assets/polyperfect/Low Poly Icon Pack/Images/_Icons/Food/icon_cheese-slice_LP.png
  artifactKey: Guid(0d831956de1d2aa44ae1ca4eabb2ad94) Importer(815301076,1909f56bfc062723c751e8b465ee728b)
Start importing Assets/polyperfect/Low Poly Icon Pack/Images/_Icons/Food/icon_cheese-slice_LP.png using Guid(0d831956de1d2aa44ae1ca4eabb2ad94) Importer(815301076,1909f56bfc062723c751e8b465ee728b)  -> (artifact id: '5c79ba62db3f7a523aa1c725c8350be7') in 0.429802 seconds 
========================================================================
Received Import Request.
  Time since last request: 0.000026 seconds.
  path: Assets/polyperfect/Low Poly Icon Pack/Images/_Icons/Food/icon_donut-pink_LP.png
  artifactKey: Guid(70dc0867a1fb9fb4b99db1c8114867a7) Importer(815301076,1909f56bfc062723c751e8b465ee728b)
Start importing Assets/polyperfect/Low Poly Icon Pack/Images/_Icons/Food/icon_donut-pink_LP.png using Guid(70dc0867a1fb9fb4b99db1c8114867a7) Importer(815301076,1909f56bfc062723c751e8b465ee728b)  -> (artifact id: '9bdbe65b0d8e73ce90edf1dee225134b') in 0.081985 seconds 
========================================================================
Received Import Request.
  Time since last request: 0.000034 seconds.
  path: Assets/polyperfect/Low Poly Icon Pack/Images/_Icons/Food/icon_sushi_LP.png
  artifactKey: Guid(d78f0d28bfca86f4e8dda862393ca267) Importer(815301076,1909f56bfc062723c751e8b465ee728b)
Start importing Assets/polyperfect/Low Poly Icon Pack/Images/_Icons/Food/icon_sushi_LP.png using Guid(d78f0d28bfca86f4e8dda862393ca267) Importer(815301076,1909f56bfc062723c751e8b465ee728b)  -> (artifact id: '1c84a83102f92d4e1343ebdb452deaf6') in 0.074755 seconds 
========================================================================
Received Import Request.
  Time since last request: 5.675975 seconds.
  path: Assets/polyperfect/Low Poly Icon Pack/Images/_Icons/Music/icon_guitar-electric-country_LP.png
  artifactKey: Guid(2b7e4e24796952f44a363601c4991aa1) Importer(815301076,1909f56bfc062723c751e8b465ee728b)
Start importing Assets/polyperfect/Low Poly Icon Pack/Images/_Icons/Music/icon_guitar-electric-country_LP.png using Guid(2b7e4e24796952f44a363601c4991aa1) Importer(815301076,1909f56bfc062723c751e8b465ee728b)  -> (artifact id: '04a0ebe921276075fe3345f3a8b434eb') in 0.111439 seconds 
========================================================================
Received Import Request.
  Time since last request: 0.000031 seconds.
  path: Assets/polyperfect/Low Poly Icon Pack/Images/_Icons/Music/icon_music-record_LP.png
  artifactKey: Guid(7e26328a045a66d44a3c6b2eda164937) Importer(815301076,1909f56bfc062723c751e8b465ee728b)
Start importing Assets/polyperfect/Low Poly Icon Pack/Images/_Icons/Music/icon_music-record_LP.png using Guid(7e26328a045a66d44a3c6b2eda164937) Importer(815301076,1909f56bfc062723c751e8b465ee728b)  -> (artifact id: '1e15be2d73063b570e742ba76d39b5bb') in 0.087484 seconds 
========================================================================
Received Import Request.
  Time since last request: 4.153420 seconds.
  path: Assets/polyperfect/Low Poly Icon Pack/Images/_Icons/Space/icon_rocket-module_LP.png
  artifactKey: Guid(0c68f51cbc84ce44f91865c55803de63) Importer(815301076,1909f56bfc062723c751e8b465ee728b)
Start importing Assets/polyperfect/Low Poly Icon Pack/Images/_Icons/Space/icon_rocket-module_LP.png using Guid(0c68f51cbc84ce44f91865c55803de63) Importer(815301076,1909f56bfc062723c751e8b465ee728b)  -> (artifact id: '614c3e3ebb0f07fb53bdee731b71e377') in 0.093336 seconds 
========================================================================
Received Import Request.
  Time since last request: 0.570558 seconds.
  path: Assets/polyperfect/Low Poly Icon Pack/Images/_Icons/Scifi/icon_scifi-buggy-wheel_LP.png
  artifactKey: Guid(e1f405656602a114fbd2a62b6d12b41a) Importer(815301076,1909f56bfc062723c751e8b465ee728b)
Start importing Assets/polyperfect/Low Poly Icon Pack/Images/_Icons/Scifi/icon_scifi-buggy-wheel_LP.png using Guid(e1f405656602a114fbd2a62b6d12b41a) Importer(815301076,1909f56bfc062723c751e8b465ee728b)  -> (artifact id: '27ac1426e5e52be9c1ef1d3851d1398f') in 0.085920 seconds 
========================================================================
Received Import Request.
  Time since last request: 0.000028 seconds.
  path: Assets/polyperfect/Low Poly Icon Pack/Images/_Icons/Scifi/icon_scifi-robotic-arm-LP.png
  artifactKey: Guid(b2e613a8b14d8544b9870ebf4a455080) Importer(815301076,1909f56bfc062723c751e8b465ee728b)
Start importing Assets/polyperfect/Low Poly Icon Pack/Images/_Icons/Scifi/icon_scifi-robotic-arm-LP.png using Guid(b2e613a8b14d8544b9870ebf4a455080) Importer(815301076,1909f56bfc062723c751e8b465ee728b)  -> (artifact id: '0b684cac40cce684644ab308e4227778') in 0.083373 seconds 
========================================================================
Received Import Request.
  Time since last request: 0.000038 seconds.
  path: Assets/polyperfect/Low Poly Icon Pack/Images/_Icons/Scifi/icon_scifi-smelter-LP.png
  artifactKey: Guid(2665d032367fc9f40aa95b5eca104a26) Importer(815301076,1909f56bfc062723c751e8b465ee728b)
Start importing Assets/polyperfect/Low Poly Icon Pack/Images/_Icons/Scifi/icon_scifi-smelter-LP.png using Guid(2665d032367fc9f40aa95b5eca104a26) Importer(815301076,1909f56bfc062723c751e8b465ee728b)  -> (artifact id: '247937673ccb6b68318239487dbe8ae8') in 0.094303 seconds 
========================================================================
Received Import Request.
  Time since last request: 0.000032 seconds.
  path: Assets/polyperfect/Low Poly Icon Pack/Images/_Icons/Scifi/icon_scifi-door-metal_LP.png
  artifactKey: Guid(6dfe6e2f00f0fe54fa514a05146449af) Importer(815301076,1909f56bfc062723c751e8b465ee728b)
Start importing Assets/polyperfect/Low Poly Icon Pack/Images/_Icons/Scifi/icon_scifi-door-metal_LP.png using Guid(6dfe6e2f00f0fe54fa514a05146449af) Importer(815301076,1909f56bfc062723c751e8b465ee728b)  -> (artifact id: '648068616526e6f930d1e3d200a88025') in 0.079034 seconds 
========================================================================
Received Import Request.
  Time since last request: 2.984669 seconds.
  path: Assets/polyperfect/Low Poly Icon Pack/Images/_Icons/UI/icon_ui-call_LP.png
  artifactKey: Guid(86effd796e3a5104e9b732301259281a) Importer(815301076,1909f56bfc062723c751e8b465ee728b)
Start importing Assets/polyperfect/Low Poly Icon Pack/Images/_Icons/UI/icon_ui-call_LP.png using Guid(86effd796e3a5104e9b732301259281a) Importer(815301076,1909f56bfc062723c751e8b465ee728b)  -> (artifact id: 'd8e0f9f03255ee5d314079d831159e9d') in 0.115203 seconds 
========================================================================
Received Import Request.
  Time since last request: 0.000024 seconds.
  path: Assets/polyperfect/Low Poly Icon Pack/Images/_Icons/UI/icon_ui-gear-wheels_LP.png
  artifactKey: Guid(b1abe14b6313a2741a0036f95137b959) Importer(815301076,1909f56bfc062723c751e8b465ee728b)
Start importing Assets/polyperfect/Low Poly Icon Pack/Images/_Icons/UI/icon_ui-gear-wheels_LP.png using Guid(b1abe14b6313a2741a0036f95137b959) Importer(815301076,1909f56bfc062723c751e8b465ee728b)  -> (artifact id: '59183218c0b6857d9f8c57834fc8c457') in 0.096318 seconds 
========================================================================
Received Import Request.
  Time since last request: 0.361640 seconds.
  path: Assets/polyperfect/Low Poly Icon Pack/Images/_Icons/Weapons/icon_bow-modern_LP.png
  artifactKey: Guid(6043467a9745b22479a018779aa0b23f) Importer(815301076,1909f56bfc062723c751e8b465ee728b)
Start importing Assets/polyperfect/Low Poly Icon Pack/Images/_Icons/Weapons/icon_bow-modern_LP.png using Guid(6043467a9745b22479a018779aa0b23f) Importer(815301076,1909f56bfc062723c751e8b465ee728b)  -> (artifact id: 'abf89ab628840936317ec215a397ef3b') in 0.105662 seconds 
========================================================================
Received Import Request.
  Time since last request: 0.000050 seconds.
  path: Assets/polyperfect/Low Poly Icon Pack/Images/_Icons/Weapons/icon_revolver_LP.png
  artifactKey: Guid(2dbe7361d61e61446bbabc6357aa83c7) Importer(815301076,1909f56bfc062723c751e8b465ee728b)
Start importing Assets/polyperfect/Low Poly Icon Pack/Images/_Icons/Weapons/icon_revolver_LP.png using Guid(2dbe7361d61e61446bbabc6357aa83c7) Importer(815301076,1909f56bfc062723c751e8b465ee728b)  -> (artifact id: '08715117a9def2960a86dd5734320411') in 0.085869 seconds 
========================================================================
Received Import Request.
  Time since last request: 0.001887 seconds.
  path: Assets/polyperfect/Low Poly Icon Pack/Images/_Icons/Weapons/icon_bow_LP.png
  artifactKey: Guid(c298569e70fb61445942a6233593f916) Importer(815301076,1909f56bfc062723c751e8b465ee728b)
Start importing Assets/polyperfect/Low Poly Icon Pack/Images/_Icons/Weapons/icon_bow_LP.png using Guid(c298569e70fb61445942a6233593f916) Importer(815301076,1909f56bfc062723c751e8b465ee728b)  -> (artifact id: '83c7832a89b0ddb995e84e4f5250066f') in 0.083457 seconds 
========================================================================
Received Import Request.
  Time since last request: 0.001810 seconds.
  path: Assets/polyperfect/Low Poly Icon Pack/Images/_Icons/Weapons/icon_pistol-bullets-special_LP.png
  artifactKey: Guid(9553a3907a34a4441b7517e31a207462) Importer(815301076,1909f56bfc062723c751e8b465ee728b)
Start importing Assets/polyperfect/Low Poly Icon Pack/Images/_Icons/Weapons/icon_pistol-bullets-special_LP.png using Guid(9553a3907a34a4441b7517e31a207462) Importer(815301076,1909f56bfc062723c751e8b465ee728b)  -> (artifact id: '66f43b4bc7f81ac1185c2e3792535574') in 0.075183 seconds 
Editor requested this worker to shutdown with reason: Scaling down because of idle timeout
AssetImportWorker is now disconnected from the server
Process exiting
Exiting without the bug reporter. Application will terminate with return code 0